[2022-05-04 13:26:40,903] - logger.py] - INFO: 数据查询成功，时间为Wed May  4 13:26:40 2022
[2022-05-04 13:27:23,732] - logger.py] - INFO: 数据查询成功，时间为Wed May  4 13:27:23 2022
[2022-05-04 13:27:45,735] - logger.py] - INFO: 数据查询成功，时间为Wed May  4 13:27:45 2022
[2022-05-04 13:29:38,695] - logger.py] - INFO: 数据查询成功，时间为Wed May  4 13:29:38 2022
[2022-05-04 22:35:11,069] - logger.py] - INFO: 登录接口用例开始执行
[2022-05-04 22:35:11,069] - logger.py] - INFO: 验证接口请求成功
[2022-05-04 22:35:11,117] - logger.py] - INFO: 接口请求成功
[2022-05-04 22:35:11,117] - logger.py] - INFO: 接口返回状态断言成功，状态码为200
[2022-05-04 22:35:11,118] - logger.py] - INFO: 响应体msg信息断言成功
[2022-05-04 22:35:11,118] - logger.py] - INFO: 响应体状态码断言成功，状态码为200
[2022-05-04 22:35:11,118] - logger.py] - INFO: 登录接口用例执行结束
[2022-05-04 22:36:43,040] - logger.py] - INFO: 登录接口用例开始执行
[2022-05-04 22:36:43,041] - logger.py] - INFO: 验证接口请求成功
[2022-05-04 22:36:43,082] - logger.py] - INFO: 接口请求成功
[2022-05-04 22:36:43,082] - logger.py] - INFO: 接口返回状态断言成功，状态码为200
[2022-05-04 22:36:43,082] - logger.py] - INFO: 响应体msg信息断言成功
[2022-05-04 22:36:43,083] - logger.py] - INFO: 响应体状态码断言成功，状态码为200
[2022-05-04 22:36:43,083] - logger.py] - INFO: 登录接口用例执行结束
[2022-05-04 22:38:06,659] - logger.py] - INFO: 登录接口用例开始执行
[2022-05-04 22:38:06,660] - logger.py] - INFO: 验证接口请求成功
[2022-05-04 22:38:06,695] - logger.py] - INFO: 接口请求成功
[2022-05-04 22:38:06,695] - logger.py] - INFO: 接口返回状态断言成功，状态码为200
[2022-05-04 22:38:06,695] - logger.py] - INFO: 响应体msg信息断言成功
[2022-05-04 22:38:06,696] - logger.py] - INFO: 响应体状态码断言成功，状态码为200
[2022-05-04 22:38:06,696] - logger.py] - INFO: 登录接口用例执行结束
[2022-05-04 22:39:13,418] - logger.py] - INFO: 登录接口用例开始执行
[2022-05-04 22:39:13,419] - logger.py] - INFO: 验证接口请求成功
[2022-05-04 22:39:13,466] - logger.py] - INFO: 接口请求成功
[2022-05-04 22:39:13,466] - logger.py] - INFO: 接口返回状态断言成功，状态码为200
[2022-05-04 22:39:13,467] - logger.py] - INFO: 响应体msg信息断言成功
[2022-05-04 22:39:13,467] - logger.py] - INFO: 响应体状态码断言成功，状态码为200
[2022-05-04 22:39:13,467] - logger.py] - INFO: 验证接口登录成功
[2022-05-04 22:39:13,468] - logger.py] - INFO: 登录接口用例执行结束
[2022-05-04 22:39:30,151] - logger.py] - INFO: 登录接口用例开始执行
[2022-05-04 22:39:30,151] - logger.py] - INFO: 验证接口请求成功
[2022-05-04 22:39:30,189] - logger.py] - INFO: 接口请求成功
[2022-05-04 22:39:30,190] - logger.py] - INFO: 接口返回状态断言成功，状态码为200
[2022-05-04 22:39:30,190] - logger.py] - INFO: 响应体msg信息断言成功
[2022-05-04 22:39:30,190] - logger.py] - INFO: 响应体状态码断言成功，状态码为200
[2022-05-04 22:39:30,191] - logger.py] - INFO: 验证接口登录成功
[2022-05-04 22:39:30,191] - logger.py] - INFO: 登录接口用例执行结束
[2022-05-04 22:40:15,802] - logger.py] - INFO: 登录接口用例开始执行
[2022-05-04 22:40:15,802] - logger.py] - INFO: 验证接口请求成功
[2022-05-04 22:40:15,840] - logger.py] - INFO: 接口请求成功
[2022-05-04 22:40:15,840] - logger.py] - INFO: 接口返回状态断言成功，状态码为200
[2022-05-04 22:40:15,841] - logger.py] - INFO: 响应体msg信息断言成功
[2022-05-04 22:40:15,841] - logger.py] - INFO: 响应体状态码断言成功，状态码为200
[2022-05-04 22:40:15,841] - logger.py] - INFO: 验证接口登录成功
[2022-05-04 22:40:15,841] - logger.py] - INFO: 登录接口用例执行结束
[2022-05-04 22:40:51,880] - logger.py] - INFO: ----------
[2022-05-04 22:40:51,881] - logger.py] - INFO: 登录接口用例开始执行
[2022-05-04 22:40:51,881] - logger.py] - INFO: 验证接口请求成功
[2022-05-04 22:40:51,919] - logger.py] - INFO: 接口请求成功
[2022-05-04 22:40:51,920] - logger.py] - INFO: 接口返回状态断言成功，状态码为200
[2022-05-04 22:40:51,920] - logger.py] - INFO: 响应体msg信息断言成功
[2022-05-04 22:40:51,921] - logger.py] - INFO: 响应体状态码断言成功，状态码为200
[2022-05-04 22:40:51,921] - logger.py] - INFO: 验证接口登录成功
[2022-05-04 22:40:51,921] - logger.py] - INFO: 登录接口用例执行结束
[2022-05-04 22:40:51,922] - logger.py] - INFO: ----------
[2022-05-04 22:41:47,113] - logger.py] - INFO: ----------
[2022-05-04 22:41:47,113] - logger.py] - INFO: 登录接口用例开始执行
[2022-05-04 22:41:47,114] - logger.py] - INFO: 用例标题：验证接口请求成功
[2022-05-04 22:41:47,150] - logger.py] - INFO: 接口请求成功
[2022-05-04 22:41:47,151] - logger.py] - INFO: 接口返回状态断言成功，状态码为200
[2022-05-04 22:41:47,151] - logger.py] - INFO: 响应体msg信息断言成功
[2022-05-04 22:41:47,151] - logger.py] - INFO: 响应体状态码断言成功，状态码为200
[2022-05-04 22:41:47,152] - logger.py] - INFO: 验证接口登录成功
[2022-05-04 22:41:47,152] - logger.py] - INFO: 登录接口用例执行结束
[2022-05-04 22:41:47,152] - logger.py] - INFO: ----------
[2022-05-04 22:59:06,136] - logger.py] - INFO: ----------
[2022-05-04 22:59:06,137] - logger.py] - INFO: 登录接口用例开始执行
[2022-05-04 22:59:06,137] - logger.py] - INFO: 用例标题：验证登录接口请求成功
[2022-05-04 22:59:06,173] - logger.py] - INFO: 接口请求成功
[2022-05-04 22:59:06,173] - logger.py] - INFO: 接口返回状态断言成功，状态码为200
[2022-05-04 22:59:06,174] - logger.py] - INFO: 响应体msg信息断言成功
[2022-05-04 22:59:06,174] - logger.py] - INFO: 响应体状态码断言成功，状态码为200
[2022-05-04 22:59:06,175] - logger.py] - INFO: 验证接口登录成功
[2022-05-04 22:59:06,175] - logger.py] - INFO: 登录接口用例执行结束
[2022-05-04 22:59:06,175] - logger.py] - INFO: ----------
[2022-05-04 23:01:25,078] - logger.py] - INFO: ----------
[2022-05-04 23:01:25,079] - logger.py] - INFO: 登录接口用例开始执行
[2022-05-04 23:01:25,079] - logger.py] - INFO: 用例标题：验证登录接口请求成功
[2022-05-04 23:01:25,117] - logger.py] - INFO: 接口请求成功
[2022-05-04 23:01:25,118] - logger.py] - INFO: 接口返回状态断言成功，状态码为200
[2022-05-04 23:01:25,118] - logger.py] - INFO: 响应体msg信息断言成功
[2022-05-04 23:01:25,119] - logger.py] - INFO: 响应体状态码断言成功，状态码为200
[2022-05-04 23:01:25,119] - logger.py] - INFO: 验证接口登录成功
[2022-05-04 23:01:25,119] - logger.py] - INFO: 登录接口用例执行结束
[2022-05-04 23:01:25,120] - logger.py] - INFO: ----------
[2022-05-04 23:01:25,120] - logger.py] - INFO: ----------
[2022-05-04 23:01:25,120] - logger.py] - INFO: 登录接口用例开始执行
[2022-05-04 23:01:25,121] - logger.py] - INFO: 用例标题：验证用户名错误请求失败
[2022-05-04 23:01:25,135] - logger.py] - INFO: 接口请求成功
[2022-05-04 23:01:25,135] - logger.py] - INFO: 接口返回状态断言成功，状态码为200
[2022-05-04 23:01:25,136] - logger.py] - INFO: 响应体msg信息断言成功
[2022-05-04 23:01:25,136] - logger.py] - INFO: 响应体状态码断言成功，状态码为200
[2022-05-04 23:01:25,136] - logger.py] - INFO: 验证用户名错误请求失败成功
[2022-05-04 23:01:25,137] - logger.py] - INFO: 登录接口用例执行结束
[2022-05-04 23:01:25,137] - logger.py] - INFO: ----------
[2022-05-04 23:01:44,250] - logger.py] - INFO: 登录接口用例开始执行
[2022-05-04 23:01:44,251] - logger.py] - INFO: 用例标题：验证登录接口请求成功
[2022-05-04 23:01:44,292] - logger.py] - INFO: 接口请求成功
[2022-05-04 23:01:44,293] - logger.py] - INFO: 接口返回状态断言成功，状态码为200
[2022-05-04 23:01:44,293] - logger.py] - INFO: 响应体msg信息断言成功
[2022-05-04 23:01:44,294] - logger.py] - INFO: 响应体状态码断言成功，状态码为200
[2022-05-04 23:01:44,294] - logger.py] - INFO: 验证接口登录成功
[2022-05-04 23:01:44,294] - logger.py] - INFO: 登录接口用例执行结束
[2022-05-04 23:01:44,295] - logger.py] - INFO: ----------
[2022-05-04 23:01:44,295] - logger.py] - INFO: 登录接口用例开始执行
[2022-05-04 23:01:44,295] - logger.py] - INFO: 用例标题：验证用户名错误请求失败
[2022-05-04 23:01:44,306] - logger.py] - INFO: 接口请求成功
[2022-05-04 23:01:44,307] - logger.py] - INFO: 接口返回状态断言成功，状态码为200
[2022-05-04 23:01:44,307] - logger.py] - INFO: 响应体msg信息断言成功
[2022-05-04 23:01:44,307] - logger.py] - INFO: 响应体状态码断言成功，状态码为200
[2022-05-04 23:01:44,308] - logger.py] - INFO: 验证用户名错误请求失败成功
[2022-05-04 23:01:44,308] - logger.py] - INFO: 登录接口用例执行结束
[2022-05-04 23:01:44,308] - logger.py] - INFO: ----------
[2022-05-04 23:02:01,389] - logger.py] - INFO: 登录接口用例开始执行
[2022-05-04 23:02:01,390] - logger.py] - INFO: 用例标题：验证登录接口请求成功
[2022-05-04 23:02:01,425] - logger.py] - INFO: 接口请求成功
[2022-05-04 23:02:01,425] - logger.py] - INFO: 接口返回状态断言成功，状态码为200
[2022-05-04 23:02:01,426] - logger.py] - INFO: 响应体msg信息断言成功
[2022-05-04 23:02:01,426] - logger.py] - INFO: 响应体状态码断言成功，状态码为200
[2022-05-04 23:02:01,426] - logger.py] - INFO: 验证接口登录成功
[2022-05-04 23:02:01,427] - logger.py] - INFO: 登录接口用例执行结束
[2022-05-04 23:02:01,427] - logger.py] - INFO: ----------
[2022-05-04 23:02:01,427] - logger.py] - INFO: 登录接口用例开始执行
[2022-05-04 23:02:01,428] - logger.py] - INFO: 用例标题：验证用户名错误请求失败
[2022-05-04 23:02:01,440] - logger.py] - INFO: 接口请求成功
[2022-05-04 23:02:01,441] - logger.py] - INFO: 接口返回状态断言成功，状态码为200
[2022-05-04 23:02:01,441] - logger.py] - WARNING: 请求失败，请手动检查接口
[2022-05-04 23:02:01,442] - logger.py] - INFO: 登录接口用例执行结束
[2022-05-04 23:02:01,442] - logger.py] - INFO: ----------
[2022-05-04 23:04:13,805] - logger.py] - INFO: 登录接口用例开始执行
[2022-05-04 23:04:13,805] - logger.py] - INFO: 用例标题：验证登录接口请求成功
[2022-05-04 23:04:13,846] - logger.py] - INFO: 接口请求成功
[2022-05-04 23:04:13,846] - logger.py] - INFO: 接口返回状态断言成功，状态码为200
[2022-05-04 23:04:13,847] - logger.py] - INFO: 响应体msg信息断言成功
[2022-05-04 23:04:13,847] - logger.py] - INFO: 响应体状态码断言成功，状态码为200
[2022-05-04 23:04:13,847] - logger.py] - INFO: 验证接口登录成功
[2022-05-04 23:04:13,847] - logger.py] - INFO: 登录接口用例执行结束
[2022-05-04 23:04:13,848] - logger.py] - INFO: ----------
[2022-05-04 23:04:13,848] - logger.py] - INFO: 登录接口用例开始执行
[2022-05-04 23:04:13,848] - logger.py] - INFO: 用例标题：验证用户名错误请求失败
[2022-05-04 23:04:13,859] - logger.py] - INFO: 接口请求成功
[2022-05-04 23:04:13,859] - logger.py] - INFO: 接口返回状态断言成功，状态码为200
[2022-05-04 23:04:13,860] - logger.py] - INFO: 登录接口用例执行结束
[2022-05-04 23:04:13,860] - logger.py] - INFO: ----------
[2022-05-04 23:05:32,140] - logger.py] - INFO: 登录接口用例开始执行
[2022-05-04 23:05:32,140] - logger.py] - INFO: 用例标题：验证登录接口请求成功
[2022-05-04 23:05:32,177] - logger.py] - INFO: 接口请求成功
[2022-05-04 23:05:32,177] - logger.py] - INFO: 接口返回状态断言成功，状态码为200
[2022-05-04 23:05:32,177] - logger.py] - INFO: 响应体msg信息断言成功
[2022-05-04 23:05:32,178] - logger.py] - INFO: 响应体状态码断言成功，状态码为200
[2022-05-04 23:05:32,178] - logger.py] - INFO: 验证接口登录成功
[2022-05-04 23:05:32,178] - logger.py] - INFO: 登录接口用例执行结束
[2022-05-04 23:05:32,179] - logger.py] - INFO: ----------
[2022-05-04 23:05:32,179] - logger.py] - INFO: 登录接口用例开始执行
[2022-05-04 23:05:32,179] - logger.py] - INFO: 用例标题：验证用户名错误请求失败
[2022-05-04 23:05:32,197] - logger.py] - INFO: 接口请求成功
[2022-05-04 23:05:32,198] - logger.py] - INFO: 接口返回状态断言成功，状态码为200
[2022-05-04 23:05:32,198] - logger.py] - INFO: 登录接口用例执行结束
[2022-05-04 23:05:32,199] - logger.py] - INFO: ----------
[2022-05-04 23:06:01,858] - logger.py] - INFO: 登录接口用例开始执行
[2022-05-04 23:06:01,859] - logger.py] - INFO: 用例标题：验证登录接口请求成功
[2022-05-04 23:06:01,897] - logger.py] - INFO: 接口请求成功
[2022-05-04 23:06:01,898] - logger.py] - INFO: 接口返回状态断言成功，状态码为200
[2022-05-04 23:06:01,898] - logger.py] - INFO: 响应体msg信息断言成功
[2022-05-04 23:06:01,898] - logger.py] - INFO: 响应体状态码断言成功，状态码为200
[2022-05-04 23:06:01,899] - logger.py] - INFO: 验证接口登录成功
[2022-05-04 23:06:01,899] - logger.py] - INFO: 登录接口用例执行结束
[2022-05-04 23:06:01,899] - logger.py] - INFO: ----------
[2022-05-04 23:06:01,900] - logger.py] - INFO: 登录接口用例开始执行
[2022-05-04 23:06:01,900] - logger.py] - INFO: 用例标题：验证用户名错误请求失败
[2022-05-04 23:06:01,916] - logger.py] - INFO: 接口请求成功
[2022-05-04 23:06:01,917] - logger.py] - INFO: 接口返回状态断言成功，状态码为200
[2022-05-04 23:06:01,917] - logger.py] - INFO: 响应体msg信息断言成功
[2022-05-04 23:06:01,917] - logger.py] - INFO: 登录接口用例执行结束
[2022-05-04 23:06:01,918] - logger.py] - INFO: ----------
[2022-05-04 23:06:18,295] - logger.py] - INFO: 登录接口用例开始执行
[2022-05-04 23:06:18,295] - logger.py] - INFO: 用例标题：验证登录接口请求成功
[2022-05-04 23:06:18,330] - logger.py] - INFO: 接口请求成功
[2022-05-04 23:06:18,331] - logger.py] - INFO: 接口返回状态断言成功，状态码为200
[2022-05-04 23:06:18,331] - logger.py] - INFO: 响应体msg信息断言成功
[2022-05-04 23:06:18,332] - logger.py] - INFO: 响应体状态码断言成功，状态码为200
[2022-05-04 23:06:18,332] - logger.py] - INFO: 验证接口登录成功
[2022-05-04 23:06:18,332] - logger.py] - INFO: 登录接口用例执行结束
[2022-05-04 23:06:18,332] - logger.py] - INFO: ----------
[2022-05-04 23:06:18,333] - logger.py] - INFO: 登录接口用例开始执行
[2022-05-04 23:06:18,333] - logger.py] - INFO: 用例标题：验证用户名错误请求失败
[2022-05-04 23:06:18,345] - logger.py] - INFO: 接口请求成功
[2022-05-04 23:06:18,345] - logger.py] - INFO: 接口返回状态断言成功，状态码为200
[2022-05-04 23:06:18,346] - logger.py] - INFO: 响应体msg信息断言成功
[2022-05-04 23:06:18,346] - logger.py] - INFO: 响应体状态码断言成功，状态码为400
[2022-05-04 23:06:18,346] - logger.py] - INFO: 验证用户名错误请求失败成功
[2022-05-04 23:06:18,347] - logger.py] - INFO: 登录接口用例执行结束
[2022-05-04 23:06:18,347] - logger.py] - INFO: ----------
[2022-05-04 23:07:41,034] - logger.py] - INFO: 登录接口用例开始执行
[2022-05-04 23:07:41,034] - logger.py] - INFO: 用例标题：验证登录接口请求成功
[2022-05-04 23:07:41,071] - logger.py] - INFO: 接口请求成功
[2022-05-04 23:07:41,072] - logger.py] - INFO: 接口返回状态断言成功，状态码为200
[2022-05-04 23:07:41,072] - logger.py] - INFO: 响应体msg信息断言成功
[2022-05-04 23:07:41,072] - logger.py] - INFO: 响应体状态码断言成功，状态码为200
[2022-05-04 23:07:41,073] - logger.py] - INFO: 验证接口登录成功
[2022-05-04 23:07:41,073] - logger.py] - INFO: 登录接口用例执行结束
[2022-05-04 23:07:41,073] - logger.py] - INFO: ----------
[2022-05-04 23:07:41,074] - logger.py] - INFO: 登录接口用例开始执行
[2022-05-04 23:07:41,074] - logger.py] - INFO: 用例标题：验证用户名错误请求失败
[2022-05-04 23:07:41,084] - logger.py] - INFO: 接口请求成功
[2022-05-04 23:07:41,084] - logger.py] - INFO: 接口返回状态断言成功，状态码为200
[2022-05-04 23:07:41,085] - logger.py] - INFO: 响应体msg信息断言成功
[2022-05-04 23:07:41,085] - logger.py] - INFO: 响应体状态码断言成功，状态码为400
[2022-05-04 23:07:41,085] - logger.py] - INFO: 验证用户名错误请求失败成功
[2022-05-04 23:07:41,086] - logger.py] - INFO: 登录接口用例执行结束
[2022-05-04 23:07:41,086] - logger.py] - INFO: ----------
[2022-05-04 23:07:55,637] - logger.py] - INFO: 登录接口用例开始执行
[2022-05-04 23:07:55,637] - logger.py] - INFO: 用例标题：验证登录接口请求成功
[2022-05-04 23:07:55,675] - logger.py] - INFO: 接口请求成功
[2022-05-04 23:07:55,675] - logger.py] - INFO: 接口返回状态断言成功，状态码为200
[2022-05-04 23:07:55,675] - logger.py] - INFO: 响应体msg信息断言成功
[2022-05-04 23:07:55,676] - logger.py] - INFO: 响应体状态码断言成功，状态码为200
[2022-05-04 23:07:55,676] - logger.py] - INFO: 验证接口登录成功
[2022-05-04 23:07:55,676] - logger.py] - INFO: 登录接口用例执行结束
[2022-05-04 23:07:55,677] - logger.py] - INFO: -------------------------------------------
[2022-05-04 23:07:55,677] - logger.py] - INFO: 登录接口用例开始执行
[2022-05-04 23:07:55,677] - logger.py] - INFO: 用例标题：验证用户名错误请求失败
[2022-05-04 23:07:55,688] - logger.py] - INFO: 接口请求成功
[2022-05-04 23:07:55,688] - logger.py] - INFO: 接口返回状态断言成功，状态码为200
[2022-05-04 23:07:55,688] - logger.py] - INFO: 响应体msg信息断言成功
[2022-05-04 23:07:55,689] - logger.py] - INFO: 响应体状态码断言成功，状态码为400
[2022-05-04 23:07:55,689] - logger.py] - INFO: 验证用户名错误请求失败成功
[2022-05-04 23:07:55,689] - logger.py] - INFO: 登录接口用例执行结束
[2022-05-04 23:07:55,690] - logger.py] - INFO: -------------------------------------------
[2022-05-04 23:09:26,045] - logger.py] - INFO: 登录接口用例开始执行
[2022-05-04 23:09:26,045] - logger.py] - INFO: 用例标题：验证用户名错误请求失败
[2022-05-04 23:09:26,085] - logger.py] - INFO: 接口请求成功
[2022-05-04 23:09:26,085] - logger.py] - INFO: 接口返回状态断言成功，状态码为200
[2022-05-04 23:09:26,085] - logger.py] - INFO: 响应体msg信息断言成功
[2022-05-04 23:09:26,086] - logger.py] - INFO: 响应体状态码断言成功，状态码为400
[2022-05-04 23:09:26,086] - logger.py] - INFO: 验证用户名错误请求失败成功
[2022-05-04 23:09:26,086] - logger.py] - INFO: 登录接口用例执行结束
[2022-05-04 23:09:26,087] - logger.py] - INFO: -------------------------------------------
[2022-05-04 23:09:26,087] - logger.py] - INFO: 登录接口用例开始执行
[2022-05-04 23:09:26,087] - logger.py] - INFO: 用例标题：验证登录接口请求成功
[2022-05-04 23:09:26,102] - logger.py] - INFO: 接口请求成功
[2022-05-04 23:09:26,102] - logger.py] - INFO: 接口返回状态断言成功，状态码为200
[2022-05-04 23:09:26,102] - logger.py] - INFO: 响应体msg信息断言成功
[2022-05-04 23:09:26,103] - logger.py] - INFO: 响应体状态码断言成功，状态码为200
[2022-05-04 23:09:26,103] - logger.py] - INFO: 验证接口登录成功
[2022-05-04 23:09:26,103] - logger.py] - INFO: 登录接口用例执行结束
[2022-05-04 23:09:26,104] - logger.py] - INFO: -------------------------------------------
[2022-05-04 23:09:26,104] - logger.py] - INFO: 登录接口用例开始执行
[2022-05-04 23:09:26,104] - logger.py] - INFO: 用例标题：验证用户名错误请求失败
[2022-05-04 23:09:26,115] - logger.py] - INFO: 接口请求成功
[2022-05-04 23:09:26,116] - logger.py] - INFO: 接口返回状态断言成功，状态码为200
[2022-05-04 23:09:26,116] - logger.py] - INFO: 响应体msg信息断言成功
[2022-05-04 23:09:26,116] - logger.py] - INFO: 响应体状态码断言成功，状态码为400
[2022-05-04 23:09:26,117] - logger.py] - INFO: 验证用户名错误请求失败成功
[2022-05-04 23:09:26,117] - logger.py] - INFO: 登录接口用例执行结束
[2022-05-04 23:09:26,117] - logger.py] - INFO: -------------------------------------------
[2022-05-04 23:13:10,560] - logger.py] - INFO: 登录接口用例开始执行
[2022-05-04 23:13:10,560] - logger.py] - INFO: 用例标题：验证密码为空请求失败
[2022-05-04 23:13:10,594] - logger.py] - INFO: 接口请求成功
[2022-05-04 23:13:10,595] - logger.py] - INFO: 接口返回状态断言成功，状态码为200
[2022-05-04 23:13:10,595] - logger.py] - INFO: 响应体msg信息断言成功
[2022-05-04 23:13:10,595] - logger.py] - INFO: 响应体状态码断言成功，状态码为400
[2022-05-04 23:13:10,596] - logger.py] - INFO: 验证密码为空请求失败成功
[2022-05-04 23:13:10,596] - logger.py] - INFO: 登录接口用例执行结束
[2022-05-04 23:13:10,596] - logger.py] - INFO: -------------------------------------------
[2022-05-04 23:13:10,597] - logger.py] - INFO: 登录接口用例开始执行
[2022-05-04 23:13:10,597] - logger.py] - INFO: 用例标题：验证密码错误请求失败
[2022-05-04 23:13:10,612] - logger.py] - INFO: 接口请求成功
[2022-05-04 23:13:10,612] - logger.py] - INFO: 接口返回状态断言成功，状态码为200
[2022-05-04 23:13:10,613] - logger.py] - INFO: 响应体msg信息断言成功
[2022-05-04 23:13:10,613] - logger.py] - INFO: 响应体状态码断言成功，状态码为400
[2022-05-04 23:13:10,613] - logger.py] - INFO: 验证密码错误请求失败成功
[2022-05-04 23:13:10,614] - logger.py] - INFO: 登录接口用例执行结束
[2022-05-04 23:13:10,614] - logger.py] - INFO: -------------------------------------------
[2022-05-04 23:13:10,614] - logger.py] - INFO: 登录接口用例开始执行
[2022-05-04 23:13:10,615] - logger.py] - INFO: 用例标题：验证登录接口请求成功
[2022-05-04 23:13:10,632] - logger.py] - INFO: 接口请求成功
[2022-05-04 23:13:10,632] - logger.py] - INFO: 接口返回状态断言成功，状态码为200
[2022-05-04 23:13:10,633] - logger.py] - INFO: 响应体msg信息断言成功
[2022-05-04 23:13:10,633] - logger.py] - INFO: 响应体状态码断言成功，状态码为200
[2022-05-04 23:13:10,633] - logger.py] - INFO: 验证接口登录成功
[2022-05-04 23:13:10,634] - logger.py] - INFO: 登录接口用例执行结束
[2022-05-04 23:13:10,634] - logger.py] - INFO: -------------------------------------------
[2022-05-04 23:13:10,634] - logger.py] - INFO: 登录接口用例开始执行
[2022-05-04 23:13:10,635] - logger.py] - INFO: 用例标题：验证用户名为空请求失败
[2022-05-04 23:13:10,644] - logger.py] - INFO: 接口请求成功
[2022-05-04 23:13:10,645] - logger.py] - INFO: 接口返回状态断言成功，状态码为200
[2022-05-04 23:13:10,645] - logger.py] - INFO: 响应体msg信息断言成功
[2022-05-04 23:13:10,645] - logger.py] - INFO: 响应体状态码断言成功，状态码为400
[2022-05-04 23:13:10,646] - logger.py] - INFO: 验证用户名为空请求失败成功
[2022-05-04 23:13:10,646] - logger.py] - INFO: 登录接口用例执行结束
[2022-05-04 23:13:10,646] - logger.py] - INFO: -------------------------------------------
[2022-05-04 23:13:10,646] - logger.py] - INFO: 登录接口用例开始执行
[2022-05-04 23:13:10,647] - logger.py] - INFO: 用例标题：验证用户名错误请求失败
[2022-05-04 23:13:10,658] - logger.py] - INFO: 接口请求成功
[2022-05-04 23:13:10,658] - logger.py] - INFO: 接口返回状态断言成功，状态码为200
[2022-05-04 23:13:10,659] - logger.py] - INFO: 响应体msg信息断言成功
[2022-05-04 23:13:10,659] - logger.py] - INFO: 响应体状态码断言成功，状态码为400
[2022-05-04 23:13:10,659] - logger.py] - INFO: 验证用户名错误请求失败成功
[2022-05-04 23:13:10,660] - logger.py] - INFO: 登录接口用例执行结束
[2022-05-04 23:13:10,660] - logger.py] - INFO: -------------------------------------------
