[2022-05-06 00:41:06,537] - logger.py] - INFO: 登录接口用例开始执行
[2022-05-06 00:41:06,538] - logger.py] - INFO: 用例标题：验证密码为空请求失败
[2022-05-06 00:41:06,568] - logger.py] - INFO: 登录接口用例执行结束
[2022-05-06 00:41:06,569] - logger.py] - INFO: -------------------------------------------
[2022-05-06 00:41:06,573] - logger.py] - INFO: 登录接口用例开始执行
[2022-05-06 00:41:06,573] - logger.py] - INFO: 用例标题：验证密码错误请求失败
[2022-05-06 00:41:06,606] - logger.py] - INFO: 接口请求成功
[2022-05-06 00:41:06,606] - logger.py] - INFO: 接口返回状态断言成功，状态码为200
[2022-05-06 00:41:06,607] - logger.py] - INFO: 响应体msg信息断言成功
[2022-05-06 00:41:06,608] - logger.py] - INFO: 响应体状态码断言成功，状态码为400
[2022-05-06 00:41:06,608] - logger.py] - INFO: 验证密码错误请求失败成功
[2022-05-06 00:41:06,608] - logger.py] - INFO: 登录接口用例执行结束
[2022-05-06 00:41:06,608] - logger.py] - INFO: -------------------------------------------
[2022-05-06 00:41:06,609] - logger.py] - INFO: 登录接口用例开始执行
[2022-05-06 00:41:06,609] - logger.py] - INFO: 用例标题：验证密码错误请求失败
[2022-05-06 00:41:06,628] - logger.py] - INFO: 接口请求成功
[2022-05-06 00:41:06,629] - logger.py] - INFO: 接口返回状态断言成功，状态码为200
[2022-05-06 00:41:06,629] - logger.py] - INFO: 响应体msg信息断言成功
[2022-05-06 00:41:06,629] - logger.py] - INFO: 响应体状态码断言成功，状态码为400
[2022-05-06 00:41:06,630] - logger.py] - INFO: 验证密码错误请求失败成功
[2022-05-06 00:41:06,630] - logger.py] - INFO: 登录接口用例执行结束
[2022-05-06 00:41:06,630] - logger.py] - INFO: -------------------------------------------
[2022-05-06 00:41:06,631] - logger.py] - INFO: 登录接口用例开始执行
[2022-05-06 00:41:06,631] - logger.py] - INFO: 用例标题：验证密码错误请求失败
[2022-05-06 00:41:06,649] - logger.py] - INFO: 接口请求成功
[2022-05-06 00:41:06,649] - logger.py] - INFO: 接口返回状态断言成功，状态码为200
[2022-05-06 00:41:06,649] - logger.py] - INFO: 响应体msg信息断言成功
[2022-05-06 00:41:06,650] - logger.py] - INFO: 响应体状态码断言成功，状态码为400
[2022-05-06 00:41:06,650] - logger.py] - INFO: 验证密码错误请求失败成功
[2022-05-06 00:41:06,650] - logger.py] - INFO: 登录接口用例执行结束
[2022-05-06 00:41:06,651] - logger.py] - INFO: -------------------------------------------
[2022-05-06 00:41:06,651] - logger.py] - INFO: 登录接口用例开始执行
[2022-05-06 00:41:06,651] - logger.py] - INFO: 用例标题：验证密码错误请求失败
[2022-05-06 00:41:06,663] - logger.py] - INFO: 接口请求成功
[2022-05-06 00:41:06,663] - logger.py] - INFO: 接口返回状态断言成功，状态码为200
[2022-05-06 00:41:06,663] - logger.py] - INFO: 登录接口用例执行结束
[2022-05-06 00:41:06,664] - logger.py] - INFO: -------------------------------------------
[2022-05-06 00:41:06,664] - logger.py] - INFO: 登录接口用例开始执行
[2022-05-06 00:41:06,665] - logger.py] - INFO: 用例标题：验证登录接口请求成功
[2022-05-06 00:41:06,671] - logger.py] - INFO: 登录接口用例执行结束
[2022-05-06 00:41:06,671] - logger.py] - INFO: -------------------------------------------
[2022-05-06 00:41:06,672] - logger.py] - INFO: 登录接口用例开始执行
[2022-05-06 00:41:06,672] - logger.py] - INFO: 用例标题：验证用户名为空请求失败
[2022-05-06 00:41:06,679] - logger.py] - INFO: 登录接口用例执行结束
[2022-05-06 00:41:06,679] - logger.py] - INFO: -------------------------------------------
[2022-05-06 00:41:06,680] - logger.py] - INFO: 登录接口用例开始执行
[2022-05-06 00:41:06,680] - logger.py] - INFO: 用例标题：验证用户名错误请求失败
[2022-05-06 00:41:06,686] - logger.py] - INFO: 登录接口用例执行结束
[2022-05-06 00:41:06,687] - logger.py] - INFO: -------------------------------------------
[2022-05-06 00:42:37,349] - logger.py] - INFO: 登录接口用例开始执行
[2022-05-06 00:42:37,350] - logger.py] - INFO: 用例标题：验证密码为空请求失败
[2022-05-06 00:42:37,379] - logger.py] - INFO: 登录接口用例执行结束
[2022-05-06 00:42:37,380] - logger.py] - INFO: -------------------------------------------
[2022-05-06 00:42:37,380] - logger.py] - INFO: 登录接口用例开始执行
[2022-05-06 00:42:37,381] - logger.py] - INFO: 用例标题：验证密码错误请求失败
[2022-05-06 00:42:37,416] - logger.py] - INFO: 接口请求成功
[2022-05-06 00:42:37,416] - logger.py] - INFO: 接口返回状态断言成功，状态码为200
[2022-05-06 00:42:37,417] - logger.py] - INFO: 响应体msg信息断言成功
[2022-05-06 00:42:37,417] - logger.py] - INFO: 响应体状态码断言成功，状态码为400
[2022-05-06 00:42:37,417] - logger.py] - INFO: 验证密码错误请求失败成功
[2022-05-06 00:42:37,417] - logger.py] - INFO: 登录接口用例执行结束
[2022-05-06 00:42:37,418] - logger.py] - INFO: -------------------------------------------
[2022-05-06 00:42:37,418] - logger.py] - INFO: 登录接口用例开始执行
[2022-05-06 00:42:37,418] - logger.py] - INFO: 用例标题：验证密码错误请求失败
[2022-05-06 00:42:37,434] - logger.py] - INFO: 接口请求成功
[2022-05-06 00:42:37,434] - logger.py] - INFO: 接口返回状态断言成功，状态码为200
[2022-05-06 00:42:37,435] - logger.py] - INFO: 响应体msg信息断言成功
[2022-05-06 00:42:37,435] - logger.py] - INFO: 响应体状态码断言成功，状态码为400
[2022-05-06 00:42:37,435] - logger.py] - INFO: 验证密码错误请求失败成功
[2022-05-06 00:42:37,436] - logger.py] - INFO: 登录接口用例执行结束
[2022-05-06 00:42:37,436] - logger.py] - INFO: -------------------------------------------
[2022-05-06 00:42:37,436] - logger.py] - INFO: 登录接口用例开始执行
[2022-05-06 00:42:37,437] - logger.py] - INFO: 用例标题：验证密码错误请求失败
[2022-05-06 00:42:37,456] - logger.py] - INFO: 接口请求成功
[2022-05-06 00:42:37,457] - logger.py] - INFO: 接口返回状态断言成功，状态码为200
[2022-05-06 00:42:37,457] - logger.py] - INFO: 响应体msg信息断言成功
[2022-05-06 00:42:37,457] - logger.py] - INFO: 响应体状态码断言成功，状态码为400
[2022-05-06 00:42:37,458] - logger.py] - INFO: 验证密码错误请求失败成功
[2022-05-06 00:42:37,458] - logger.py] - INFO: 登录接口用例执行结束
[2022-05-06 00:42:37,458] - logger.py] - INFO: -------------------------------------------
[2022-05-06 00:42:37,459] - logger.py] - INFO: 登录接口用例开始执行
[2022-05-06 00:42:37,459] - logger.py] - INFO: 用例标题：验证登录接口请求成功
[2022-05-06 00:42:37,465] - logger.py] - INFO: 登录接口用例执行结束
[2022-05-06 00:42:37,466] - logger.py] - INFO: -------------------------------------------
[2022-05-06 00:42:37,466] - logger.py] - INFO: 登录接口用例开始执行
[2022-05-06 00:42:37,467] - logger.py] - INFO: 用例标题：验证用户名为空请求失败
[2022-05-06 00:42:37,473] - logger.py] - INFO: 登录接口用例执行结束
[2022-05-06 00:42:37,473] - logger.py] - INFO: -------------------------------------------
[2022-05-06 00:42:37,473] - logger.py] - INFO: 登录接口用例开始执行
[2022-05-06 00:42:37,474] - logger.py] - INFO: 用例标题：验证用户名错误请求失败
[2022-05-06 00:42:37,480] - logger.py] - INFO: 登录接口用例执行结束
[2022-05-06 00:42:37,480] - logger.py] - INFO: -------------------------------------------
[2022-05-06 00:50:09,367] - logger.py] - INFO: 登录接口用例开始执行
[2022-05-06 00:50:09,367] - logger.py] - INFO: 用例标题：验证密码为空请求失败
[2022-05-06 00:50:09,405] - logger.py] - INFO: 接口请求成功
[2022-05-06 00:50:09,406] - logger.py] - INFO: 接口返回状态断言成功，状态码为200
[2022-05-06 00:50:09,406] - logger.py] - INFO: 响应体msg信息断言成功
[2022-05-06 00:50:09,407] - logger.py] - INFO: 响应体状态码断言成功，状态码为400
[2022-05-06 00:50:09,407] - logger.py] - INFO: 验证密码为空请求失败成功
[2022-05-06 00:50:09,407] - logger.py] - INFO: 登录接口用例执行结束
[2022-05-06 00:50:09,407] - logger.py] - INFO: -------------------------------------------
[2022-05-06 00:50:09,408] - logger.py] - INFO: 登录接口用例开始执行
[2022-05-06 00:50:09,408] - logger.py] - INFO: 用例标题：验证密码错误请求失败
[2022-05-06 00:50:09,424] - logger.py] - INFO: 接口请求成功
[2022-05-06 00:50:09,424] - logger.py] - INFO: 接口返回状态断言成功，状态码为200
[2022-05-06 00:50:09,424] - logger.py] - INFO: 响应体msg信息断言成功
[2022-05-06 00:50:09,425] - logger.py] - INFO: 响应体状态码断言成功，状态码为400
[2022-05-06 00:50:09,425] - logger.py] - INFO: 验证密码错误请求失败成功
[2022-05-06 00:50:09,425] - logger.py] - INFO: 登录接口用例执行结束
[2022-05-06 00:50:09,426] - logger.py] - INFO: -------------------------------------------
[2022-05-06 00:50:09,426] - logger.py] - INFO: 登录接口用例开始执行
[2022-05-06 00:50:09,426] - logger.py] - INFO: 用例标题：验证密码错误请求失败
[2022-05-06 00:50:09,443] - logger.py] - INFO: 接口请求成功
[2022-05-06 00:50:09,444] - logger.py] - INFO: 接口返回状态断言成功，状态码为200
[2022-05-06 00:50:09,444] - logger.py] - INFO: 响应体msg信息断言成功
[2022-05-06 00:50:09,444] - logger.py] - INFO: 响应体状态码断言成功，状态码为400
[2022-05-06 00:50:09,445] - logger.py] - INFO: 验证密码错误请求失败成功
[2022-05-06 00:50:09,445] - logger.py] - INFO: 登录接口用例执行结束
[2022-05-06 00:50:09,445] - logger.py] - INFO: -------------------------------------------
[2022-05-06 00:50:09,446] - logger.py] - INFO: 登录接口用例开始执行
[2022-05-06 00:50:09,446] - logger.py] - INFO: 用例标题：验证密码错误请求失败
[2022-05-06 00:50:09,460] - logger.py] - INFO: 接口请求成功
[2022-05-06 00:50:09,461] - logger.py] - INFO: 接口返回状态断言成功，状态码为200
[2022-05-06 00:50:09,461] - logger.py] - INFO: 响应体msg信息断言成功
[2022-05-06 00:50:09,461] - logger.py] - INFO: 响应体状态码断言成功，状态码为400
[2022-05-06 00:50:09,462] - logger.py] - INFO: 验证密码错误请求失败成功
[2022-05-06 00:50:09,462] - logger.py] - INFO: 登录接口用例执行结束
[2022-05-06 00:50:09,462] - logger.py] - INFO: -------------------------------------------
[2022-05-06 00:50:09,463] - logger.py] - INFO: 登录接口用例开始执行
[2022-05-06 00:50:09,463] - logger.py] - INFO: 用例标题：验证登录接口请求成功
[2022-05-06 00:50:09,477] - logger.py] - INFO: 接口请求成功
[2022-05-06 00:50:09,477] - logger.py] - INFO: 接口返回状态断言成功，状态码为200
[2022-05-06 00:50:09,477] - logger.py] - INFO: 响应体msg信息断言成功
[2022-05-06 00:50:09,478] - logger.py] - INFO: 响应体状态码断言成功，状态码为200
[2022-05-06 00:50:09,478] - logger.py] - INFO: 验证接口登录成功
[2022-05-06 00:50:09,478] - logger.py] - INFO: 登录接口用例执行结束
[2022-05-06 00:50:09,479] - logger.py] - INFO: -------------------------------------------
[2022-05-06 00:50:09,479] - logger.py] - INFO: 登录接口用例开始执行
[2022-05-06 00:50:09,480] - logger.py] - INFO: 用例标题：验证用户名为空请求失败
[2022-05-06 00:50:09,490] - logger.py] - INFO: 接口请求成功
[2022-05-06 00:50:09,491] - logger.py] - INFO: 接口返回状态断言成功，状态码为200
[2022-05-06 00:50:09,491] - logger.py] - INFO: 响应体msg信息断言成功
[2022-05-06 00:50:09,492] - logger.py] - INFO: 响应体状态码断言成功，状态码为400
[2022-05-06 00:50:09,492] - logger.py] - INFO: 验证用户名为空请求失败成功
[2022-05-06 00:50:09,492] - logger.py] - INFO: 登录接口用例执行结束
[2022-05-06 00:50:09,493] - logger.py] - INFO: -------------------------------------------
[2022-05-06 00:50:09,493] - logger.py] - INFO: 登录接口用例开始执行
[2022-05-06 00:50:09,493] - logger.py] - INFO: 用例标题：验证用户名错误请求失败
[2022-05-06 00:50:09,507] - logger.py] - INFO: 接口请求成功
[2022-05-06 00:50:09,508] - logger.py] - INFO: 接口返回状态断言成功，状态码为200
[2022-05-06 00:50:09,508] - logger.py] - INFO: 响应体msg信息断言成功
[2022-05-06 00:50:09,508] - logger.py] - INFO: 响应体状态码断言成功，状态码为400
[2022-05-06 00:50:09,509] - logger.py] - INFO: 验证用户名错误请求失败成功
[2022-05-06 00:50:09,509] - logger.py] - INFO: 登录接口用例执行结束
[2022-05-06 00:50:09,509] - logger.py] - INFO: -------------------------------------------
[2022-05-06 00:56:00,305] - logger.py] - INFO: 登录接口用例开始执行
[2022-05-06 00:56:00,306] - logger.py] - INFO: 用例标题：验证密码为空请求失败
[2022-05-06 00:56:00,344] - logger.py] - INFO: 接口请求成功
[2022-05-06 00:56:00,344] - logger.py] - INFO: 接口返回状态断言成功，状态码为200
[2022-05-06 00:56:00,345] - logger.py] - INFO: 响应体msg信息断言成功
[2022-05-06 00:56:00,346] - logger.py] - INFO: 响应体状态码断言成功，状态码为400
[2022-05-06 00:56:00,346] - logger.py] - INFO: 验证密码为空请求失败成功
[2022-05-06 00:56:00,346] - logger.py] - INFO: 登录接口用例执行结束
[2022-05-06 00:56:00,347] - logger.py] - INFO: -------------------------------------------
[2022-05-06 00:56:00,347] - logger.py] - INFO: 登录接口用例开始执行
[2022-05-06 00:56:00,347] - logger.py] - INFO: 用例标题：验证密码错误请求失败
[2022-05-06 00:56:00,375] - logger.py] - INFO: 接口请求成功
[2022-05-06 00:56:00,375] - logger.py] - INFO: 接口返回状态断言成功，状态码为200
[2022-05-06 00:56:00,376] - logger.py] - INFO: 响应体msg信息断言成功
[2022-05-06 00:56:00,376] - logger.py] - INFO: 响应体状态码断言成功，状态码为400
[2022-05-06 00:56:00,376] - logger.py] - INFO: 验证密码错误请求失败成功
[2022-05-06 00:56:00,377] - logger.py] - INFO: 登录接口用例执行结束
[2022-05-06 00:56:00,377] - logger.py] - INFO: -------------------------------------------
[2022-05-06 00:56:00,377] - logger.py] - INFO: 登录接口用例开始执行
[2022-05-06 00:56:00,378] - logger.py] - INFO: 用例标题：验证密码错误请求失败
[2022-05-06 00:56:00,403] - logger.py] - INFO: 接口请求成功
[2022-05-06 00:56:00,403] - logger.py] - INFO: 接口返回状态断言成功，状态码为200
[2022-05-06 00:56:00,404] - logger.py] - INFO: 响应体msg信息断言成功
[2022-05-06 00:56:00,404] - logger.py] - INFO: 响应体状态码断言成功，状态码为400
[2022-05-06 00:56:00,404] - logger.py] - INFO: 验证密码错误请求失败成功
[2022-05-06 00:56:00,405] - logger.py] - INFO: 登录接口用例执行结束
[2022-05-06 00:56:00,405] - logger.py] - INFO: -------------------------------------------
[2022-05-06 00:56:00,405] - logger.py] - INFO: 登录接口用例开始执行
[2022-05-06 00:56:00,406] - logger.py] - INFO: 用例标题：验证密码错误请求失败
[2022-05-06 00:56:00,421] - logger.py] - INFO: 接口请求成功
[2022-05-06 00:56:00,422] - logger.py] - INFO: 接口返回状态断言成功，状态码为200
[2022-05-06 00:56:00,422] - logger.py] - INFO: 响应体msg信息断言成功
[2022-05-06 00:56:00,422] - logger.py] - INFO: 响应体状态码断言成功，状态码为400
[2022-05-06 00:56:00,423] - logger.py] - INFO: 验证密码错误请求失败成功
[2022-05-06 00:56:00,423] - logger.py] - INFO: 登录接口用例执行结束
[2022-05-06 00:56:00,423] - logger.py] - INFO: -------------------------------------------
[2022-05-06 00:56:00,424] - logger.py] - INFO: 登录接口用例开始执行
[2022-05-06 00:56:00,424] - logger.py] - INFO: 用例标题：验证登录接口请求成功
[2022-05-06 00:56:00,440] - logger.py] - INFO: 接口请求成功
[2022-05-06 00:56:00,441] - logger.py] - INFO: 接口返回状态断言成功，状态码为200
[2022-05-06 00:56:00,441] - logger.py] - INFO: 响应体msg信息断言成功
[2022-05-06 00:56:00,441] - logger.py] - INFO: 响应体状态码断言成功，状态码为200
[2022-05-06 00:56:00,442] - logger.py] - INFO: 验证接口登录成功
[2022-05-06 00:56:00,442] - logger.py] - INFO: 登录接口用例执行结束
[2022-05-06 00:56:00,442] - logger.py] - INFO: -------------------------------------------
[2022-05-06 00:56:00,443] - logger.py] - INFO: 登录接口用例开始执行
[2022-05-06 00:56:00,443] - logger.py] - INFO: 用例标题：验证用户名为空请求失败
[2022-05-06 00:56:00,453] - logger.py] - INFO: 接口请求成功
[2022-05-06 00:56:00,454] - logger.py] - INFO: 接口返回状态断言成功，状态码为200
[2022-05-06 00:56:00,454] - logger.py] - INFO: 响应体msg信息断言成功
[2022-05-06 00:56:00,455] - logger.py] - INFO: 响应体状态码断言成功，状态码为400
[2022-05-06 00:56:00,455] - logger.py] - INFO: 验证用户名为空请求失败成功
[2022-05-06 00:56:00,455] - logger.py] - INFO: 登录接口用例执行结束
[2022-05-06 00:56:00,456] - logger.py] - INFO: -------------------------------------------
[2022-05-06 00:56:00,456] - logger.py] - INFO: 登录接口用例开始执行
[2022-05-06 00:56:00,456] - logger.py] - INFO: 用例标题：验证用户名错误请求失败
[2022-05-06 00:56:00,472] - logger.py] - INFO: 接口请求成功
[2022-05-06 00:56:00,472] - logger.py] - INFO: 接口返回状态断言成功，状态码为200
[2022-05-06 00:56:00,472] - logger.py] - INFO: 响应体msg信息断言成功
[2022-05-06 00:56:00,473] - logger.py] - INFO: 响应体状态码断言成功，状态码为400
[2022-05-06 00:56:00,473] - logger.py] - INFO: 验证用户名错误请求失败成功
[2022-05-06 00:56:00,474] - logger.py] - INFO: 登录接口用例执行结束
[2022-05-06 00:56:00,474] - logger.py] - INFO: -------------------------------------------
[2022-05-06 00:59:04,074] - logger.py] - INFO: 登录接口用例开始执行
[2022-05-06 00:59:04,075] - logger.py] - INFO: 用例标题：验证密码为空请求失败
[2022-05-06 00:59:04,113] - logger.py] - INFO: 接口请求成功
[2022-05-06 00:59:04,113] - logger.py] - INFO: 接口返回状态断言成功，状态码为200
[2022-05-06 00:59:04,113] - logger.py] - INFO: 响应体msg信息断言成功
[2022-05-06 00:59:04,114] - logger.py] - INFO: 响应体状态码断言成功，状态码为400
[2022-05-06 00:59:04,114] - logger.py] - INFO: 验证密码为空请求失败成功
[2022-05-06 00:59:04,114] - logger.py] - INFO: 登录接口用例执行结束
[2022-05-06 00:59:04,115] - logger.py] - INFO: -------------------------------------------
[2022-05-06 00:59:04,115] - logger.py] - INFO: 登录接口用例开始执行
[2022-05-06 00:59:04,115] - logger.py] - INFO: 用例标题：验证密码错误请求失败
[2022-05-06 00:59:04,141] - logger.py] - INFO: 接口请求成功
[2022-05-06 00:59:04,142] - logger.py] - INFO: 接口返回状态断言成功，状态码为200
[2022-05-06 00:59:04,142] - logger.py] - INFO: 响应体msg信息断言成功
[2022-05-06 00:59:04,142] - logger.py] - INFO: 响应体状态码断言成功，状态码为400
[2022-05-06 00:59:04,143] - logger.py] - INFO: 验证密码错误请求失败成功
[2022-05-06 00:59:04,143] - logger.py] - INFO: 登录接口用例执行结束
[2022-05-06 00:59:04,143] - logger.py] - INFO: -------------------------------------------
[2022-05-06 00:59:04,144] - logger.py] - INFO: 登录接口用例开始执行
[2022-05-06 00:59:04,144] - logger.py] - INFO: 用例标题：验证密码错误请求失败
[2022-05-06 00:59:04,162] - logger.py] - INFO: 接口请求成功
[2022-05-06 00:59:04,162] - logger.py] - INFO: 接口返回状态断言成功，状态码为200
[2022-05-06 00:59:04,163] - logger.py] - INFO: 响应体msg信息断言成功
[2022-05-06 00:59:04,163] - logger.py] - INFO: 响应体状态码断言成功，状态码为400
[2022-05-06 00:59:04,164] - logger.py] - INFO: 验证密码错误请求失败成功
[2022-05-06 00:59:04,164] - logger.py] - INFO: 登录接口用例执行结束
[2022-05-06 00:59:04,164] - logger.py] - INFO: -------------------------------------------
[2022-05-06 00:59:04,165] - logger.py] - INFO: 登录接口用例开始执行
[2022-05-06 00:59:04,165] - logger.py] - INFO: 用例标题：验证密码错误请求失败
[2022-05-06 00:59:04,178] - logger.py] - INFO: 接口请求成功
[2022-05-06 00:59:04,179] - logger.py] - INFO: 接口返回状态断言成功，状态码为200
[2022-05-06 00:59:04,179] - logger.py] - INFO: 响应体msg信息断言成功
[2022-05-06 00:59:04,179] - logger.py] - INFO: 响应体状态码断言成功，状态码为400
[2022-05-06 00:59:04,180] - logger.py] - INFO: 验证密码错误请求失败成功
[2022-05-06 00:59:04,180] - logger.py] - INFO: 登录接口用例执行结束
[2022-05-06 00:59:04,180] - logger.py] - INFO: -------------------------------------------
[2022-05-06 00:59:04,181] - logger.py] - INFO: 登录接口用例开始执行
[2022-05-06 00:59:04,181] - logger.py] - INFO: 用例标题：验证登录接口请求成功
[2022-05-06 00:59:04,195] - logger.py] - INFO: 接口请求成功
[2022-05-06 00:59:04,196] - logger.py] - INFO: 接口返回状态断言成功，状态码为200
[2022-05-06 00:59:04,196] - logger.py] - INFO: 响应体msg信息断言成功
[2022-05-06 00:59:04,196] - logger.py] - INFO: 响应体状态码断言成功，状态码为200
[2022-05-06 00:59:04,196] - logger.py] - INFO: 验证接口登录成功
[2022-05-06 00:59:04,197] - logger.py] - INFO: 登录接口用例执行结束
[2022-05-06 00:59:04,197] - logger.py] - INFO: -------------------------------------------
[2022-05-06 00:59:04,198] - logger.py] - INFO: 登录接口用例开始执行
[2022-05-06 00:59:04,198] - logger.py] - INFO: 用例标题：验证用户名为空请求失败
[2022-05-06 00:59:04,208] - logger.py] - INFO: 接口请求成功
[2022-05-06 00:59:04,209] - logger.py] - INFO: 接口返回状态断言成功，状态码为200
[2022-05-06 00:59:04,209] - logger.py] - INFO: 响应体msg信息断言成功
[2022-05-06 00:59:04,209] - logger.py] - INFO: 响应体状态码断言成功，状态码为400
[2022-05-06 00:59:04,210] - logger.py] - INFO: 验证用户名为空请求失败成功
[2022-05-06 00:59:04,210] - logger.py] - INFO: 登录接口用例执行结束
[2022-05-06 00:59:04,210] - logger.py] - INFO: -------------------------------------------
[2022-05-06 00:59:04,211] - logger.py] - INFO: 登录接口用例开始执行
[2022-05-06 00:59:04,211] - logger.py] - INFO: 登录接口用例执行结束
[2022-05-06 00:59:04,211] - logger.py] - INFO: -------------------------------------------
[2022-05-06 00:59:04,212] - logger.py] - INFO: 登录接口用例开始执行
[2022-05-06 00:59:04,212] - logger.py] - INFO: 登录接口用例执行结束
[2022-05-06 00:59:04,212] - logger.py] - INFO: -------------------------------------------
[2022-05-06 00:59:04,213] - logger.py] - INFO: 登录接口用例开始执行
[2022-05-06 00:59:04,213] - logger.py] - INFO: 登录接口用例执行结束
[2022-05-06 00:59:04,214] - logger.py] - INFO: -------------------------------------------
[2022-05-06 00:59:04,214] - logger.py] - INFO: 登录接口用例开始执行
[2022-05-06 00:59:04,214] - logger.py] - INFO: 登录接口用例执行结束
[2022-05-06 00:59:04,215] - logger.py] - INFO: -------------------------------------------
[2022-05-06 00:59:04,215] - logger.py] - INFO: 登录接口用例开始执行
[2022-05-06 00:59:04,215] - logger.py] - INFO: 登录接口用例执行结束
[2022-05-06 00:59:04,216] - logger.py] - INFO: -------------------------------------------
[2022-05-06 01:00:02,253] - logger.py] - INFO: 登录接口用例开始执行
[2022-05-06 01:00:02,253] - logger.py] - INFO: 用例标题：验证密码为空请求失败
[2022-05-06 01:00:02,291] - logger.py] - INFO: 接口请求成功
[2022-05-06 01:00:02,292] - logger.py] - INFO: 接口返回状态断言成功，状态码为200
[2022-05-06 01:00:02,292] - logger.py] - INFO: 响应体msg信息断言成功
[2022-05-06 01:00:02,293] - logger.py] - INFO: 响应体状态码断言成功，状态码为400
[2022-05-06 01:00:02,293] - logger.py] - INFO: 验证密码为空请求失败成功
[2022-05-06 01:00:02,293] - logger.py] - INFO: 登录接口用例执行结束
[2022-05-06 01:00:02,293] - logger.py] - INFO: -------------------------------------------
[2022-05-06 01:00:02,294] - logger.py] - INFO: 登录接口用例开始执行
[2022-05-06 01:00:02,294] - logger.py] - INFO: 用例标题：验证密码错误请求失败
[2022-05-06 01:00:02,309] - logger.py] - INFO: 接口请求成功
[2022-05-06 01:00:02,309] - logger.py] - INFO: 接口返回状态断言成功，状态码为200
[2022-05-06 01:00:02,310] - logger.py] - INFO: 响应体msg信息断言成功
[2022-05-06 01:00:02,310] - logger.py] - INFO: 响应体状态码断言成功，状态码为400
[2022-05-06 01:00:02,310] - logger.py] - INFO: 验证密码错误请求失败成功
[2022-05-06 01:00:02,311] - logger.py] - INFO: 登录接口用例执行结束
[2022-05-06 01:00:02,311] - logger.py] - INFO: -------------------------------------------
[2022-05-06 01:00:02,312] - logger.py] - INFO: 登录接口用例开始执行
[2022-05-06 01:00:02,312] - logger.py] - INFO: 用例标题：验证密码错误请求失败
[2022-05-06 01:00:02,333] - logger.py] - INFO: 接口请求成功
[2022-05-06 01:00:02,334] - logger.py] - INFO: 接口返回状态断言成功，状态码为200
[2022-05-06 01:00:02,334] - logger.py] - INFO: 响应体msg信息断言成功
[2022-05-06 01:00:02,334] - logger.py] - INFO: 响应体状态码断言成功，状态码为400
[2022-05-06 01:00:02,335] - logger.py] - INFO: 验证密码错误请求失败成功
[2022-05-06 01:00:02,335] - logger.py] - INFO: 登录接口用例执行结束
[2022-05-06 01:00:02,335] - logger.py] - INFO: -------------------------------------------
[2022-05-06 01:00:02,336] - logger.py] - INFO: 登录接口用例开始执行
[2022-05-06 01:00:02,336] - logger.py] - INFO: 用例标题：验证密码错误请求失败
[2022-05-06 01:00:02,351] - logger.py] - INFO: 接口请求成功
[2022-05-06 01:00:02,352] - logger.py] - INFO: 接口返回状态断言成功，状态码为200
[2022-05-06 01:00:02,352] - logger.py] - INFO: 响应体msg信息断言成功
[2022-05-06 01:00:02,353] - logger.py] - INFO: 响应体状态码断言成功，状态码为400
[2022-05-06 01:00:02,353] - logger.py] - INFO: 验证密码错误请求失败成功
[2022-05-06 01:00:02,353] - logger.py] - INFO: 登录接口用例执行结束
[2022-05-06 01:00:02,353] - logger.py] - INFO: -------------------------------------------
[2022-05-06 01:00:02,354] - logger.py] - INFO: 登录接口用例开始执行
[2022-05-06 01:00:02,354] - logger.py] - INFO: 用例标题：验证登录接口请求成功
[2022-05-06 01:00:02,368] - logger.py] - INFO: 接口请求成功
[2022-05-06 01:00:02,368] - logger.py] - INFO: 接口返回状态断言成功，状态码为200
[2022-05-06 01:00:02,369] - logger.py] - INFO: 响应体msg信息断言成功
[2022-05-06 01:00:02,369] - logger.py] - INFO: 响应体状态码断言成功，状态码为200
[2022-05-06 01:00:02,369] - logger.py] - INFO: 验证接口登录成功
[2022-05-06 01:00:02,370] - logger.py] - INFO: 登录接口用例执行结束
[2022-05-06 01:00:02,370] - logger.py] - INFO: -------------------------------------------
[2022-05-06 01:00:02,370] - logger.py] - INFO: 登录接口用例开始执行
[2022-05-06 01:00:02,371] - logger.py] - INFO: 用例标题：验证用户名为空请求失败
[2022-05-06 01:00:02,381] - logger.py] - INFO: 接口请求成功
[2022-05-06 01:00:02,381] - logger.py] - INFO: 接口返回状态断言成功，状态码为200
[2022-05-06 01:00:02,382] - logger.py] - INFO: 响应体msg信息断言成功
[2022-05-06 01:00:02,382] - logger.py] - INFO: 响应体状态码断言成功，状态码为400
[2022-05-06 01:00:02,382] - logger.py] - INFO: 验证用户名为空请求失败成功
[2022-05-06 01:00:02,383] - logger.py] - INFO: 登录接口用例执行结束
[2022-05-06 01:00:02,383] - logger.py] - INFO: -------------------------------------------
[2022-05-06 01:00:02,383] - logger.py] - INFO: 登录接口用例开始执行
[2022-05-06 01:00:02,384] - logger.py] - INFO: 登录接口用例执行结束
[2022-05-06 01:00:02,384] - logger.py] - INFO: -------------------------------------------
[2022-05-06 01:00:02,384] - logger.py] - INFO: 登录接口用例开始执行
[2022-05-06 01:00:02,385] - logger.py] - INFO: 登录接口用例执行结束
[2022-05-06 01:00:02,385] - logger.py] - INFO: -------------------------------------------
[2022-05-06 01:00:02,386] - logger.py] - INFO: 登录接口用例开始执行
[2022-05-06 01:00:02,386] - logger.py] - INFO: 登录接口用例执行结束
[2022-05-06 01:00:02,386] - logger.py] - INFO: -------------------------------------------
[2022-05-06 01:00:02,387] - logger.py] - INFO: 登录接口用例开始执行
[2022-05-06 01:00:02,387] - logger.py] - INFO: 登录接口用例执行结束
[2022-05-06 01:00:02,387] - logger.py] - INFO: -------------------------------------------
[2022-05-06 01:00:02,388] - logger.py] - INFO: 登录接口用例开始执行
[2022-05-06 01:00:02,388] - logger.py] - INFO: 登录接口用例执行结束
[2022-05-06 01:00:02,388] - logger.py] - INFO: -------------------------------------------
[2022-05-06 01:02:06,930] - logger.py] - INFO: 登录接口用例开始执行
[2022-05-06 01:02:06,930] - logger.py] - INFO: 用例标题：验证密码为空请求失败
[2022-05-06 01:02:06,967] - logger.py] - INFO: 接口请求成功
[2022-05-06 01:02:06,967] - logger.py] - INFO: 接口返回状态断言成功，状态码为200
[2022-05-06 01:02:06,968] - logger.py] - INFO: 响应体msg信息断言成功
[2022-05-06 01:02:06,968] - logger.py] - INFO: 响应体状态码断言成功，状态码为400
[2022-05-06 01:02:06,968] - logger.py] - INFO: 验证密码为空请求失败成功
[2022-05-06 01:02:06,969] - logger.py] - INFO: 登录接口用例执行结束
[2022-05-06 01:02:06,969] - logger.py] - INFO: -------------------------------------------
[2022-05-06 01:02:06,969] - logger.py] - INFO: 登录接口用例开始执行
[2022-05-06 01:02:06,970] - logger.py] - INFO: 用例标题：验证密码错误请求失败
[2022-05-06 01:02:06,990] - logger.py] - INFO: 接口请求成功
[2022-05-06 01:02:06,991] - logger.py] - INFO: 接口返回状态断言成功，状态码为200
[2022-05-06 01:02:06,991] - logger.py] - INFO: 响应体msg信息断言成功
[2022-05-06 01:02:06,992] - logger.py] - INFO: 响应体状态码断言成功，状态码为400
[2022-05-06 01:02:06,992] - logger.py] - INFO: 验证密码错误请求失败成功
[2022-05-06 01:02:06,992] - logger.py] - INFO: 登录接口用例执行结束
[2022-05-06 01:02:06,992] - logger.py] - INFO: -------------------------------------------
[2022-05-06 01:02:06,993] - logger.py] - INFO: 登录接口用例开始执行
[2022-05-06 01:02:06,993] - logger.py] - INFO: 用例标题：验证密码错误请求失败
[2022-05-06 01:02:07,011] - logger.py] - INFO: 接口请求成功
[2022-05-06 01:02:07,011] - logger.py] - INFO: 接口返回状态断言成功，状态码为200
[2022-05-06 01:02:07,012] - logger.py] - INFO: 响应体msg信息断言成功
[2022-05-06 01:02:07,012] - logger.py] - INFO: 响应体状态码断言成功，状态码为400
[2022-05-06 01:02:07,012] - logger.py] - INFO: 验证密码错误请求失败成功
[2022-05-06 01:02:07,013] - logger.py] - INFO: 登录接口用例执行结束
[2022-05-06 01:02:07,013] - logger.py] - INFO: -------------------------------------------
[2022-05-06 01:02:07,013] - logger.py] - INFO: 登录接口用例开始执行
[2022-05-06 01:02:07,014] - logger.py] - INFO: 用例标题：验证密码错误请求失败
[2022-05-06 01:02:07,027] - logger.py] - INFO: 接口请求成功
[2022-05-06 01:02:07,028] - logger.py] - INFO: 接口返回状态断言成功，状态码为200
[2022-05-06 01:02:07,028] - logger.py] - INFO: 响应体msg信息断言成功
[2022-05-06 01:02:07,028] - logger.py] - INFO: 响应体状态码断言成功，状态码为400
[2022-05-06 01:02:07,029] - logger.py] - INFO: 验证密码错误请求失败成功
[2022-05-06 01:02:07,029] - logger.py] - INFO: 登录接口用例执行结束
[2022-05-06 01:02:07,029] - logger.py] - INFO: -------------------------------------------
[2022-05-06 01:02:07,030] - logger.py] - INFO: 登录接口用例开始执行
[2022-05-06 01:02:07,030] - logger.py] - INFO: 用例标题：验证登录接口请求成功
[2022-05-06 01:02:07,043] - logger.py] - INFO: 接口请求成功
[2022-05-06 01:02:07,044] - logger.py] - INFO: 接口返回状态断言成功，状态码为200
[2022-05-06 01:02:07,044] - logger.py] - INFO: 响应体msg信息断言成功
[2022-05-06 01:02:07,044] - logger.py] - INFO: 响应体状态码断言成功，状态码为200
[2022-05-06 01:02:07,045] - logger.py] - INFO: 验证接口登录成功
[2022-05-06 01:02:07,045] - logger.py] - INFO: 登录接口用例执行结束
[2022-05-06 01:02:07,045] - logger.py] - INFO: -------------------------------------------
[2022-05-06 01:02:07,046] - logger.py] - INFO: 登录接口用例开始执行
[2022-05-06 01:02:07,046] - logger.py] - INFO: 用例标题：验证用户名为空请求失败
[2022-05-06 01:02:07,056] - logger.py] - INFO: 接口请求成功
[2022-05-06 01:02:07,057] - logger.py] - INFO: 接口返回状态断言成功，状态码为200
[2022-05-06 01:02:07,057] - logger.py] - INFO: 响应体msg信息断言成功
[2022-05-06 01:02:07,058] - logger.py] - INFO: 响应体状态码断言成功，状态码为400
[2022-05-06 01:02:07,058] - logger.py] - INFO: 验证用户名为空请求失败成功
[2022-05-06 01:02:07,058] - logger.py] - INFO: 登录接口用例执行结束
[2022-05-06 01:02:07,059] - logger.py] - INFO: -------------------------------------------
[2022-05-06 01:02:07,059] - logger.py] - INFO: 登录接口用例开始执行
[2022-05-06 01:02:07,059] - logger.py] - INFO: 登录接口用例执行结束
[2022-05-06 01:02:07,060] - logger.py] - INFO: -------------------------------------------
[2022-05-06 01:02:07,060] - logger.py] - INFO: 登录接口用例开始执行
[2022-05-06 01:02:07,060] - logger.py] - INFO: 登录接口用例执行结束
[2022-05-06 01:02:07,061] - logger.py] - INFO: -------------------------------------------
[2022-05-06 01:02:07,061] - logger.py] - INFO: 登录接口用例开始执行
[2022-05-06 01:02:07,061] - logger.py] - INFO: 登录接口用例执行结束
[2022-05-06 01:02:07,062] - logger.py] - INFO: -------------------------------------------
[2022-05-06 01:02:07,062] - logger.py] - INFO: 登录接口用例开始执行
[2022-05-06 01:02:07,063] - logger.py] - INFO: 登录接口用例执行结束
[2022-05-06 01:02:07,063] - logger.py] - INFO: -------------------------------------------
[2022-05-06 01:02:07,063] - logger.py] - INFO: 登录接口用例开始执行
[2022-05-06 01:02:07,064] - logger.py] - INFO: 登录接口用例执行结束
[2022-05-06 01:02:07,064] - logger.py] - INFO: -------------------------------------------
[2022-05-06 01:02:37,184] - logger.py] - INFO: 登录接口用例开始执行
[2022-05-06 01:02:37,184] - logger.py] - INFO: 用例标题：验证密码为空请求失败
[2022-05-06 01:02:37,221] - logger.py] - INFO: 接口请求成功
[2022-05-06 01:02:37,222] - logger.py] - INFO: 接口返回状态断言成功，状态码为200
[2022-05-06 01:02:37,222] - logger.py] - INFO: 响应体msg信息断言成功
[2022-05-06 01:02:37,222] - logger.py] - INFO: 响应体状态码断言成功，状态码为400
[2022-05-06 01:02:37,223] - logger.py] - INFO: 验证密码为空请求失败成功
[2022-05-06 01:02:37,223] - logger.py] - INFO: 登录接口用例执行结束
[2022-05-06 01:02:37,223] - logger.py] - INFO: -------------------------------------------
[2022-05-06 01:02:37,224] - logger.py] - INFO: 登录接口用例开始执行
[2022-05-06 01:02:37,224] - logger.py] - INFO: 用例标题：验证密码错误请求失败
[2022-05-06 01:02:37,240] - logger.py] - INFO: 接口请求成功
[2022-05-06 01:02:37,241] - logger.py] - INFO: 接口返回状态断言成功，状态码为200
[2022-05-06 01:02:37,241] - logger.py] - INFO: 响应体msg信息断言成功
[2022-05-06 01:02:37,241] - logger.py] - INFO: 响应体状态码断言成功，状态码为400
[2022-05-06 01:02:37,242] - logger.py] - INFO: 验证密码错误请求失败成功
[2022-05-06 01:02:37,242] - logger.py] - INFO: 登录接口用例执行结束
[2022-05-06 01:02:37,242] - logger.py] - INFO: -------------------------------------------
[2022-05-06 01:02:37,243] - logger.py] - INFO: 登录接口用例开始执行
[2022-05-06 01:02:37,243] - logger.py] - INFO: 用例标题：验证密码错误请求失败
[2022-05-06 01:02:37,259] - logger.py] - INFO: 接口请求成功
[2022-05-06 01:02:37,259] - logger.py] - INFO: 接口返回状态断言成功，状态码为200
[2022-05-06 01:02:37,259] - logger.py] - INFO: 响应体msg信息断言成功
[2022-05-06 01:02:37,260] - logger.py] - INFO: 响应体状态码断言成功，状态码为400
[2022-05-06 01:02:37,260] - logger.py] - INFO: 验证密码错误请求失败成功
[2022-05-06 01:02:37,260] - logger.py] - INFO: 登录接口用例执行结束
[2022-05-06 01:02:37,261] - logger.py] - INFO: -------------------------------------------
[2022-05-06 01:02:37,261] - logger.py] - INFO: 登录接口用例开始执行
[2022-05-06 01:02:37,261] - logger.py] - INFO: 用例标题：验证密码错误请求失败
[2022-05-06 01:02:37,277] - logger.py] - INFO: 接口请求成功
[2022-05-06 01:02:37,278] - logger.py] - INFO: 接口返回状态断言成功，状态码为200
[2022-05-06 01:02:37,279] - logger.py] - INFO: 响应体msg信息断言成功
[2022-05-06 01:02:37,279] - logger.py] - INFO: 响应体状态码断言成功，状态码为400
[2022-05-06 01:02:37,279] - logger.py] - INFO: 验证密码错误请求失败成功
[2022-05-06 01:02:37,280] - logger.py] - INFO: 登录接口用例执行结束
[2022-05-06 01:02:37,280] - logger.py] - INFO: -------------------------------------------
[2022-05-06 01:02:37,280] - logger.py] - INFO: 登录接口用例开始执行
[2022-05-06 01:02:37,281] - logger.py] - INFO: 用例标题：验证登录接口请求成功
[2022-05-06 01:02:37,298] - logger.py] - INFO: 接口请求成功
[2022-05-06 01:02:37,298] - logger.py] - INFO: 接口返回状态断言成功，状态码为200
[2022-05-06 01:02:37,299] - logger.py] - INFO: 响应体msg信息断言成功
[2022-05-06 01:02:37,299] - logger.py] - INFO: 响应体状态码断言成功，状态码为200
[2022-05-06 01:02:37,299] - logger.py] - INFO: 验证接口登录成功
[2022-05-06 01:02:37,300] - logger.py] - INFO: 登录接口用例执行结束
[2022-05-06 01:02:37,300] - logger.py] - INFO: -------------------------------------------
[2022-05-06 01:02:37,300] - logger.py] - INFO: 登录接口用例开始执行
[2022-05-06 01:02:37,301] - logger.py] - INFO: 用例标题：验证用户名为空请求失败
[2022-05-06 01:02:37,311] - logger.py] - INFO: 接口请求成功
[2022-05-06 01:02:37,311] - logger.py] - INFO: 接口返回状态断言成功，状态码为200
[2022-05-06 01:02:37,312] - logger.py] - INFO: 响应体msg信息断言成功
[2022-05-06 01:02:37,312] - logger.py] - INFO: 响应体状态码断言成功，状态码为400
[2022-05-06 01:02:37,312] - logger.py] - INFO: 验证用户名为空请求失败成功
[2022-05-06 01:02:37,313] - logger.py] - INFO: 登录接口用例执行结束
[2022-05-06 01:02:37,313] - logger.py] - INFO: -------------------------------------------
[2022-05-06 01:02:37,313] - logger.py] - INFO: 登录接口用例开始执行
[2022-05-06 01:02:37,314] - logger.py] - INFO: 用例标题：验证用户名错误请求失败
[2022-05-06 01:02:37,329] - logger.py] - INFO: 接口请求成功
[2022-05-06 01:02:37,329] - logger.py] - INFO: 接口返回状态断言成功，状态码为200
[2022-05-06 01:02:37,330] - logger.py] - INFO: 响应体msg信息断言成功
[2022-05-06 01:02:37,330] - logger.py] - INFO: 响应体状态码断言成功，状态码为400
[2022-05-06 01:02:37,330] - logger.py] - INFO: 验证用户名错误请求失败成功
[2022-05-06 01:02:37,331] - logger.py] - INFO: 登录接口用例执行结束
[2022-05-06 01:02:37,331] - logger.py] - INFO: -------------------------------------------
[2022-05-06 01:02:37,331] - logger.py] - INFO: 登录接口用例开始执行
[2022-05-06 01:02:37,331] - logger.py] - INFO: 用例标题：验证用户名错误请求失败
[2022-05-06 01:02:37,349] - logger.py] - INFO: 接口请求成功
[2022-05-06 01:02:37,349] - logger.py] - INFO: 接口返回状态断言成功，状态码为200
[2022-05-06 01:02:37,350] - logger.py] - INFO: 响应体msg信息断言成功
[2022-05-06 01:02:37,350] - logger.py] - INFO: 响应体状态码断言成功，状态码为400
[2022-05-06 01:02:37,350] - logger.py] - INFO: 验证用户名错误请求失败成功
[2022-05-06 01:02:37,351] - logger.py] - INFO: 登录接口用例执行结束
[2022-05-06 01:02:37,351] - logger.py] - INFO: -------------------------------------------
[2022-05-06 01:02:37,351] - logger.py] - INFO: 登录接口用例开始执行
[2022-05-06 01:02:37,352] - logger.py] - INFO: 用例标题：验证用户名错误请求失败
[2022-05-06 01:02:37,365] - logger.py] - INFO: 接口请求成功
[2022-05-06 01:02:37,365] - logger.py] - INFO: 接口返回状态断言成功，状态码为200
[2022-05-06 01:02:37,366] - logger.py] - INFO: 登录接口用例执行结束
[2022-05-06 01:02:37,366] - logger.py] - INFO: -------------------------------------------
[2022-05-06 01:02:37,367] - logger.py] - INFO: 登录接口用例开始执行
[2022-05-06 01:02:37,367] - logger.py] - INFO: 用例标题：验证用户名错误请求失败
[2022-05-06 01:02:37,380] - logger.py] - INFO: 接口请求成功
[2022-05-06 01:02:37,380] - logger.py] - INFO: 接口返回状态断言成功，状态码为200
[2022-05-06 01:02:37,381] - logger.py] - INFO: 响应体msg信息断言成功
[2022-05-06 01:02:37,381] - logger.py] - INFO: 响应体状态码断言成功，状态码为400
[2022-05-06 01:02:37,381] - logger.py] - INFO: 验证用户名错误请求失败成功
[2022-05-06 01:02:37,382] - logger.py] - INFO: 登录接口用例执行结束
[2022-05-06 01:02:37,382] - logger.py] - INFO: -------------------------------------------
[2022-05-06 01:02:37,382] - logger.py] - INFO: 登录接口用例开始执行
[2022-05-06 01:02:37,383] - logger.py] - INFO: 用例标题：验证用户名错误请求失败
[2022-05-06 01:02:37,396] - logger.py] - INFO: 接口请求成功
[2022-05-06 01:02:37,396] - logger.py] - INFO: 接口返回状态断言成功，状态码为200
[2022-05-06 01:02:37,396] - logger.py] - INFO: 响应体msg信息断言成功
[2022-05-06 01:02:37,397] - logger.py] - INFO: 响应体状态码断言成功，状态码为400
[2022-05-06 01:02:37,397] - logger.py] - INFO: 验证用户名错误请求失败成功
[2022-05-06 01:02:37,397] - logger.py] - INFO: 登录接口用例执行结束
[2022-05-06 01:02:37,398] - logger.py] - INFO: -------------------------------------------
[2022-05-06 01:03:33,791] - logger.py] - INFO: 登录接口用例开始执行
[2022-05-06 01:03:33,791] - logger.py] - INFO: 用例标题：验证密码为空请求失败
[2022-05-06 01:03:33,833] - logger.py] - INFO: 接口请求成功
[2022-05-06 01:03:33,833] - logger.py] - INFO: 接口返回状态断言成功，状态码为200
[2022-05-06 01:03:33,834] - logger.py] - INFO: 响应体msg信息断言成功
[2022-05-06 01:03:33,834] - logger.py] - INFO: 响应体状态码断言成功，状态码为400
[2022-05-06 01:03:33,834] - logger.py] - INFO: 验证密码为空请求失败成功
[2022-05-06 01:03:33,835] - logger.py] - INFO: 登录接口用例执行结束
[2022-05-06 01:03:33,835] - logger.py] - INFO: -------------------------------------------
[2022-05-06 01:03:33,835] - logger.py] - INFO: 登录接口用例开始执行
[2022-05-06 01:03:33,836] - logger.py] - INFO: 用例标题：验证密码错误请求失败
[2022-05-06 01:03:33,854] - logger.py] - INFO: 接口请求成功
[2022-05-06 01:03:33,855] - logger.py] - INFO: 接口返回状态断言成功，状态码为200
[2022-05-06 01:03:33,855] - logger.py] - INFO: 响应体msg信息断言成功
[2022-05-06 01:03:33,855] - logger.py] - INFO: 响应体状态码断言成功，状态码为400
[2022-05-06 01:03:33,856] - logger.py] - INFO: 验证密码错误请求失败成功
[2022-05-06 01:03:33,856] - logger.py] - INFO: 登录接口用例执行结束
[2022-05-06 01:03:33,856] - logger.py] - INFO: -------------------------------------------
[2022-05-06 01:03:33,857] - logger.py] - INFO: 登录接口用例开始执行
[2022-05-06 01:03:33,857] - logger.py] - INFO: 用例标题：验证密码错误请求失败
[2022-05-06 01:03:33,870] - logger.py] - INFO: 接口请求成功
[2022-05-06 01:03:33,871] - logger.py] - INFO: 接口返回状态断言成功，状态码为200
[2022-05-06 01:03:33,871] - logger.py] - INFO: 响应体msg信息断言成功
[2022-05-06 01:03:33,872] - logger.py] - INFO: 响应体状态码断言成功，状态码为400
[2022-05-06 01:03:33,872] - logger.py] - INFO: 验证密码错误请求失败成功
[2022-05-06 01:03:33,872] - logger.py] - INFO: 登录接口用例执行结束
[2022-05-06 01:03:33,873] - logger.py] - INFO: -------------------------------------------
[2022-05-06 01:03:33,873] - logger.py] - INFO: 登录接口用例开始执行
[2022-05-06 01:03:33,873] - logger.py] - INFO: 用例标题：验证密码错误请求失败
[2022-05-06 01:03:33,886] - logger.py] - INFO: 接口请求成功
[2022-05-06 01:03:33,887] - logger.py] - INFO: 接口返回状态断言成功，状态码为200
[2022-05-06 01:03:33,887] - logger.py] - INFO: 响应体msg信息断言成功
[2022-05-06 01:03:33,888] - logger.py] - INFO: 响应体状态码断言成功，状态码为400
[2022-05-06 01:03:33,888] - logger.py] - INFO: 验证密码错误请求失败成功
[2022-05-06 01:03:33,888] - logger.py] - INFO: 登录接口用例执行结束
[2022-05-06 01:03:33,889] - logger.py] - INFO: -------------------------------------------
[2022-05-06 01:03:33,889] - logger.py] - INFO: 登录接口用例开始执行
[2022-05-06 01:03:33,889] - logger.py] - INFO: 用例标题：验证登录接口请求成功
[2022-05-06 01:03:33,902] - logger.py] - INFO: 接口请求成功
[2022-05-06 01:03:33,903] - logger.py] - INFO: 接口返回状态断言成功，状态码为200
[2022-05-06 01:03:33,903] - logger.py] - INFO: 响应体msg信息断言成功
[2022-05-06 01:03:33,904] - logger.py] - INFO: 响应体状态码断言成功，状态码为200
[2022-05-06 01:03:33,904] - logger.py] - INFO: 验证接口登录成功
[2022-05-06 01:03:33,904] - logger.py] - INFO: 登录接口用例执行结束
[2022-05-06 01:03:33,905] - logger.py] - INFO: -------------------------------------------
[2022-05-06 01:03:33,905] - logger.py] - INFO: 登录接口用例开始执行
[2022-05-06 01:03:33,905] - logger.py] - INFO: 用例标题：验证用户名为空请求失败
[2022-05-06 01:03:33,915] - logger.py] - INFO: 接口请求成功
[2022-05-06 01:03:33,916] - logger.py] - INFO: 接口返回状态断言成功，状态码为200
[2022-05-06 01:03:33,916] - logger.py] - INFO: 响应体msg信息断言成功
[2022-05-06 01:03:33,917] - logger.py] - INFO: 响应体状态码断言成功，状态码为400
[2022-05-06 01:03:33,917] - logger.py] - INFO: 验证用户名为空请求失败成功
[2022-05-06 01:03:33,917] - logger.py] - INFO: 登录接口用例执行结束
[2022-05-06 01:03:33,918] - logger.py] - INFO: -------------------------------------------
[2022-05-06 01:03:33,918] - logger.py] - INFO: 登录接口用例开始执行
[2022-05-06 01:03:33,918] - logger.py] - INFO: 用例标题：验证用户名错误请求失败
[2022-05-06 01:03:33,931] - logger.py] - INFO: 接口请求成功
[2022-05-06 01:03:33,931] - logger.py] - INFO: 接口返回状态断言成功，状态码为200
[2022-05-06 01:03:33,932] - logger.py] - INFO: 响应体msg信息断言成功
[2022-05-06 01:03:33,932] - logger.py] - INFO: 响应体状态码断言成功，状态码为400
[2022-05-06 01:03:33,932] - logger.py] - INFO: 验证用户名错误请求失败成功
[2022-05-06 01:03:33,933] - logger.py] - INFO: 登录接口用例执行结束
[2022-05-06 01:03:33,933] - logger.py] - INFO: -------------------------------------------
[2022-05-06 01:03:33,933] - logger.py] - INFO: 登录接口用例开始执行
[2022-05-06 01:03:33,934] - logger.py] - INFO: 用例标题：验证用户名错误请求失败
[2022-05-06 01:03:33,946] - logger.py] - INFO: 接口请求成功
[2022-05-06 01:03:33,947] - logger.py] - INFO: 接口返回状态断言成功，状态码为200
[2022-05-06 01:03:33,947] - logger.py] - INFO: 响应体msg信息断言成功
[2022-05-06 01:03:33,948] - logger.py] - INFO: 响应体状态码断言成功，状态码为400
[2022-05-06 01:03:33,948] - logger.py] - INFO: 验证用户名错误请求失败成功
[2022-05-06 01:03:33,948] - logger.py] - INFO: 登录接口用例执行结束
[2022-05-06 01:03:33,949] - logger.py] - INFO: -------------------------------------------
[2022-05-06 01:03:33,949] - logger.py] - INFO: 登录接口用例开始执行
[2022-05-06 01:03:33,949] - logger.py] - INFO: 用例标题：验证用户名错误请求失败
[2022-05-06 01:03:33,962] - logger.py] - INFO: 接口请求成功
[2022-05-06 01:03:33,962] - logger.py] - INFO: 接口返回状态断言成功，状态码为200
[2022-05-06 01:03:33,962] - logger.py] - INFO: 响应体msg信息断言成功
[2022-05-06 01:03:33,963] - logger.py] - INFO: 响应体状态码断言成功，状态码为400
[2022-05-06 01:03:33,963] - logger.py] - INFO: 验证用户名错误请求失败成功
[2022-05-06 01:03:33,963] - logger.py] - INFO: 登录接口用例执行结束
[2022-05-06 01:03:33,964] - logger.py] - INFO: -------------------------------------------
[2022-05-06 01:03:33,964] - logger.py] - INFO: 登录接口用例开始执行
[2022-05-06 01:03:33,964] - logger.py] - INFO: 用例标题：验证用户名错误请求失败
[2022-05-06 01:03:33,977] - logger.py] - INFO: 接口请求成功
[2022-05-06 01:03:33,977] - logger.py] - INFO: 接口返回状态断言成功，状态码为200
[2022-05-06 01:03:33,977] - logger.py] - INFO: 响应体msg信息断言成功
[2022-05-06 01:03:33,978] - logger.py] - INFO: 响应体状态码断言成功，状态码为400
[2022-05-06 01:03:33,978] - logger.py] - INFO: 验证用户名错误请求失败成功
[2022-05-06 01:03:33,978] - logger.py] - INFO: 登录接口用例执行结束
[2022-05-06 01:03:33,979] - logger.py] - INFO: -------------------------------------------
[2022-05-06 21:18:06,676] - logger.py] - INFO: 登录接口用例开始执行
[2022-05-06 21:18:06,676] - logger.py] - INFO: 用例标题：验证密码为空请求失败
[2022-05-06 21:18:06,752] - logger.py] - INFO: 接口请求成功
[2022-05-06 21:18:06,752] - logger.py] - INFO: 接口返回状态断言成功，状态码为200
[2022-05-06 21:18:06,752] - logger.py] - INFO: 响应体msg信息断言成功
[2022-05-06 21:18:06,752] - logger.py] - INFO: 响应体状态码断言成功，状态码为400
[2022-05-06 21:18:06,752] - logger.py] - INFO: 验证密码为空请求失败成功
[2022-05-06 21:18:06,752] - logger.py] - INFO: 登录接口用例执行结束
[2022-05-06 21:18:06,752] - logger.py] - INFO: -------------------------------------------
[2022-05-06 21:18:06,752] - logger.py] - INFO: 登录接口用例开始执行
[2022-05-06 21:18:06,752] - logger.py] - INFO: 用例标题：验证密码错误请求失败
[2022-05-06 21:18:07,053] - logger.py] - INFO: 接口请求成功
[2022-05-06 21:18:07,053] - logger.py] - INFO: 接口返回状态断言成功，状态码为200
[2022-05-06 21:18:07,053] - logger.py] - INFO: 响应体msg信息断言成功
[2022-05-06 21:18:07,053] - logger.py] - INFO: 响应体状态码断言成功，状态码为400
[2022-05-06 21:18:07,053] - logger.py] - INFO: 验证密码错误请求失败成功
[2022-05-06 21:18:07,053] - logger.py] - INFO: 登录接口用例执行结束
[2022-05-06 21:18:07,053] - logger.py] - INFO: -------------------------------------------
[2022-05-06 21:18:07,053] - logger.py] - INFO: 登录接口用例开始执行
[2022-05-06 21:18:07,053] - logger.py] - INFO: 用例标题：验证密码错误请求失败
[2022-05-06 21:18:07,078] - logger.py] - INFO: 接口请求成功
[2022-05-06 21:18:07,078] - logger.py] - INFO: 接口返回状态断言成功，状态码为200
[2022-05-06 21:18:07,078] - logger.py] - INFO: 响应体msg信息断言成功
[2022-05-06 21:18:07,078] - logger.py] - INFO: 响应体状态码断言成功，状态码为400
[2022-05-06 21:18:07,078] - logger.py] - INFO: 验证密码错误请求失败成功
[2022-05-06 21:18:07,078] - logger.py] - INFO: 登录接口用例执行结束
[2022-05-06 21:18:07,078] - logger.py] - INFO: -------------------------------------------
[2022-05-06 21:18:07,078] - logger.py] - INFO: 登录接口用例开始执行
[2022-05-06 21:18:07,078] - logger.py] - INFO: 用例标题：验证密码错误请求失败
[2022-05-06 21:18:07,104] - logger.py] - INFO: 接口请求成功
[2022-05-06 21:18:07,104] - logger.py] - INFO: 接口返回状态断言成功，状态码为200
[2022-05-06 21:18:07,104] - logger.py] - INFO: 响应体msg信息断言成功
[2022-05-06 21:18:07,104] - logger.py] - INFO: 响应体状态码断言成功，状态码为400
[2022-05-06 21:18:07,104] - logger.py] - INFO: 验证密码错误请求失败成功
[2022-05-06 21:18:07,104] - logger.py] - INFO: 登录接口用例执行结束
[2022-05-06 21:18:07,112] - logger.py] - INFO: -------------------------------------------
[2022-05-06 21:18:07,112] - logger.py] - INFO: 登录接口用例开始执行
[2022-05-06 21:18:07,112] - logger.py] - INFO: 用例标题：验证登录接口请求成功
[2022-05-06 21:18:07,137] - logger.py] - INFO: 接口请求成功
[2022-05-06 21:18:07,137] - logger.py] - INFO: 接口返回状态断言成功，状态码为200
[2022-05-06 21:18:07,137] - logger.py] - INFO: 响应体msg信息断言成功
[2022-05-06 21:18:07,137] - logger.py] - INFO: 响应体状态码断言成功，状态码为200
[2022-05-06 21:18:07,137] - logger.py] - INFO: 验证接口登录成功
[2022-05-06 21:18:07,137] - logger.py] - INFO: 登录接口用例执行结束
[2022-05-06 21:18:07,137] - logger.py] - INFO: -------------------------------------------
[2022-05-06 21:18:07,137] - logger.py] - INFO: 登录接口用例开始执行
[2022-05-06 21:18:07,137] - logger.py] - INFO: 用例标题：验证用户名为空请求失败
[2022-05-06 21:18:07,150] - logger.py] - INFO: 接口请求成功
[2022-05-06 21:18:07,150] - logger.py] - INFO: 接口返回状态断言成功，状态码为200
[2022-05-06 21:18:07,150] - logger.py] - INFO: 响应体msg信息断言成功
[2022-05-06 21:18:07,151] - logger.py] - INFO: 响应体状态码断言成功，状态码为400
[2022-05-06 21:18:07,151] - logger.py] - INFO: 验证用户名为空请求失败成功
[2022-05-06 21:18:07,151] - logger.py] - INFO: 登录接口用例执行结束
[2022-05-06 21:18:07,152] - logger.py] - INFO: -------------------------------------------
[2022-05-06 21:18:07,152] - logger.py] - INFO: 登录接口用例开始执行
[2022-05-06 21:18:07,152] - logger.py] - INFO: 用例标题：验证用户名错误请求失败
[2022-05-06 21:18:07,175] - logger.py] - INFO: 接口请求成功
[2022-05-06 21:18:07,175] - logger.py] - INFO: 接口返回状态断言成功，状态码为200
[2022-05-06 21:18:07,175] - logger.py] - INFO: 响应体msg信息断言成功
[2022-05-06 21:18:07,175] - logger.py] - INFO: 响应体状态码断言成功，状态码为400
[2022-05-06 21:18:07,175] - logger.py] - INFO: 验证用户名错误请求失败成功
[2022-05-06 21:18:07,175] - logger.py] - INFO: 登录接口用例执行结束
[2022-05-06 21:18:07,175] - logger.py] - INFO: -------------------------------------------
[2022-05-06 21:18:07,175] - logger.py] - INFO: 登录接口用例开始执行
[2022-05-06 21:18:07,175] - logger.py] - INFO: 用例标题：验证用户名错误请求失败
[2022-05-06 21:18:07,200] - logger.py] - INFO: 接口请求成功
[2022-05-06 21:18:07,200] - logger.py] - INFO: 接口返回状态断言成功，状态码为200
[2022-05-06 21:18:07,200] - logger.py] - INFO: 响应体msg信息断言成功
[2022-05-06 21:18:07,200] - logger.py] - INFO: 响应体状态码断言成功，状态码为400
[2022-05-06 21:18:07,200] - logger.py] - INFO: 验证用户名错误请求失败成功
[2022-05-06 21:18:07,200] - logger.py] - INFO: 登录接口用例执行结束
[2022-05-06 21:18:07,200] - logger.py] - INFO: -------------------------------------------
[2022-05-06 21:18:07,200] - logger.py] - INFO: 登录接口用例开始执行
[2022-05-06 21:18:07,200] - logger.py] - INFO: 用例标题：验证用户名错误请求失败
[2022-05-06 21:18:07,220] - logger.py] - INFO: 接口请求成功
[2022-05-06 21:18:07,229] - logger.py] - INFO: 接口返回状态断言成功，状态码为200
[2022-05-06 21:18:07,229] - logger.py] - INFO: 响应体msg信息断言成功
[2022-05-06 21:18:07,229] - logger.py] - INFO: 响应体状态码断言成功，状态码为400
[2022-05-06 21:18:07,229] - logger.py] - INFO: 验证用户名错误请求失败成功
[2022-05-06 21:18:07,229] - logger.py] - INFO: 登录接口用例执行结束
[2022-05-06 21:18:07,229] - logger.py] - INFO: -------------------------------------------
[2022-05-06 21:18:07,229] - logger.py] - INFO: 登录接口用例开始执行
[2022-05-06 21:18:07,229] - logger.py] - INFO: 用例标题：验证用户名错误请求失败
[2022-05-06 21:18:07,254] - logger.py] - INFO: 接口请求成功
[2022-05-06 21:18:07,254] - logger.py] - INFO: 接口返回状态断言成功，状态码为200
[2022-05-06 21:18:07,254] - logger.py] - INFO: 响应体msg信息断言成功
[2022-05-06 21:18:07,254] - logger.py] - INFO: 响应体状态码断言成功，状态码为400
[2022-05-06 21:18:07,254] - logger.py] - INFO: 验证用户名错误请求失败成功
[2022-05-06 21:18:07,254] - logger.py] - INFO: 登录接口用例执行结束
[2022-05-06 21:18:07,254] - logger.py] - INFO: -------------------------------------------
[2022-05-06 21:29:49,198] - logger.py] - INFO: 登录接口用例开始执行
[2022-05-06 21:29:49,198] - logger.py] - INFO: 用例标题：验证密码为空请求失败
[2022-05-06 21:29:49,228] - logger.py] - INFO: 接口请求成功
[2022-05-06 21:29:49,228] - logger.py] - INFO: 接口返回状态断言成功，状态码为200
[2022-05-06 21:29:49,228] - logger.py] - INFO: 响应体msg信息断言成功
[2022-05-06 21:29:49,228] - logger.py] - INFO: 响应体状态码断言成功，状态码为400
[2022-05-06 21:29:49,228] - logger.py] - INFO: 验证密码为空请求失败成功
[2022-05-06 21:29:49,228] - logger.py] - INFO: 登录接口用例执行结束
[2022-05-06 21:29:49,228] - logger.py] - INFO: -------------------------------------------
[2022-05-06 21:29:49,228] - logger.py] - INFO: 登录接口用例开始执行
[2022-05-06 21:29:49,228] - logger.py] - INFO: 用例标题：验证密码错误请求失败
[2022-05-06 21:29:49,248] - logger.py] - INFO: 接口请求成功
[2022-05-06 21:29:49,248] - logger.py] - INFO: 接口返回状态断言成功，状态码为200
[2022-05-06 21:29:49,248] - logger.py] - INFO: 响应体msg信息断言成功
[2022-05-06 21:29:49,248] - logger.py] - INFO: 响应体状态码断言成功，状态码为400
[2022-05-06 21:29:49,248] - logger.py] - INFO: 验证密码错误请求失败成功
[2022-05-06 21:29:49,258] - logger.py] - INFO: 登录接口用例执行结束
[2022-05-06 21:29:49,258] - logger.py] - INFO: -------------------------------------------
[2022-05-06 21:29:49,258] - logger.py] - INFO: 登录接口用例开始执行
[2022-05-06 21:29:49,258] - logger.py] - INFO: 用例标题：验证密码错误请求失败
[2022-05-06 21:29:49,278] - logger.py] - INFO: 接口请求成功
[2022-05-06 21:29:49,278] - logger.py] - INFO: 接口返回状态断言成功，状态码为200
[2022-05-06 21:29:49,278] - logger.py] - INFO: 响应体msg信息断言成功
[2022-05-06 21:29:49,278] - logger.py] - INFO: 响应体状态码断言成功，状态码为400
[2022-05-06 21:29:49,278] - logger.py] - INFO: 验证密码错误请求失败成功
[2022-05-06 21:29:49,278] - logger.py] - INFO: 登录接口用例执行结束
[2022-05-06 21:29:49,278] - logger.py] - INFO: -------------------------------------------
[2022-05-06 21:29:49,278] - logger.py] - INFO: 登录接口用例开始执行
[2022-05-06 21:29:49,278] - logger.py] - INFO: 用例标题：验证密码错误请求失败
[2022-05-06 21:29:49,298] - logger.py] - INFO: 接口请求成功
[2022-05-06 21:29:49,298] - logger.py] - INFO: 接口返回状态断言成功，状态码为200
[2022-05-06 21:29:49,298] - logger.py] - INFO: 响应体msg信息断言成功
[2022-05-06 21:29:49,298] - logger.py] - INFO: 响应体状态码断言成功，状态码为400
[2022-05-06 21:29:49,298] - logger.py] - INFO: 验证密码错误请求失败成功
[2022-05-06 21:29:49,298] - logger.py] - INFO: 登录接口用例执行结束
[2022-05-06 21:29:49,298] - logger.py] - INFO: -------------------------------------------
[2022-05-06 21:29:49,298] - logger.py] - INFO: 登录接口用例开始执行
[2022-05-06 21:29:49,298] - logger.py] - INFO: 用例标题：验证登录接口请求成功
[2022-05-06 21:29:49,318] - logger.py] - INFO: 接口请求成功
[2022-05-06 21:29:49,318] - logger.py] - INFO: 接口返回状态断言成功，状态码为200
[2022-05-06 21:29:49,318] - logger.py] - INFO: 响应体msg信息断言成功
[2022-05-06 21:29:49,318] - logger.py] - INFO: 响应体状态码断言成功，状态码为200
[2022-05-06 21:29:49,318] - logger.py] - INFO: 验证接口登录成功
[2022-05-06 21:29:49,318] - logger.py] - INFO: 登录接口用例执行结束
[2022-05-06 21:29:49,318] - logger.py] - INFO: -------------------------------------------
[2022-05-06 21:29:49,318] - logger.py] - INFO: 登录接口用例开始执行
[2022-05-06 21:29:49,318] - logger.py] - INFO: 用例标题：验证用户名为空请求失败
[2022-05-06 21:29:49,328] - logger.py] - INFO: 接口请求成功
[2022-05-06 21:29:49,328] - logger.py] - INFO: 接口返回状态断言成功，状态码为200
[2022-05-06 21:29:49,328] - logger.py] - INFO: 响应体msg信息断言成功
[2022-05-06 21:29:49,328] - logger.py] - INFO: 响应体状态码断言成功，状态码为400
[2022-05-06 21:29:49,328] - logger.py] - INFO: 验证用户名为空请求失败成功
[2022-05-06 21:29:49,328] - logger.py] - INFO: 登录接口用例执行结束
[2022-05-06 21:29:49,328] - logger.py] - INFO: -------------------------------------------
[2022-05-06 21:29:49,328] - logger.py] - INFO: 登录接口用例开始执行
[2022-05-06 21:29:49,328] - logger.py] - INFO: 用例标题：验证用户名错误请求失败
[2022-05-06 21:29:49,348] - logger.py] - INFO: 接口请求成功
[2022-05-06 21:29:49,348] - logger.py] - INFO: 接口返回状态断言成功，状态码为200
[2022-05-06 21:29:49,348] - logger.py] - INFO: 响应体msg信息断言成功
[2022-05-06 21:29:49,348] - logger.py] - INFO: 响应体状态码断言成功，状态码为400
[2022-05-06 21:29:49,348] - logger.py] - INFO: 验证用户名错误请求失败成功
[2022-05-06 21:29:49,348] - logger.py] - INFO: 登录接口用例执行结束
[2022-05-06 21:29:49,348] - logger.py] - INFO: -------------------------------------------
[2022-05-06 21:29:49,348] - logger.py] - INFO: 登录接口用例开始执行
[2022-05-06 21:29:49,348] - logger.py] - INFO: 用例标题：验证用户名错误请求失败
[2022-05-06 21:29:49,368] - logger.py] - INFO: 接口请求成功
[2022-05-06 21:29:49,368] - logger.py] - INFO: 接口返回状态断言成功，状态码为200
[2022-05-06 21:29:49,368] - logger.py] - INFO: 响应体msg信息断言成功
[2022-05-06 21:29:49,368] - logger.py] - INFO: 响应体状态码断言成功，状态码为400
[2022-05-06 21:29:49,368] - logger.py] - INFO: 验证用户名错误请求失败成功
[2022-05-06 21:29:49,368] - logger.py] - INFO: 登录接口用例执行结束
[2022-05-06 21:29:49,368] - logger.py] - INFO: -------------------------------------------
[2022-05-06 21:29:49,368] - logger.py] - INFO: 登录接口用例开始执行
[2022-05-06 21:29:49,368] - logger.py] - INFO: 用例标题：验证用户名错误请求失败
[2022-05-06 21:29:49,378] - logger.py] - INFO: 接口请求成功
[2022-05-06 21:29:49,378] - logger.py] - INFO: 接口返回状态断言成功，状态码为200
[2022-05-06 21:29:49,378] - logger.py] - INFO: 响应体msg信息断言成功
[2022-05-06 21:29:49,378] - logger.py] - INFO: 响应体状态码断言成功，状态码为400
[2022-05-06 21:29:49,378] - logger.py] - INFO: 验证用户名错误请求失败成功
[2022-05-06 21:29:49,388] - logger.py] - INFO: 登录接口用例执行结束
[2022-05-06 21:29:49,388] - logger.py] - INFO: -------------------------------------------
[2022-05-06 21:29:49,388] - logger.py] - INFO: 登录接口用例开始执行
[2022-05-06 21:29:49,388] - logger.py] - INFO: 用例标题：验证用户名错误请求失败
[2022-05-06 21:29:49,399] - logger.py] - INFO: 接口请求成功
[2022-05-06 21:29:49,399] - logger.py] - INFO: 接口返回状态断言成功，状态码为200
[2022-05-06 21:29:49,399] - logger.py] - INFO: 响应体msg信息断言成功
[2022-05-06 21:29:49,406] - logger.py] - INFO: 响应体状态码断言成功，状态码为400
[2022-05-06 21:29:49,406] - logger.py] - INFO: 验证用户名错误请求失败成功
[2022-05-06 21:29:49,406] - logger.py] - INFO: 登录接口用例执行结束
[2022-05-06 21:29:49,406] - logger.py] - INFO: -------------------------------------------
