[2022-05-05 00:23:57,387] - logger.py] - INFO: 登录接口用例开始执行
[2022-05-05 00:23:57,388] - logger.py] - INFO: 用例标题：验证密码为空请求失败
[2022-05-05 00:23:57,425] - logger.py] - INFO: 接口请求成功
[2022-05-05 00:23:57,425] - logger.py] - INFO: 接口返回状态断言成功，状态码为200
[2022-05-05 00:23:57,425] - logger.py] - INFO: 响应体msg信息断言成功
[2022-05-05 00:23:57,426] - logger.py] - INFO: 响应体状态码断言成功，状态码为400
[2022-05-05 00:23:57,426] - logger.py] - INFO: 验证密码为空请求失败成功
[2022-05-05 00:23:57,426] - logger.py] - INFO: 登录接口用例执行结束
[2022-05-05 00:23:57,431] - logger.py] - INFO: -------------------------------------------
[2022-05-05 00:23:57,431] - logger.py] - INFO: 登录接口用例开始执行
[2022-05-05 00:23:57,432] - logger.py] - INFO: 用例标题：验证密码错误请求失败
[2022-05-05 00:23:57,451] - logger.py] - INFO: 接口请求成功
[2022-05-05 00:23:57,451] - logger.py] - INFO: 接口返回状态断言成功，状态码为200
[2022-05-05 00:23:57,452] - logger.py] - INFO: 响应体msg信息断言成功
[2022-05-05 00:23:57,452] - logger.py] - INFO: 响应体状态码断言成功，状态码为400
[2022-05-05 00:23:57,452] - logger.py] - INFO: 验证密码错误请求失败成功
[2022-05-05 00:23:57,453] - logger.py] - INFO: 登录接口用例执行结束
[2022-05-05 00:23:57,453] - logger.py] - INFO: -------------------------------------------
[2022-05-05 00:23:57,453] - logger.py] - INFO: 登录接口用例开始执行
[2022-05-05 00:23:57,454] - logger.py] - INFO: 用例标题：验证登录接口请求成功
[2022-05-05 00:23:57,470] - logger.py] - INFO: 接口请求成功
[2022-05-05 00:23:57,470] - logger.py] - INFO: 接口返回状态断言成功，状态码为200
[2022-05-05 00:23:57,470] - logger.py] - INFO: 响应体msg信息断言成功
[2022-05-05 00:23:57,471] - logger.py] - INFO: 响应体状态码断言成功，状态码为200
[2022-05-05 00:23:57,471] - logger.py] - INFO: 验证接口登录成功
[2022-05-05 00:23:57,471] - logger.py] - INFO: 登录接口用例执行结束
[2022-05-05 00:23:57,472] - logger.py] - INFO: -------------------------------------------
[2022-05-05 00:23:57,472] - logger.py] - INFO: 登录接口用例开始执行
[2022-05-05 00:23:57,472] - logger.py] - INFO: 用例标题：验证用户名为空请求失败
[2022-05-05 00:23:57,483] - logger.py] - INFO: 接口请求成功
[2022-05-05 00:23:57,484] - logger.py] - INFO: 接口返回状态断言成功，状态码为200
[2022-05-05 00:23:57,484] - logger.py] - INFO: 响应体msg信息断言成功
[2022-05-05 00:23:57,484] - logger.py] - INFO: 响应体状态码断言成功，状态码为400
[2022-05-05 00:23:57,485] - logger.py] - INFO: 验证用户名为空请求失败成功
[2022-05-05 00:23:57,485] - logger.py] - INFO: 登录接口用例执行结束
[2022-05-05 00:23:57,485] - logger.py] - INFO: -------------------------------------------
[2022-05-05 00:23:57,486] - logger.py] - INFO: 登录接口用例开始执行
[2022-05-05 00:23:57,486] - logger.py] - INFO: 用例标题：验证用户名错误请求失败
[2022-05-05 00:23:57,500] - logger.py] - INFO: 接口请求成功
[2022-05-05 00:23:57,500] - logger.py] - INFO: 接口返回状态断言成功，状态码为200
[2022-05-05 00:23:57,500] - logger.py] - INFO: 响应体msg信息断言成功
[2022-05-05 00:23:57,501] - logger.py] - INFO: 响应体状态码断言成功，状态码为400
[2022-05-05 00:23:57,501] - logger.py] - INFO: 验证用户名错误请求失败成功
[2022-05-05 00:23:57,501] - logger.py] - INFO: 登录接口用例执行结束
[2022-05-05 00:23:57,502] - logger.py] - INFO: -------------------------------------------
[2022-05-05 00:29:33,643] - logger.py] - INFO: 登录接口用例开始执行
[2022-05-05 00:29:33,643] - logger.py] - INFO: 用例标题：验证密码为空请求失败
[2022-05-05 00:29:33,679] - logger.py] - INFO: 接口请求成功
[2022-05-05 00:29:33,679] - logger.py] - INFO: 接口返回状态断言成功，状态码为200
[2022-05-05 00:29:33,679] - logger.py] - INFO: 响应体msg信息断言成功
[2022-05-05 00:29:33,680] - logger.py] - INFO: 响应体状态码断言成功，状态码为400
[2022-05-05 00:29:33,680] - logger.py] - INFO: 验证密码为空请求失败成功
[2022-05-05 00:29:33,680] - logger.py] - INFO: 登录接口用例执行结束
[2022-05-05 00:29:33,681] - logger.py] - INFO: -------------------------------------------
[2022-05-05 00:29:33,681] - logger.py] - INFO: 登录接口用例开始执行
[2022-05-05 00:29:33,681] - logger.py] - INFO: 用例标题：验证密码错误请求失败
[2022-05-05 00:29:33,705] - logger.py] - INFO: 接口请求成功
[2022-05-05 00:29:33,705] - logger.py] - INFO: 接口返回状态断言成功，状态码为200
[2022-05-05 00:29:33,706] - logger.py] - INFO: 响应体msg信息断言成功
[2022-05-05 00:29:33,706] - logger.py] - INFO: 响应体状态码断言成功，状态码为400
[2022-05-05 00:29:33,706] - logger.py] - INFO: 验证密码错误请求失败成功
[2022-05-05 00:29:33,707] - logger.py] - INFO: 登录接口用例执行结束
[2022-05-05 00:29:33,707] - logger.py] - INFO: -------------------------------------------
[2022-05-05 00:29:33,707] - logger.py] - INFO: 登录接口用例开始执行
[2022-05-05 00:29:33,708] - logger.py] - INFO: 用例标题：验证登录接口请求成功
[2022-05-05 00:29:33,724] - logger.py] - INFO: 接口请求成功
[2022-05-05 00:29:33,724] - logger.py] - INFO: 接口返回状态断言成功，状态码为200
[2022-05-05 00:29:33,724] - logger.py] - INFO: 响应体msg信息断言成功
[2022-05-05 00:29:33,725] - logger.py] - INFO: 响应体状态码断言成功，状态码为200
[2022-05-05 00:29:33,725] - logger.py] - INFO: 验证接口登录成功
[2022-05-05 00:29:33,725] - logger.py] - INFO: 登录接口用例执行结束
[2022-05-05 00:29:33,726] - logger.py] - INFO: -------------------------------------------
[2022-05-05 00:29:33,726] - logger.py] - INFO: 登录接口用例开始执行
[2022-05-05 00:29:33,726] - logger.py] - INFO: 用例标题：验证用户名为空请求失败
[2022-05-05 00:29:33,738] - logger.py] - INFO: 接口请求成功
[2022-05-05 00:29:33,738] - logger.py] - INFO: 接口返回状态断言成功，状态码为200
[2022-05-05 00:29:33,738] - logger.py] - INFO: 响应体msg信息断言成功
[2022-05-05 00:29:33,739] - logger.py] - INFO: 响应体状态码断言成功，状态码为400
[2022-05-05 00:29:33,739] - logger.py] - INFO: 验证用户名为空请求失败成功
[2022-05-05 00:29:33,739] - logger.py] - INFO: 登录接口用例执行结束
[2022-05-05 00:29:33,740] - logger.py] - INFO: -------------------------------------------
[2022-05-05 00:29:33,740] - logger.py] - INFO: 登录接口用例开始执行
[2022-05-05 00:29:33,740] - logger.py] - INFO: 用例标题：验证用户名错误请求失败
[2022-05-05 00:29:33,753] - logger.py] - INFO: 接口请求成功
[2022-05-05 00:29:33,753] - logger.py] - INFO: 接口返回状态断言成功，状态码为200
[2022-05-05 00:29:33,754] - logger.py] - INFO: 响应体msg信息断言成功
[2022-05-05 00:29:33,754] - logger.py] - INFO: 响应体状态码断言成功，状态码为400
[2022-05-05 00:29:33,754] - logger.py] - INFO: 验证用户名错误请求失败成功
[2022-05-05 00:29:33,755] - logger.py] - INFO: 登录接口用例执行结束
[2022-05-05 00:29:33,755] - logger.py] - INFO: -------------------------------------------
[2022-05-05 00:56:13,429] - logger.py] - INFO: 登录接口用例开始执行
[2022-05-05 00:56:13,429] - logger.py] - INFO: 用例标题：验证密码为空请求失败
[2022-05-05 00:56:13,475] - logger.py] - INFO: 接口请求成功
[2022-05-05 00:56:13,475] - logger.py] - INFO: 接口返回状态断言成功，状态码为200
[2022-05-05 00:56:13,475] - logger.py] - INFO: 响应体msg信息断言成功
[2022-05-05 00:56:13,476] - logger.py] - INFO: 响应体状态码断言成功，状态码为400
[2022-05-05 00:56:13,476] - logger.py] - INFO: 验证密码为空请求失败成功
[2022-05-05 00:56:13,476] - logger.py] - INFO: 登录接口用例执行结束
[2022-05-05 00:56:13,477] - logger.py] - INFO: -------------------------------------------
[2022-05-05 00:56:13,477] - logger.py] - INFO: 登录接口用例开始执行
[2022-05-05 00:56:13,477] - logger.py] - INFO: 用例标题：验证密码错误请求失败
[2022-05-05 00:56:13,505] - logger.py] - INFO: 接口请求成功
[2022-05-05 00:56:13,505] - logger.py] - INFO: 接口返回状态断言成功，状态码为200
[2022-05-05 00:56:13,506] - logger.py] - INFO: 响应体msg信息断言成功
[2022-05-05 00:56:13,506] - logger.py] - INFO: 响应体状态码断言成功，状态码为400
[2022-05-05 00:56:13,506] - logger.py] - INFO: 验证密码错误请求失败成功
[2022-05-05 00:56:13,507] - logger.py] - INFO: 登录接口用例执行结束
[2022-05-05 00:56:13,507] - logger.py] - INFO: -------------------------------------------
[2022-05-05 00:56:13,507] - logger.py] - INFO: 登录接口用例开始执行
[2022-05-05 00:56:13,508] - logger.py] - INFO: 用例标题：验证登录接口请求成功
[2022-05-05 00:56:13,521] - logger.py] - INFO: 接口请求成功
[2022-05-05 00:56:13,521] - logger.py] - INFO: 接口返回状态断言成功，状态码为200
[2022-05-05 00:56:13,522] - logger.py] - INFO: 响应体msg信息断言成功
[2022-05-05 00:56:13,522] - logger.py] - INFO: 响应体状态码断言成功，状态码为200
[2022-05-05 00:56:13,522] - logger.py] - INFO: 验证接口登录成功
[2022-05-05 00:56:13,523] - logger.py] - INFO: 登录接口用例执行结束
[2022-05-05 00:56:13,523] - logger.py] - INFO: -------------------------------------------
[2022-05-05 00:56:13,523] - logger.py] - INFO: 登录接口用例开始执行
[2022-05-05 00:56:13,524] - logger.py] - INFO: 用例标题：验证用户名为空请求失败
[2022-05-05 00:56:13,535] - logger.py] - INFO: 接口请求成功
[2022-05-05 00:56:13,535] - logger.py] - INFO: 接口返回状态断言成功，状态码为200
[2022-05-05 00:56:13,535] - logger.py] - INFO: 响应体msg信息断言成功
[2022-05-05 00:56:13,536] - logger.py] - INFO: 响应体状态码断言成功，状态码为400
[2022-05-05 00:56:13,536] - logger.py] - INFO: 验证用户名为空请求失败成功
[2022-05-05 00:56:13,536] - logger.py] - INFO: 登录接口用例执行结束
[2022-05-05 00:56:13,537] - logger.py] - INFO: -------------------------------------------
[2022-05-05 00:56:13,537] - logger.py] - INFO: 登录接口用例开始执行
[2022-05-05 00:56:13,537] - logger.py] - INFO: 用例标题：验证用户名错误请求失败
[2022-05-05 00:56:13,565] - logger.py] - INFO: 接口请求成功
[2022-05-05 00:56:13,565] - logger.py] - INFO: 接口返回状态断言成功，状态码为200
[2022-05-05 00:56:13,566] - logger.py] - INFO: 响应体msg信息断言成功
[2022-05-05 00:56:13,566] - logger.py] - INFO: 响应体状态码断言成功，状态码为400
[2022-05-05 00:56:13,566] - logger.py] - INFO: 验证用户名错误请求失败成功
[2022-05-05 00:56:13,567] - logger.py] - INFO: 登录接口用例执行结束
[2022-05-05 00:56:13,567] - logger.py] - INFO: -------------------------------------------
[2022-05-05 01:15:16,490] - logger.py] - INFO: 登录接口用例开始执行
[2022-05-05 01:15:16,490] - logger.py] - INFO: 用例标题：验证密码为空请求失败
[2022-05-05 01:15:16,535] - logger.py] - INFO: 接口请求成功
[2022-05-05 01:15:16,535] - logger.py] - INFO: 接口返回状态断言成功，状态码为200
[2022-05-05 01:15:16,536] - logger.py] - INFO: 响应体msg信息断言成功
[2022-05-05 01:15:16,536] - logger.py] - INFO: 响应体状态码断言成功，状态码为400
[2022-05-05 01:15:16,536] - logger.py] - INFO: 验证密码为空请求失败成功
[2022-05-05 01:15:16,537] - logger.py] - INFO: 登录接口用例执行结束
[2022-05-05 01:15:16,537] - logger.py] - INFO: -------------------------------------------
[2022-05-05 01:15:16,538] - logger.py] - INFO: 登录接口用例开始执行
[2022-05-05 01:15:16,538] - logger.py] - INFO: 用例标题：验证密码错误请求失败
[2022-05-05 01:15:16,553] - logger.py] - INFO: 接口请求成功
[2022-05-05 01:15:16,553] - logger.py] - INFO: 接口返回状态断言成功，状态码为200
[2022-05-05 01:15:16,553] - logger.py] - INFO: 响应体msg信息断言成功
[2022-05-05 01:15:16,554] - logger.py] - INFO: 响应体状态码断言成功，状态码为400
[2022-05-05 01:15:16,554] - logger.py] - INFO: 验证密码错误请求失败成功
[2022-05-05 01:15:16,554] - logger.py] - INFO: 登录接口用例执行结束
[2022-05-05 01:15:16,555] - logger.py] - INFO: -------------------------------------------
[2022-05-05 01:15:16,555] - logger.py] - INFO: 登录接口用例开始执行
[2022-05-05 01:15:16,555] - logger.py] - INFO: 用例标题：验证登录接口请求成功
[2022-05-05 01:15:16,569] - logger.py] - INFO: 接口请求成功
[2022-05-05 01:15:16,569] - logger.py] - INFO: 接口返回状态断言成功，状态码为200
[2022-05-05 01:15:16,569] - logger.py] - INFO: 响应体msg信息断言成功
[2022-05-05 01:15:16,570] - logger.py] - INFO: 响应体状态码断言成功，状态码为200
[2022-05-05 01:15:16,570] - logger.py] - INFO: 验证接口登录成功
[2022-05-05 01:15:16,570] - logger.py] - INFO: 登录接口用例执行结束
[2022-05-05 01:15:16,571] - logger.py] - INFO: -------------------------------------------
[2022-05-05 01:15:16,571] - logger.py] - INFO: 登录接口用例开始执行
[2022-05-05 01:15:16,571] - logger.py] - INFO: 用例标题：验证用户名为空请求失败
[2022-05-05 01:15:16,583] - logger.py] - INFO: 接口请求成功
[2022-05-05 01:15:16,583] - logger.py] - INFO: 接口返回状态断言成功，状态码为200
[2022-05-05 01:15:16,584] - logger.py] - INFO: 响应体msg信息断言成功
[2022-05-05 01:15:16,584] - logger.py] - INFO: 响应体状态码断言成功，状态码为400
[2022-05-05 01:15:16,584] - logger.py] - INFO: 验证用户名为空请求失败成功
[2022-05-05 01:15:16,585] - logger.py] - INFO: 登录接口用例执行结束
[2022-05-05 01:15:16,585] - logger.py] - INFO: -------------------------------------------
[2022-05-05 01:15:16,585] - logger.py] - INFO: 登录接口用例开始执行
[2022-05-05 01:15:16,586] - logger.py] - INFO: 用例标题：验证用户名错误请求失败
[2022-05-05 01:15:16,600] - logger.py] - INFO: 接口请求成功
[2022-05-05 01:15:16,601] - logger.py] - INFO: 接口返回状态断言成功，状态码为200
[2022-05-05 01:15:16,601] - logger.py] - INFO: 响应体msg信息断言成功
[2022-05-05 01:15:16,602] - logger.py] - INFO: 响应体状态码断言成功，状态码为400
[2022-05-05 01:15:16,602] - logger.py] - INFO: 验证用户名错误请求失败成功
[2022-05-05 01:15:16,602] - logger.py] - INFO: 登录接口用例执行结束
[2022-05-05 01:15:16,603] - logger.py] - INFO: -------------------------------------------
[2022-05-05 01:18:57,206] - logger.py] - INFO: 登录接口用例开始执行
[2022-05-05 01:18:57,206] - logger.py] - INFO: 用例标题：验证密码为空请求失败
[2022-05-05 01:18:57,245] - logger.py] - INFO: 接口请求成功
[2022-05-05 01:18:57,246] - logger.py] - INFO: 接口返回状态断言成功，状态码为200
[2022-05-05 01:18:57,246] - logger.py] - INFO: 响应体msg信息断言成功
[2022-05-05 01:18:57,247] - logger.py] - INFO: 响应体状态码断言成功，状态码为400
[2022-05-05 01:18:57,248] - logger.py] - INFO: 验证密码为空请求失败成功
[2022-05-05 01:18:57,248] - logger.py] - INFO: 登录接口用例执行结束
[2022-05-05 01:18:57,249] - logger.py] - INFO: -------------------------------------------
[2022-05-05 01:18:57,249] - logger.py] - INFO: 登录接口用例开始执行
[2022-05-05 01:18:57,250] - logger.py] - INFO: 用例标题：验证密码错误请求失败
[2022-05-05 01:18:57,267] - logger.py] - INFO: 接口请求成功
[2022-05-05 01:18:57,268] - logger.py] - INFO: 接口返回状态断言成功，状态码为200
[2022-05-05 01:18:57,268] - logger.py] - INFO: 响应体msg信息断言成功
[2022-05-05 01:18:57,269] - logger.py] - INFO: 响应体状态码断言成功，状态码为400
[2022-05-05 01:18:57,269] - logger.py] - INFO: 验证密码错误请求失败成功
[2022-05-05 01:18:57,269] - logger.py] - INFO: 登录接口用例执行结束
[2022-05-05 01:18:57,269] - logger.py] - INFO: -------------------------------------------
[2022-05-05 01:18:57,270] - logger.py] - INFO: 登录接口用例开始执行
[2022-05-05 01:18:57,270] - logger.py] - INFO: 用例标题：验证登录接口请求成功
[2022-05-05 01:18:57,286] - logger.py] - INFO: 接口请求成功
[2022-05-05 01:18:57,286] - logger.py] - INFO: 接口返回状态断言成功，状态码为200
[2022-05-05 01:18:57,287] - logger.py] - INFO: 响应体msg信息断言成功
[2022-05-05 01:18:57,287] - logger.py] - INFO: 响应体状态码断言成功，状态码为200
[2022-05-05 01:18:57,287] - logger.py] - INFO: 验证接口登录成功
[2022-05-05 01:18:57,288] - logger.py] - INFO: 登录接口用例执行结束
[2022-05-05 01:18:57,288] - logger.py] - INFO: -------------------------------------------
[2022-05-05 01:18:57,288] - logger.py] - INFO: 登录接口用例开始执行
[2022-05-05 01:18:57,289] - logger.py] - INFO: 用例标题：验证用户名为空请求失败
[2022-05-05 01:18:57,301] - logger.py] - INFO: 接口请求成功
[2022-05-05 01:18:57,302] - logger.py] - INFO: 接口返回状态断言成功，状态码为200
[2022-05-05 01:18:57,302] - logger.py] - INFO: 响应体msg信息断言成功
[2022-05-05 01:18:57,302] - logger.py] - INFO: 响应体状态码断言成功，状态码为400
[2022-05-05 01:18:57,303] - logger.py] - INFO: 验证用户名为空请求失败成功
[2022-05-05 01:18:57,303] - logger.py] - INFO: 登录接口用例执行结束
[2022-05-05 01:18:57,303] - logger.py] - INFO: -------------------------------------------
[2022-05-05 01:18:57,304] - logger.py] - INFO: 登录接口用例开始执行
[2022-05-05 01:18:57,304] - logger.py] - INFO: 用例标题：验证用户名错误请求失败
[2022-05-05 01:18:57,319] - logger.py] - INFO: 接口请求成功
[2022-05-05 01:18:57,319] - logger.py] - INFO: 接口返回状态断言成功，状态码为200
[2022-05-05 01:18:57,320] - logger.py] - INFO: 响应体msg信息断言成功
[2022-05-05 01:18:57,320] - logger.py] - INFO: 响应体状态码断言成功，状态码为400
[2022-05-05 01:18:57,320] - logger.py] - INFO: 验证用户名错误请求失败成功
[2022-05-05 01:18:57,320] - logger.py] - INFO: 登录接口用例执行结束
[2022-05-05 01:18:57,321] - logger.py] - INFO: -------------------------------------------
[2022-05-05 01:22:56,540] - logger.py] - INFO: 登录接口用例开始执行
[2022-05-05 01:22:56,540] - logger.py] - INFO: 用例标题：验证密码为空请求失败
[2022-05-05 01:22:56,584] - logger.py] - INFO: 接口请求成功
[2022-05-05 01:22:56,584] - logger.py] - INFO: 接口返回状态断言成功，状态码为200
[2022-05-05 01:22:56,584] - logger.py] - INFO: 响应体msg信息断言成功
[2022-05-05 01:22:56,585] - logger.py] - INFO: 响应体状态码断言成功，状态码为400
[2022-05-05 01:22:56,585] - logger.py] - INFO: 验证密码为空请求失败成功
[2022-05-05 01:22:56,585] - logger.py] - INFO: 登录接口用例执行结束
[2022-05-05 01:22:56,586] - logger.py] - INFO: -------------------------------------------
[2022-05-05 01:22:56,586] - logger.py] - INFO: 登录接口用例开始执行
[2022-05-05 01:22:56,586] - logger.py] - INFO: 用例标题：验证密码错误请求失败
[2022-05-05 01:22:56,606] - logger.py] - INFO: 接口请求成功
[2022-05-05 01:22:56,606] - logger.py] - INFO: 接口返回状态断言成功，状态码为200
[2022-05-05 01:22:56,607] - logger.py] - INFO: 响应体msg信息断言成功
[2022-05-05 01:22:56,607] - logger.py] - INFO: 响应体状态码断言成功，状态码为400
[2022-05-05 01:22:56,607] - logger.py] - INFO: 验证密码错误请求失败成功
[2022-05-05 01:22:56,608] - logger.py] - INFO: 登录接口用例执行结束
[2022-05-05 01:22:56,608] - logger.py] - INFO: -------------------------------------------
[2022-05-05 01:22:56,608] - logger.py] - INFO: 登录接口用例开始执行
[2022-05-05 01:22:56,609] - logger.py] - INFO: 用例标题：验证登录接口请求成功
[2022-05-05 01:22:56,627] - logger.py] - INFO: 接口请求成功
[2022-05-05 01:22:56,627] - logger.py] - INFO: 接口返回状态断言成功，状态码为200
[2022-05-05 01:22:56,628] - logger.py] - INFO: 响应体msg信息断言成功
[2022-05-05 01:22:56,628] - logger.py] - INFO: 响应体状态码断言成功，状态码为200
[2022-05-05 01:22:56,628] - logger.py] - INFO: 验证接口登录成功
[2022-05-05 01:22:56,628] - logger.py] - INFO: 登录接口用例执行结束
[2022-05-05 01:22:56,629] - logger.py] - INFO: -------------------------------------------
[2022-05-05 01:22:56,629] - logger.py] - INFO: 登录接口用例开始执行
[2022-05-05 01:22:56,629] - logger.py] - INFO: 用例标题：验证用户名为空请求失败
[2022-05-05 01:22:56,641] - logger.py] - INFO: 接口请求成功
[2022-05-05 01:22:56,641] - logger.py] - INFO: 接口返回状态断言成功，状态码为200
[2022-05-05 01:22:56,641] - logger.py] - INFO: 响应体msg信息断言成功
[2022-05-05 01:22:56,642] - logger.py] - INFO: 响应体状态码断言成功，状态码为400
[2022-05-05 01:22:56,642] - logger.py] - INFO: 验证用户名为空请求失败成功
[2022-05-05 01:22:56,642] - logger.py] - INFO: 登录接口用例执行结束
[2022-05-05 01:22:56,643] - logger.py] - INFO: -------------------------------------------
[2022-05-05 01:22:56,643] - logger.py] - INFO: 登录接口用例开始执行
[2022-05-05 01:22:56,643] - logger.py] - INFO: 用例标题：验证用户名错误请求失败
[2022-05-05 01:22:56,675] - logger.py] - INFO: 接口请求成功
[2022-05-05 01:22:56,675] - logger.py] - INFO: 接口返回状态断言成功，状态码为200
[2022-05-05 01:22:56,675] - logger.py] - INFO: 响应体msg信息断言成功
[2022-05-05 01:22:56,676] - logger.py] - INFO: 响应体状态码断言成功，状态码为400
[2022-05-05 01:22:56,676] - logger.py] - INFO: 验证用户名错误请求失败成功
[2022-05-05 01:22:56,676] - logger.py] - INFO: 登录接口用例执行结束
[2022-05-05 01:22:56,677] - logger.py] - INFO: -------------------------------------------
[2022-05-05 01:23:15,301] - logger.py] - INFO: 登录接口用例开始执行
[2022-05-05 01:23:15,301] - logger.py] - INFO: 用例标题：验证密码为空请求失败
[2022-05-05 01:23:15,341] - logger.py] - INFO: 接口请求成功
[2022-05-05 01:23:15,342] - logger.py] - INFO: 接口返回状态断言成功，状态码为200
[2022-05-05 01:23:15,342] - logger.py] - INFO: 响应体msg信息断言成功
[2022-05-05 01:23:15,342] - logger.py] - INFO: 响应体状态码断言成功，状态码为400
[2022-05-05 01:23:15,343] - logger.py] - INFO: 验证密码为空请求失败成功
[2022-05-05 01:23:15,343] - logger.py] - INFO: 登录接口用例执行结束
[2022-05-05 01:23:15,343] - logger.py] - INFO: -------------------------------------------
[2022-05-05 01:23:15,344] - logger.py] - INFO: 登录接口用例开始执行
[2022-05-05 01:23:15,344] - logger.py] - INFO: 用例标题：验证密码错误请求失败
[2022-05-05 01:23:15,359] - logger.py] - INFO: 接口请求成功
[2022-05-05 01:23:15,360] - logger.py] - INFO: 接口返回状态断言成功，状态码为200
[2022-05-05 01:23:15,360] - logger.py] - INFO: 响应体msg信息断言成功
[2022-05-05 01:23:15,361] - logger.py] - INFO: 响应体状态码断言成功，状态码为400
[2022-05-05 01:23:15,362] - logger.py] - INFO: 验证密码错误请求失败成功
[2022-05-05 01:23:15,362] - logger.py] - INFO: 登录接口用例执行结束
[2022-05-05 01:23:15,362] - logger.py] - INFO: -------------------------------------------
[2022-05-05 01:23:15,363] - logger.py] - INFO: 登录接口用例开始执行
[2022-05-05 01:23:15,363] - logger.py] - INFO: 用例标题：验证登录接口请求成功
[2022-05-05 01:23:15,380] - logger.py] - INFO: 接口请求成功
[2022-05-05 01:23:15,380] - logger.py] - INFO: 接口返回状态断言成功，状态码为200
[2022-05-05 01:23:15,380] - logger.py] - INFO: 响应体msg信息断言成功
[2022-05-05 01:23:15,381] - logger.py] - INFO: 响应体状态码断言成功，状态码为200
[2022-05-05 01:23:15,381] - logger.py] - INFO: 验证接口登录成功
[2022-05-05 01:23:15,381] - logger.py] - INFO: 登录接口用例执行结束
[2022-05-05 01:23:15,382] - logger.py] - INFO: -------------------------------------------
[2022-05-05 01:23:15,382] - logger.py] - INFO: 登录接口用例开始执行
[2022-05-05 01:23:15,382] - logger.py] - INFO: 用例标题：验证用户名为空请求失败
[2022-05-05 01:23:15,394] - logger.py] - INFO: 接口请求成功
[2022-05-05 01:23:15,395] - logger.py] - INFO: 接口返回状态断言成功，状态码为200
[2022-05-05 01:23:15,395] - logger.py] - INFO: 响应体msg信息断言成功
[2022-05-05 01:23:15,395] - logger.py] - INFO: 响应体状态码断言成功，状态码为400
[2022-05-05 01:23:15,396] - logger.py] - INFO: 验证用户名为空请求失败成功
[2022-05-05 01:23:15,396] - logger.py] - INFO: 登录接口用例执行结束
[2022-05-05 01:23:15,396] - logger.py] - INFO: -------------------------------------------
[2022-05-05 01:23:15,397] - logger.py] - INFO: 登录接口用例开始执行
[2022-05-05 01:23:15,397] - logger.py] - INFO: 用例标题：验证用户名错误请求失败
[2022-05-05 01:23:15,414] - logger.py] - INFO: 接口请求成功
[2022-05-05 01:23:15,414] - logger.py] - INFO: 接口返回状态断言成功，状态码为200
[2022-05-05 01:23:15,415] - logger.py] - INFO: 响应体msg信息断言成功
[2022-05-05 01:23:15,415] - logger.py] - INFO: 响应体状态码断言成功，状态码为400
[2022-05-05 01:23:15,415] - logger.py] - INFO: 验证用户名错误请求失败成功
[2022-05-05 01:23:15,416] - logger.py] - INFO: 登录接口用例执行结束
[2022-05-05 01:23:15,416] - logger.py] - INFO: -------------------------------------------
[2022-05-05 01:24:41,115] - logger.py] - INFO: 登录接口用例开始执行
[2022-05-05 01:24:41,116] - logger.py] - INFO: 用例标题：验证密码为空请求失败
[2022-05-05 01:24:41,154] - logger.py] - INFO: 接口请求成功
[2022-05-05 01:24:41,155] - logger.py] - INFO: 接口返回状态断言成功，状态码为200
[2022-05-05 01:24:41,155] - logger.py] - INFO: 响应体msg信息断言成功
[2022-05-05 01:24:41,155] - logger.py] - INFO: 响应体状态码断言成功，状态码为400
[2022-05-05 01:24:41,156] - logger.py] - INFO: 验证密码为空请求失败成功
[2022-05-05 01:24:41,156] - logger.py] - INFO: 登录接口用例执行结束
[2022-05-05 01:24:41,156] - logger.py] - INFO: -------------------------------------------
[2022-05-05 01:24:41,157] - logger.py] - INFO: 登录接口用例开始执行
[2022-05-05 01:24:41,157] - logger.py] - INFO: 用例标题：验证密码错误请求失败
[2022-05-05 01:24:41,176] - logger.py] - INFO: 接口请求成功
[2022-05-05 01:24:41,176] - logger.py] - INFO: 接口返回状态断言成功，状态码为200
[2022-05-05 01:24:41,176] - logger.py] - INFO: 响应体msg信息断言成功
[2022-05-05 01:24:41,177] - logger.py] - INFO: 响应体状态码断言成功，状态码为400
[2022-05-05 01:24:41,177] - logger.py] - INFO: 验证密码错误请求失败成功
[2022-05-05 01:24:41,177] - logger.py] - INFO: 登录接口用例执行结束
[2022-05-05 01:24:41,178] - logger.py] - INFO: -------------------------------------------
[2022-05-05 01:24:41,178] - logger.py] - INFO: 登录接口用例开始执行
[2022-05-05 01:24:41,178] - logger.py] - INFO: 用例标题：验证登录接口请求成功
[2022-05-05 01:24:41,200] - logger.py] - INFO: 接口请求成功
[2022-05-05 01:24:41,201] - logger.py] - INFO: 接口返回状态断言成功，状态码为200
[2022-05-05 01:24:41,201] - logger.py] - INFO: 响应体msg信息断言成功
[2022-05-05 01:24:41,201] - logger.py] - INFO: 响应体状态码断言成功，状态码为200
[2022-05-05 01:24:41,202] - logger.py] - INFO: 验证接口登录成功
[2022-05-05 01:24:41,202] - logger.py] - INFO: 登录接口用例执行结束
[2022-05-05 01:24:41,202] - logger.py] - INFO: -------------------------------------------
[2022-05-05 01:24:41,203] - logger.py] - INFO: 登录接口用例开始执行
[2022-05-05 01:24:41,203] - logger.py] - INFO: 用例标题：验证用户名为空请求失败
[2022-05-05 01:24:41,215] - logger.py] - INFO: 接口请求成功
[2022-05-05 01:24:41,216] - logger.py] - INFO: 接口返回状态断言成功，状态码为200
[2022-05-05 01:24:41,217] - logger.py] - INFO: 响应体msg信息断言成功
[2022-05-05 01:24:41,217] - logger.py] - INFO: 响应体状态码断言成功，状态码为400
[2022-05-05 01:24:41,217] - logger.py] - INFO: 验证用户名为空请求失败成功
[2022-05-05 01:24:41,218] - logger.py] - INFO: 登录接口用例执行结束
[2022-05-05 01:24:41,218] - logger.py] - INFO: -------------------------------------------
[2022-05-05 01:24:41,219] - logger.py] - INFO: 登录接口用例开始执行
[2022-05-05 01:24:41,219] - logger.py] - INFO: 用例标题：验证用户名错误请求失败
[2022-05-05 01:24:41,234] - logger.py] - INFO: 接口请求成功
[2022-05-05 01:24:41,235] - logger.py] - INFO: 接口返回状态断言成功，状态码为200
[2022-05-05 01:24:41,235] - logger.py] - INFO: 响应体msg信息断言成功
[2022-05-05 01:24:41,236] - logger.py] - INFO: 响应体状态码断言成功，状态码为400
[2022-05-05 01:24:41,236] - logger.py] - INFO: 验证用户名错误请求失败成功
[2022-05-05 01:24:41,236] - logger.py] - INFO: 登录接口用例执行结束
[2022-05-05 01:24:41,236] - logger.py] - INFO: -------------------------------------------
[2022-05-05 01:25:33,474] - logger.py] - INFO: 登录接口用例开始执行
[2022-05-05 01:25:33,475] - logger.py] - INFO: 用例标题：验证密码为空请求失败
[2022-05-05 01:25:33,512] - logger.py] - INFO: 接口请求成功
[2022-05-05 01:25:33,512] - logger.py] - INFO: 接口返回状态断言成功，状态码为200
[2022-05-05 01:25:33,513] - logger.py] - INFO: 响应体msg信息断言成功
[2022-05-05 01:25:33,513] - logger.py] - INFO: 响应体状态码断言成功，状态码为400
[2022-05-05 01:25:33,513] - logger.py] - INFO: 验证密码为空请求失败成功
[2022-05-05 01:25:33,514] - logger.py] - INFO: 登录接口用例执行结束
[2022-05-05 01:25:33,514] - logger.py] - INFO: -------------------------------------------
[2022-05-05 01:25:33,515] - logger.py] - INFO: 登录接口用例开始执行
[2022-05-05 01:25:33,515] - logger.py] - INFO: 用例标题：验证密码错误请求失败
[2022-05-05 01:25:33,533] - logger.py] - INFO: 接口请求成功
[2022-05-05 01:25:33,534] - logger.py] - INFO: 接口返回状态断言成功，状态码为200
[2022-05-05 01:25:33,534] - logger.py] - INFO: 响应体msg信息断言成功
[2022-05-05 01:25:33,534] - logger.py] - INFO: 响应体状态码断言成功，状态码为400
[2022-05-05 01:25:33,535] - logger.py] - INFO: 验证密码错误请求失败成功
[2022-05-05 01:25:33,535] - logger.py] - INFO: 登录接口用例执行结束
[2022-05-05 01:25:33,535] - logger.py] - INFO: -------------------------------------------
[2022-05-05 01:25:33,536] - logger.py] - INFO: 登录接口用例开始执行
[2022-05-05 01:25:33,536] - logger.py] - INFO: 用例标题：验证登录接口请求成功
[2022-05-05 01:25:33,566] - logger.py] - INFO: 接口请求成功
[2022-05-05 01:25:33,566] - logger.py] - INFO: 接口返回状态断言成功，状态码为200
[2022-05-05 01:25:33,566] - logger.py] - INFO: 响应体msg信息断言成功
[2022-05-05 01:25:33,567] - logger.py] - INFO: 响应体状态码断言成功，状态码为200
[2022-05-05 01:25:33,567] - logger.py] - INFO: 验证接口登录成功
[2022-05-05 01:25:33,567] - logger.py] - INFO: 登录接口用例执行结束
[2022-05-05 01:25:33,568] - logger.py] - INFO: -------------------------------------------
[2022-05-05 01:25:33,568] - logger.py] - INFO: 登录接口用例开始执行
[2022-05-05 01:25:33,568] - logger.py] - INFO: 用例标题：验证用户名为空请求失败
[2022-05-05 01:25:33,590] - logger.py] - INFO: 接口请求成功
[2022-05-05 01:25:33,590] - logger.py] - INFO: 接口返回状态断言成功，状态码为200
[2022-05-05 01:25:33,590] - logger.py] - INFO: 响应体msg信息断言成功
[2022-05-05 01:25:33,591] - logger.py] - INFO: 响应体状态码断言成功，状态码为400
[2022-05-05 01:25:33,591] - logger.py] - INFO: 验证用户名为空请求失败成功
[2022-05-05 01:25:33,591] - logger.py] - INFO: 登录接口用例执行结束
[2022-05-05 01:25:33,592] - logger.py] - INFO: -------------------------------------------
[2022-05-05 01:25:33,592] - logger.py] - INFO: 登录接口用例开始执行
[2022-05-05 01:25:33,592] - logger.py] - INFO: 用例标题：验证用户名错误请求失败
[2022-05-05 01:25:33,620] - logger.py] - INFO: 接口请求成功
[2022-05-05 01:25:33,620] - logger.py] - INFO: 接口返回状态断言成功，状态码为200
[2022-05-05 01:25:33,620] - logger.py] - INFO: 响应体msg信息断言成功
[2022-05-05 01:25:33,621] - logger.py] - INFO: 响应体状态码断言成功，状态码为400
[2022-05-05 01:25:33,621] - logger.py] - INFO: 验证用户名错误请求失败成功
[2022-05-05 01:25:33,621] - logger.py] - INFO: 登录接口用例执行结束
[2022-05-05 01:25:33,622] - logger.py] - INFO: -------------------------------------------
[2022-05-05 01:26:58,038] - logger.py] - INFO: 登录接口用例开始执行
[2022-05-05 01:26:58,038] - logger.py] - INFO: 用例标题：验证密码为空请求失败
[2022-05-05 01:26:58,083] - logger.py] - INFO: 接口请求成功
[2022-05-05 01:26:58,083] - logger.py] - INFO: 接口返回状态断言成功，状态码为200
[2022-05-05 01:26:58,084] - logger.py] - INFO: 响应体msg信息断言成功
[2022-05-05 01:26:58,084] - logger.py] - INFO: 响应体状态码断言成功，状态码为400
[2022-05-05 01:26:58,085] - logger.py] - INFO: 验证密码为空请求失败成功
[2022-05-05 01:26:58,085] - logger.py] - INFO: 登录接口用例执行结束
[2022-05-05 01:26:58,085] - logger.py] - INFO: -------------------------------------------
[2022-05-05 01:26:58,086] - logger.py] - INFO: 登录接口用例开始执行
[2022-05-05 01:26:58,086] - logger.py] - INFO: 用例标题：验证密码错误请求失败
[2022-05-05 01:26:58,104] - logger.py] - INFO: 接口请求成功
[2022-05-05 01:26:58,104] - logger.py] - INFO: 接口返回状态断言成功，状态码为200
[2022-05-05 01:26:58,105] - logger.py] - INFO: 响应体msg信息断言成功
[2022-05-05 01:26:58,105] - logger.py] - INFO: 响应体状态码断言成功，状态码为400
[2022-05-05 01:26:58,106] - logger.py] - INFO: 验证密码错误请求失败成功
[2022-05-05 01:26:58,106] - logger.py] - INFO: 登录接口用例执行结束
[2022-05-05 01:26:58,106] - logger.py] - INFO: -------------------------------------------
[2022-05-05 01:26:58,107] - logger.py] - INFO: 登录接口用例开始执行
[2022-05-05 01:26:58,107] - logger.py] - INFO: 用例标题：验证登录接口请求成功
[2022-05-05 01:26:58,121] - logger.py] - INFO: 接口请求成功
[2022-05-05 01:26:58,121] - logger.py] - INFO: 接口返回状态断言成功，状态码为200
[2022-05-05 01:26:58,122] - logger.py] - INFO: 响应体msg信息断言成功
[2022-05-05 01:26:58,122] - logger.py] - INFO: 响应体状态码断言成功，状态码为200
[2022-05-05 01:26:58,122] - logger.py] - INFO: 验证接口登录成功
[2022-05-05 01:26:58,123] - logger.py] - INFO: 登录接口用例执行结束
[2022-05-05 01:26:58,123] - logger.py] - INFO: -------------------------------------------
[2022-05-05 01:26:58,124] - logger.py] - INFO: 登录接口用例开始执行
[2022-05-05 01:26:58,124] - logger.py] - INFO: 用例标题：验证用户名为空请求失败
[2022-05-05 01:26:58,137] - logger.py] - INFO: 接口请求成功
[2022-05-05 01:26:58,138] - logger.py] - INFO: 接口返回状态断言成功，状态码为200
[2022-05-05 01:26:58,138] - logger.py] - INFO: 响应体msg信息断言成功
[2022-05-05 01:26:58,138] - logger.py] - INFO: 响应体状态码断言成功，状态码为400
[2022-05-05 01:26:58,139] - logger.py] - INFO: 验证用户名为空请求失败成功
[2022-05-05 01:26:58,139] - logger.py] - INFO: 登录接口用例执行结束
[2022-05-05 01:26:58,139] - logger.py] - INFO: -------------------------------------------
[2022-05-05 01:26:58,140] - logger.py] - INFO: 登录接口用例开始执行
[2022-05-05 01:26:58,140] - logger.py] - INFO: 用例标题：验证用户名错误请求失败
[2022-05-05 01:26:58,153] - logger.py] - INFO: 接口请求成功
[2022-05-05 01:26:58,153] - logger.py] - INFO: 接口返回状态断言成功，状态码为200
[2022-05-05 01:26:58,154] - logger.py] - INFO: 响应体msg信息断言成功
[2022-05-05 01:26:58,154] - logger.py] - INFO: 响应体状态码断言成功，状态码为400
[2022-05-05 01:26:58,155] - logger.py] - INFO: 验证用户名错误请求失败成功
[2022-05-05 01:26:58,155] - logger.py] - INFO: 登录接口用例执行结束
[2022-05-05 01:26:58,155] - logger.py] - INFO: -------------------------------------------
[2022-05-05 01:39:49,039] - logger.py] - INFO: 登录接口用例开始执行
[2022-05-05 01:39:49,040] - logger.py] - INFO: 用例标题：验证密码为空请求失败
[2022-05-05 01:39:49,083] - logger.py] - INFO: 接口请求成功
[2022-05-05 01:39:49,083] - logger.py] - INFO: 接口返回状态断言成功，状态码为200
[2022-05-05 01:39:49,083] - logger.py] - INFO: 响应体msg信息断言成功
[2022-05-05 01:39:49,084] - logger.py] - INFO: 响应体状态码断言成功，状态码为400
[2022-05-05 01:39:49,084] - logger.py] - INFO: 验证密码为空请求失败成功
[2022-05-05 01:39:49,084] - logger.py] - INFO: 登录接口用例执行结束
[2022-05-05 01:39:49,085] - logger.py] - INFO: -------------------------------------------
[2022-05-05 01:39:49,085] - logger.py] - INFO: 登录接口用例开始执行
[2022-05-05 01:39:49,085] - logger.py] - INFO: 用例标题：验证密码错误请求失败
[2022-05-05 01:39:49,111] - logger.py] - INFO: 接口请求成功
[2022-05-05 01:39:49,111] - logger.py] - INFO: 接口返回状态断言成功，状态码为200
[2022-05-05 01:39:49,112] - logger.py] - INFO: 响应体msg信息断言成功
[2022-05-05 01:39:49,112] - logger.py] - INFO: 响应体状态码断言成功，状态码为400
[2022-05-05 01:39:49,112] - logger.py] - INFO: 验证密码错误请求失败成功
[2022-05-05 01:39:49,113] - logger.py] - INFO: 登录接口用例执行结束
[2022-05-05 01:39:49,113] - logger.py] - INFO: -------------------------------------------
[2022-05-05 01:39:49,113] - logger.py] - INFO: 登录接口用例开始执行
[2022-05-05 01:39:49,114] - logger.py] - INFO: 用例标题：验证登录接口请求成功
[2022-05-05 01:39:49,129] - logger.py] - INFO: 接口请求成功
[2022-05-05 01:39:49,129] - logger.py] - INFO: 接口返回状态断言成功，状态码为200
[2022-05-05 01:39:49,129] - logger.py] - INFO: 响应体msg信息断言成功
[2022-05-05 01:39:49,130] - logger.py] - INFO: 响应体状态码断言成功，状态码为200
[2022-05-05 01:39:49,130] - logger.py] - INFO: 验证接口登录成功
[2022-05-05 01:39:49,130] - logger.py] - INFO: 登录接口用例执行结束
[2022-05-05 01:39:49,131] - logger.py] - INFO: -------------------------------------------
[2022-05-05 01:39:49,131] - logger.py] - INFO: 登录接口用例开始执行
[2022-05-05 01:39:49,131] - logger.py] - INFO: 用例标题：验证用户名为空请求失败
[2022-05-05 01:39:49,143] - logger.py] - INFO: 接口请求成功
[2022-05-05 01:39:49,143] - logger.py] - INFO: 接口返回状态断言成功，状态码为200
[2022-05-05 01:39:49,144] - logger.py] - INFO: 响应体msg信息断言成功
[2022-05-05 01:39:49,144] - logger.py] - INFO: 响应体状态码断言成功，状态码为400
[2022-05-05 01:39:49,144] - logger.py] - INFO: 验证用户名为空请求失败成功
[2022-05-05 01:39:49,145] - logger.py] - INFO: 登录接口用例执行结束
[2022-05-05 01:39:49,145] - logger.py] - INFO: -------------------------------------------
[2022-05-05 01:39:49,145] - logger.py] - INFO: 登录接口用例开始执行
[2022-05-05 01:39:49,146] - logger.py] - INFO: 用例标题：验证用户名错误请求失败
[2022-05-05 01:39:49,160] - logger.py] - INFO: 接口请求成功
[2022-05-05 01:39:49,160] - logger.py] - INFO: 接口返回状态断言成功，状态码为200
[2022-05-05 01:39:49,160] - logger.py] - INFO: 响应体msg信息断言成功
[2022-05-05 01:39:49,161] - logger.py] - INFO: 响应体状态码断言成功，状态码为400
[2022-05-05 01:39:49,161] - logger.py] - INFO: 验证用户名错误请求失败成功
[2022-05-05 01:39:49,161] - logger.py] - INFO: 登录接口用例执行结束
[2022-05-05 01:39:49,162] - logger.py] - INFO: -------------------------------------------
[2022-05-05 20:01:27,829] - logger.py] - INFO: 登录接口用例开始执行
[2022-05-05 20:01:27,829] - logger.py] - INFO: 用例标题：验证密码为空请求失败
[2022-05-05 20:01:27,829] - logger.py] - INFO: 登录接口用例执行结束
[2022-05-05 20:01:27,829] - logger.py] - INFO: -------------------------------------------
[2022-05-05 20:01:27,829] - logger.py] - INFO: 登录接口用例开始执行
[2022-05-05 20:01:27,829] - logger.py] - INFO: 用例标题：验证密码错误请求失败
[2022-05-05 20:01:27,829] - logger.py] - INFO: 登录接口用例执行结束
[2022-05-05 20:01:27,829] - logger.py] - INFO: -------------------------------------------
[2022-05-05 20:01:27,829] - logger.py] - INFO: 登录接口用例开始执行
[2022-05-05 20:01:27,829] - logger.py] - INFO: 用例标题：验证登录接口请求成功
[2022-05-05 20:01:27,829] - logger.py] - INFO: 登录接口用例执行结束
[2022-05-05 20:01:27,829] - logger.py] - INFO: -------------------------------------------
[2022-05-05 20:01:27,839] - logger.py] - INFO: 登录接口用例开始执行
[2022-05-05 20:01:27,839] - logger.py] - INFO: 用例标题：验证用户名为空请求失败
[2022-05-05 20:01:27,839] - logger.py] - INFO: 登录接口用例执行结束
[2022-05-05 20:01:27,839] - logger.py] - INFO: -------------------------------------------
[2022-05-05 20:01:27,839] - logger.py] - INFO: 登录接口用例开始执行
[2022-05-05 20:01:27,839] - logger.py] - INFO: 用例标题：验证用户名错误请求失败
[2022-05-05 20:01:27,839] - logger.py] - INFO: 登录接口用例执行结束
[2022-05-05 20:01:27,839] - logger.py] - INFO: -------------------------------------------
[2022-05-05 20:02:32,199] - logger.py] - INFO: 登录接口用例开始执行
[2022-05-05 20:02:32,199] - logger.py] - INFO: 用例标题：验证密码为空请求失败
[2022-05-05 20:02:32,249] - logger.py] - INFO: 接口请求成功
[2022-05-05 20:02:32,249] - logger.py] - INFO: 接口返回状态断言成功，状态码为200
[2022-05-05 20:02:32,249] - logger.py] - INFO: 响应体msg信息断言成功
[2022-05-05 20:02:32,249] - logger.py] - INFO: 响应体状态码断言成功，状态码为400
[2022-05-05 20:02:32,249] - logger.py] - INFO: 验证密码为空请求失败成功
[2022-05-05 20:02:32,249] - logger.py] - INFO: 登录接口用例执行结束
[2022-05-05 20:02:32,249] - logger.py] - INFO: -------------------------------------------
[2022-05-05 20:02:32,249] - logger.py] - INFO: 登录接口用例开始执行
[2022-05-05 20:02:32,249] - logger.py] - INFO: 用例标题：验证密码错误请求失败
[2022-05-05 20:02:32,289] - logger.py] - INFO: 接口请求成功
[2022-05-05 20:02:32,289] - logger.py] - INFO: 接口返回状态断言成功，状态码为200
[2022-05-05 20:02:32,289] - logger.py] - INFO: 响应体msg信息断言成功
[2022-05-05 20:02:32,294] - logger.py] - INFO: 响应体状态码断言成功，状态码为400
[2022-05-05 20:02:32,294] - logger.py] - INFO: 验证密码错误请求失败成功
[2022-05-05 20:02:32,294] - logger.py] - INFO: 登录接口用例执行结束
[2022-05-05 20:02:32,294] - logger.py] - INFO: -------------------------------------------
[2022-05-05 20:02:32,294] - logger.py] - INFO: 登录接口用例开始执行
[2022-05-05 20:02:32,294] - logger.py] - INFO: 用例标题：验证登录接口请求成功
[2022-05-05 20:02:32,308] - logger.py] - INFO: 接口请求成功
[2022-05-05 20:02:32,308] - logger.py] - INFO: 接口返回状态断言成功，状态码为200
[2022-05-05 20:02:32,308] - logger.py] - INFO: 响应体msg信息断言成功
[2022-05-05 20:02:32,308] - logger.py] - INFO: 响应体状态码断言成功，状态码为200
[2022-05-05 20:02:32,308] - logger.py] - INFO: 验证接口登录成功
[2022-05-05 20:02:32,308] - logger.py] - INFO: 登录接口用例执行结束
[2022-05-05 20:02:32,308] - logger.py] - INFO: -------------------------------------------
[2022-05-05 20:02:32,308] - logger.py] - INFO: 登录接口用例开始执行
[2022-05-05 20:02:32,308] - logger.py] - INFO: 用例标题：验证用户名为空请求失败
[2022-05-05 20:02:32,329] - logger.py] - INFO: 接口请求成功
[2022-05-05 20:02:32,329] - logger.py] - INFO: 接口返回状态断言成功，状态码为200
[2022-05-05 20:02:32,329] - logger.py] - INFO: 响应体msg信息断言成功
[2022-05-05 20:02:32,329] - logger.py] - INFO: 响应体状态码断言成功，状态码为400
[2022-05-05 20:02:32,329] - logger.py] - INFO: 验证用户名为空请求失败成功
[2022-05-05 20:02:32,329] - logger.py] - INFO: 登录接口用例执行结束
[2022-05-05 20:02:32,329] - logger.py] - INFO: -------------------------------------------
[2022-05-05 20:02:32,329] - logger.py] - INFO: 登录接口用例开始执行
[2022-05-05 20:02:32,329] - logger.py] - INFO: 用例标题：验证用户名错误请求失败
[2022-05-05 20:02:32,349] - logger.py] - INFO: 接口请求成功
[2022-05-05 20:02:32,349] - logger.py] - INFO: 接口返回状态断言成功，状态码为200
[2022-05-05 20:02:32,349] - logger.py] - INFO: 响应体msg信息断言成功
[2022-05-05 20:02:32,349] - logger.py] - INFO: 响应体状态码断言成功，状态码为400
[2022-05-05 20:02:32,349] - logger.py] - INFO: 验证用户名错误请求失败成功
[2022-05-05 20:02:32,349] - logger.py] - INFO: 登录接口用例执行结束
[2022-05-05 20:02:32,349] - logger.py] - INFO: -------------------------------------------
[2022-05-05 20:07:05,973] - logger.py] - INFO: 登录接口用例开始执行
[2022-05-05 20:07:05,973] - logger.py] - INFO: 用例标题：验证密码为空请求失败
[2022-05-05 20:07:06,021] - logger.py] - INFO: 接口请求成功
[2022-05-05 20:07:06,023] - logger.py] - INFO: 接口返回状态断言成功，状态码为200
[2022-05-05 20:07:06,023] - logger.py] - INFO: 响应体msg信息断言成功
[2022-05-05 20:07:06,023] - logger.py] - INFO: 响应体状态码断言成功，状态码为400
[2022-05-05 20:07:06,023] - logger.py] - INFO: 验证密码为空请求失败成功
[2022-05-05 20:07:06,023] - logger.py] - INFO: 登录接口用例执行结束
[2022-05-05 20:07:06,023] - logger.py] - INFO: -------------------------------------------
[2022-05-05 20:07:06,023] - logger.py] - INFO: 登录接口用例开始执行
[2022-05-05 20:07:06,023] - logger.py] - INFO: 用例标题：验证密码错误请求失败
[2022-05-05 20:07:06,043] - logger.py] - INFO: 接口请求成功
[2022-05-05 20:07:06,043] - logger.py] - INFO: 接口返回状态断言成功，状态码为200
[2022-05-05 20:07:06,043] - logger.py] - INFO: 响应体msg信息断言成功
[2022-05-05 20:07:06,043] - logger.py] - INFO: 响应体状态码断言成功，状态码为400
[2022-05-05 20:07:06,043] - logger.py] - INFO: 验证密码错误请求失败成功
[2022-05-05 20:07:06,043] - logger.py] - INFO: 登录接口用例执行结束
[2022-05-05 20:07:06,043] - logger.py] - INFO: -------------------------------------------
[2022-05-05 20:07:06,043] - logger.py] - INFO: 登录接口用例开始执行
[2022-05-05 20:07:06,043] - logger.py] - INFO: 用例标题：验证登录接口请求成功
[2022-05-05 20:07:06,074] - logger.py] - INFO: 接口请求成功
[2022-05-05 20:07:06,074] - logger.py] - INFO: 接口返回状态断言成功，状态码为200
[2022-05-05 20:07:06,074] - logger.py] - INFO: 响应体msg信息断言成功
[2022-05-05 20:07:06,074] - logger.py] - INFO: 响应体状态码断言成功，状态码为200
[2022-05-05 20:07:06,074] - logger.py] - INFO: 验证接口登录成功
[2022-05-05 20:07:06,074] - logger.py] - INFO: 登录接口用例执行结束
[2022-05-05 20:07:06,074] - logger.py] - INFO: -------------------------------------------
[2022-05-05 20:07:06,074] - logger.py] - INFO: 登录接口用例开始执行
[2022-05-05 20:07:06,074] - logger.py] - INFO: 用例标题：验证用户名为空请求失败
[2022-05-05 20:07:06,092] - logger.py] - INFO: 接口请求成功
[2022-05-05 20:07:06,092] - logger.py] - INFO: 接口返回状态断言成功，状态码为200
[2022-05-05 20:07:06,094] - logger.py] - INFO: 响应体msg信息断言成功
[2022-05-05 20:07:06,094] - logger.py] - INFO: 响应体状态码断言成功，状态码为400
[2022-05-05 20:07:06,094] - logger.py] - INFO: 验证用户名为空请求失败成功
[2022-05-05 20:07:06,094] - logger.py] - INFO: 登录接口用例执行结束
[2022-05-05 20:07:06,094] - logger.py] - INFO: -------------------------------------------
[2022-05-05 20:07:06,094] - logger.py] - INFO: 登录接口用例开始执行
[2022-05-05 20:07:06,094] - logger.py] - INFO: 用例标题：验证用户名错误请求失败
[2022-05-05 20:07:06,112] - logger.py] - INFO: 接口请求成功
[2022-05-05 20:07:06,112] - logger.py] - INFO: 接口返回状态断言成功，状态码为200
[2022-05-05 20:07:06,113] - logger.py] - INFO: 响应体msg信息断言成功
[2022-05-05 20:07:06,113] - logger.py] - INFO: 响应体状态码断言成功，状态码为400
[2022-05-05 20:07:06,113] - logger.py] - INFO: 验证用户名错误请求失败成功
[2022-05-05 20:07:06,113] - logger.py] - INFO: 登录接口用例执行结束
[2022-05-05 20:07:06,113] - logger.py] - INFO: -------------------------------------------
[2022-05-05 20:28:49,588] - logger.py] - INFO: 登录接口用例开始执行
[2022-05-05 20:28:49,588] - logger.py] - INFO: 用例标题：验证密码为空请求失败
[2022-05-05 20:28:49,628] - logger.py] - INFO: 接口请求成功
[2022-05-05 20:28:49,628] - logger.py] - INFO: 接口返回状态断言成功，状态码为200
[2022-05-05 20:28:49,628] - logger.py] - INFO: 响应体msg信息断言成功
[2022-05-05 20:28:49,628] - logger.py] - INFO: 响应体状态码断言成功，状态码为400
[2022-05-05 20:28:49,628] - logger.py] - INFO: 验证密码为空请求失败成功
[2022-05-05 20:28:49,638] - logger.py] - INFO: 登录接口用例执行结束
[2022-05-05 20:28:49,638] - logger.py] - INFO: -------------------------------------------
[2022-05-05 20:28:49,638] - logger.py] - INFO: 登录接口用例开始执行
[2022-05-05 20:28:49,638] - logger.py] - INFO: 用例标题：验证密码错误请求失败
[2022-05-05 20:28:49,668] - logger.py] - INFO: 接口请求成功
[2022-05-05 20:28:49,668] - logger.py] - INFO: 接口返回状态断言成功，状态码为200
[2022-05-05 20:28:49,668] - logger.py] - INFO: 响应体msg信息断言成功
[2022-05-05 20:28:49,668] - logger.py] - INFO: 响应体状态码断言成功，状态码为400
[2022-05-05 20:28:49,668] - logger.py] - INFO: 验证密码错误请求失败成功
[2022-05-05 20:28:49,668] - logger.py] - INFO: 登录接口用例执行结束
[2022-05-05 20:28:49,668] - logger.py] - INFO: -------------------------------------------
[2022-05-05 20:28:49,668] - logger.py] - INFO: 登录接口用例开始执行
[2022-05-05 20:28:49,668] - logger.py] - INFO: 用例标题：验证登录接口请求成功
[2022-05-05 20:28:49,688] - logger.py] - INFO: 接口请求成功
[2022-05-05 20:28:49,688] - logger.py] - INFO: 接口返回状态断言成功，状态码为200
[2022-05-05 20:28:49,688] - logger.py] - INFO: 响应体msg信息断言成功
[2022-05-05 20:28:49,688] - logger.py] - INFO: 响应体状态码断言成功，状态码为200
[2022-05-05 20:28:49,688] - logger.py] - INFO: 验证接口登录成功
[2022-05-05 20:28:49,688] - logger.py] - INFO: 登录接口用例执行结束
[2022-05-05 20:28:49,688] - logger.py] - INFO: -------------------------------------------
[2022-05-05 20:28:49,688] - logger.py] - INFO: 登录接口用例开始执行
[2022-05-05 20:28:49,688] - logger.py] - INFO: 用例标题：验证用户名为空请求失败
[2022-05-05 20:28:49,698] - logger.py] - INFO: 接口请求成功
[2022-05-05 20:28:49,698] - logger.py] - INFO: 接口返回状态断言成功，状态码为200
[2022-05-05 20:28:49,698] - logger.py] - INFO: 响应体msg信息断言成功
[2022-05-05 20:28:49,698] - logger.py] - INFO: 响应体状态码断言成功，状态码为400
[2022-05-05 20:28:49,698] - logger.py] - INFO: 验证用户名为空请求失败成功
[2022-05-05 20:28:49,698] - logger.py] - INFO: 登录接口用例执行结束
[2022-05-05 20:28:49,698] - logger.py] - INFO: -------------------------------------------
[2022-05-05 20:28:49,708] - logger.py] - INFO: 登录接口用例开始执行
[2022-05-05 20:28:49,708] - logger.py] - INFO: 用例标题：验证用户名错误请求失败
[2022-05-05 20:28:49,718] - logger.py] - INFO: 接口请求成功
[2022-05-05 20:28:49,718] - logger.py] - INFO: 接口返回状态断言成功，状态码为200
[2022-05-05 20:28:49,718] - logger.py] - INFO: 响应体msg信息断言成功
[2022-05-05 20:28:49,718] - logger.py] - INFO: 响应体状态码断言成功，状态码为400
[2022-05-05 20:28:49,718] - logger.py] - INFO: 验证用户名错误请求失败成功
[2022-05-05 20:28:49,718] - logger.py] - INFO: 登录接口用例执行结束
[2022-05-05 20:28:49,718] - logger.py] - INFO: -------------------------------------------
[2022-05-05 20:30:38,219] - logger.py] - INFO: 登录接口用例开始执行
[2022-05-05 20:30:38,219] - logger.py] - INFO: 用例标题：验证密码为空请求失败
[2022-05-05 20:30:38,259] - logger.py] - INFO: 接口请求成功
[2022-05-05 20:30:38,259] - logger.py] - INFO: 接口返回状态断言成功，状态码为200
[2022-05-05 20:30:38,259] - logger.py] - INFO: 响应体msg信息断言成功
[2022-05-05 20:30:38,259] - logger.py] - INFO: 响应体状态码断言成功，状态码为400
[2022-05-05 20:30:38,259] - logger.py] - INFO: 验证密码为空请求失败成功
[2022-05-05 20:30:38,259] - logger.py] - INFO: 登录接口用例执行结束
[2022-05-05 20:30:38,259] - logger.py] - INFO: -------------------------------------------
[2022-05-05 20:30:38,259] - logger.py] - INFO: 登录接口用例开始执行
[2022-05-05 20:30:38,259] - logger.py] - INFO: 用例标题：验证密码错误请求失败
[2022-05-05 20:30:38,289] - logger.py] - INFO: 接口请求成功
[2022-05-05 20:30:38,289] - logger.py] - INFO: 接口返回状态断言成功，状态码为200
[2022-05-05 20:30:38,289] - logger.py] - INFO: 响应体msg信息断言成功
[2022-05-05 20:30:38,289] - logger.py] - INFO: 响应体状态码断言成功，状态码为400
[2022-05-05 20:30:38,289] - logger.py] - INFO: 验证密码错误请求失败成功
[2022-05-05 20:30:38,289] - logger.py] - INFO: 登录接口用例执行结束
[2022-05-05 20:30:38,289] - logger.py] - INFO: -------------------------------------------
[2022-05-05 20:30:38,289] - logger.py] - INFO: 登录接口用例开始执行
[2022-05-05 20:30:38,289] - logger.py] - INFO: 用例标题：验证登录接口请求成功
[2022-05-05 20:30:38,299] - logger.py] - INFO: 接口请求成功
[2022-05-05 20:30:38,299] - logger.py] - INFO: 接口返回状态断言成功，状态码为200
[2022-05-05 20:30:38,299] - logger.py] - INFO: 响应体msg信息断言成功
[2022-05-05 20:30:38,309] - logger.py] - INFO: 响应体状态码断言成功，状态码为200
[2022-05-05 20:30:38,309] - logger.py] - INFO: 验证接口登录成功
[2022-05-05 20:30:38,309] - logger.py] - INFO: 登录接口用例执行结束
[2022-05-05 20:30:38,309] - logger.py] - INFO: -------------------------------------------
[2022-05-05 20:30:38,309] - logger.py] - INFO: 登录接口用例开始执行
[2022-05-05 20:30:38,309] - logger.py] - INFO: 用例标题：验证用户名为空请求失败
[2022-05-05 20:30:38,319] - logger.py] - INFO: 接口请求成功
[2022-05-05 20:30:38,319] - logger.py] - INFO: 接口返回状态断言成功，状态码为200
[2022-05-05 20:30:38,319] - logger.py] - INFO: 响应体msg信息断言成功
[2022-05-05 20:30:38,319] - logger.py] - INFO: 响应体状态码断言成功，状态码为400
[2022-05-05 20:30:38,319] - logger.py] - INFO: 验证用户名为空请求失败成功
[2022-05-05 20:30:38,319] - logger.py] - INFO: 登录接口用例执行结束
[2022-05-05 20:30:38,319] - logger.py] - INFO: -------------------------------------------
[2022-05-05 20:30:38,319] - logger.py] - INFO: 登录接口用例开始执行
[2022-05-05 20:30:38,319] - logger.py] - INFO: 用例标题：验证用户名错误请求失败
[2022-05-05 20:30:38,339] - logger.py] - INFO: 接口请求成功
[2022-05-05 20:30:38,339] - logger.py] - INFO: 接口返回状态断言成功，状态码为200
[2022-05-05 20:30:38,339] - logger.py] - INFO: 响应体msg信息断言成功
[2022-05-05 20:30:38,339] - logger.py] - INFO: 响应体状态码断言成功，状态码为400
[2022-05-05 20:30:38,339] - logger.py] - INFO: 验证用户名错误请求失败成功
[2022-05-05 20:30:38,339] - logger.py] - INFO: 登录接口用例执行结束
[2022-05-05 20:30:38,339] - logger.py] - INFO: -------------------------------------------
[2022-05-05 20:30:44,830] - logger.py] - INFO: 登录接口用例开始执行
[2022-05-05 20:30:44,830] - logger.py] - INFO: 用例标题：验证密码为空请求失败
[2022-05-05 20:30:44,909] - logger.py] - INFO: 接口请求成功
[2022-05-05 20:30:44,909] - logger.py] - INFO: 接口返回状态断言成功，状态码为200
[2022-05-05 20:30:44,909] - logger.py] - INFO: 响应体msg信息断言成功
[2022-05-05 20:30:44,909] - logger.py] - INFO: 响应体状态码断言成功，状态码为400
[2022-05-05 20:30:44,909] - logger.py] - INFO: 验证密码为空请求失败成功
[2022-05-05 20:30:44,909] - logger.py] - INFO: 登录接口用例执行结束
[2022-05-05 20:30:44,909] - logger.py] - INFO: -------------------------------------------
[2022-05-05 20:30:44,909] - logger.py] - INFO: 登录接口用例开始执行
[2022-05-05 20:30:44,909] - logger.py] - INFO: 用例标题：验证密码错误请求失败
[2022-05-05 20:30:44,939] - logger.py] - INFO: 接口请求成功
[2022-05-05 20:30:44,939] - logger.py] - INFO: 接口返回状态断言成功，状态码为200
[2022-05-05 20:30:44,945] - logger.py] - INFO: 响应体msg信息断言成功
[2022-05-05 20:30:44,945] - logger.py] - INFO: 响应体状态码断言成功，状态码为400
[2022-05-05 20:30:44,945] - logger.py] - INFO: 验证密码错误请求失败成功
[2022-05-05 20:30:44,945] - logger.py] - INFO: 登录接口用例执行结束
[2022-05-05 20:30:44,945] - logger.py] - INFO: -------------------------------------------
[2022-05-05 20:30:44,945] - logger.py] - INFO: 登录接口用例开始执行
[2022-05-05 20:30:44,945] - logger.py] - INFO: 用例标题：验证登录接口请求成功
[2022-05-05 20:30:44,976] - logger.py] - INFO: 接口请求成功
[2022-05-05 20:30:44,976] - logger.py] - INFO: 接口返回状态断言成功，状态码为200
[2022-05-05 20:30:44,976] - logger.py] - INFO: 响应体msg信息断言成功
[2022-05-05 20:30:44,976] - logger.py] - INFO: 响应体状态码断言成功，状态码为200
[2022-05-05 20:30:44,976] - logger.py] - INFO: 验证接口登录成功
[2022-05-05 20:30:44,976] - logger.py] - INFO: 登录接口用例执行结束
[2022-05-05 20:30:44,976] - logger.py] - INFO: -------------------------------------------
[2022-05-05 20:30:44,976] - logger.py] - INFO: 登录接口用例开始执行
[2022-05-05 20:30:44,982] - logger.py] - INFO: 用例标题：验证用户名为空请求失败
[2022-05-05 20:30:45,000] - logger.py] - INFO: 接口请求成功
[2022-05-05 20:30:45,000] - logger.py] - INFO: 接口返回状态断言成功，状态码为200
[2022-05-05 20:30:45,000] - logger.py] - INFO: 响应体msg信息断言成功
[2022-05-05 20:30:45,000] - logger.py] - INFO: 响应体状态码断言成功，状态码为400
[2022-05-05 20:30:45,006] - logger.py] - INFO: 验证用户名为空请求失败成功
[2022-05-05 20:30:45,006] - logger.py] - INFO: 登录接口用例执行结束
[2022-05-05 20:30:45,006] - logger.py] - INFO: -------------------------------------------
[2022-05-05 20:30:45,006] - logger.py] - INFO: 登录接口用例开始执行
[2022-05-05 20:30:45,006] - logger.py] - INFO: 用例标题：验证用户名错误请求失败
[2022-05-05 20:30:45,042] - logger.py] - INFO: 接口请求成功
[2022-05-05 20:30:45,042] - logger.py] - INFO: 接口返回状态断言成功，状态码为200
[2022-05-05 20:30:45,042] - logger.py] - INFO: 响应体msg信息断言成功
[2022-05-05 20:30:45,048] - logger.py] - INFO: 响应体状态码断言成功，状态码为400
[2022-05-05 20:30:45,048] - logger.py] - INFO: 验证用户名错误请求失败成功
[2022-05-05 20:30:45,048] - logger.py] - INFO: 登录接口用例执行结束
[2022-05-05 20:30:45,048] - logger.py] - INFO: -------------------------------------------
[2022-05-05 20:31:10,859] - logger.py] - INFO: 登录接口用例开始执行
[2022-05-05 20:31:10,859] - logger.py] - INFO: 用例标题：验证密码为空请求失败
[2022-05-05 20:31:10,888] - logger.py] - INFO: 接口请求成功
[2022-05-05 20:31:10,888] - logger.py] - INFO: 接口返回状态断言成功，状态码为200
[2022-05-05 20:31:10,888] - logger.py] - INFO: 响应体msg信息断言成功
[2022-05-05 20:31:10,888] - logger.py] - INFO: 响应体状态码断言成功，状态码为400
[2022-05-05 20:31:10,888] - logger.py] - INFO: 验证密码为空请求失败成功
[2022-05-05 20:31:10,888] - logger.py] - INFO: 登录接口用例执行结束
[2022-05-05 20:31:10,888] - logger.py] - INFO: -------------------------------------------
[2022-05-05 20:31:10,898] - logger.py] - INFO: 登录接口用例开始执行
[2022-05-05 20:31:10,898] - logger.py] - INFO: 用例标题：验证密码错误请求失败
[2022-05-05 20:31:10,928] - logger.py] - INFO: 接口请求成功
[2022-05-05 20:31:10,928] - logger.py] - INFO: 接口返回状态断言成功，状态码为200
[2022-05-05 20:31:10,928] - logger.py] - INFO: 响应体msg信息断言成功
[2022-05-05 20:31:10,928] - logger.py] - INFO: 响应体状态码断言成功，状态码为400
[2022-05-05 20:31:10,928] - logger.py] - INFO: 验证密码错误请求失败成功
[2022-05-05 20:31:10,928] - logger.py] - INFO: 登录接口用例执行结束
[2022-05-05 20:31:10,928] - logger.py] - INFO: -------------------------------------------
[2022-05-05 20:31:10,928] - logger.py] - INFO: 登录接口用例开始执行
[2022-05-05 20:31:10,928] - logger.py] - INFO: 用例标题：验证登录接口请求成功
[2022-05-05 20:31:10,957] - logger.py] - INFO: 接口请求成功
[2022-05-05 20:31:10,957] - logger.py] - INFO: 接口返回状态断言成功，状态码为200
[2022-05-05 20:31:10,957] - logger.py] - INFO: 响应体msg信息断言成功
[2022-05-05 20:31:10,957] - logger.py] - INFO: 响应体状态码断言成功，状态码为200
[2022-05-05 20:31:10,957] - logger.py] - INFO: 验证接口登录成功
[2022-05-05 20:31:10,957] - logger.py] - INFO: 登录接口用例执行结束
[2022-05-05 20:31:10,957] - logger.py] - INFO: -------------------------------------------
[2022-05-05 20:31:10,957] - logger.py] - INFO: 登录接口用例开始执行
[2022-05-05 20:31:10,957] - logger.py] - INFO: 用例标题：验证用户名为空请求失败
[2022-05-05 20:31:10,977] - logger.py] - INFO: 接口请求成功
[2022-05-05 20:31:10,977] - logger.py] - INFO: 接口返回状态断言成功，状态码为200
[2022-05-05 20:31:10,977] - logger.py] - INFO: 响应体msg信息断言成功
[2022-05-05 20:31:10,977] - logger.py] - INFO: 响应体状态码断言成功，状态码为400
[2022-05-05 20:31:10,977] - logger.py] - INFO: 验证用户名为空请求失败成功
[2022-05-05 20:31:10,977] - logger.py] - INFO: 登录接口用例执行结束
[2022-05-05 20:31:10,977] - logger.py] - INFO: -------------------------------------------
[2022-05-05 20:31:10,977] - logger.py] - INFO: 登录接口用例开始执行
[2022-05-05 20:31:10,977] - logger.py] - INFO: 用例标题：验证用户名错误请求失败
[2022-05-05 20:31:10,996] - logger.py] - INFO: 接口请求成功
[2022-05-05 20:31:10,996] - logger.py] - INFO: 接口返回状态断言成功，状态码为200
[2022-05-05 20:31:10,996] - logger.py] - INFO: 响应体msg信息断言成功
[2022-05-05 20:31:10,996] - logger.py] - INFO: 响应体状态码断言成功，状态码为400
[2022-05-05 20:31:10,996] - logger.py] - INFO: 验证用户名错误请求失败成功
[2022-05-05 20:31:10,996] - logger.py] - INFO: 登录接口用例执行结束
[2022-05-05 20:31:10,996] - logger.py] - INFO: -------------------------------------------
[2022-05-05 20:34:16,359] - logger.py] - INFO: 登录接口用例开始执行
[2022-05-05 20:34:16,359] - logger.py] - INFO: 用例标题：验证密码为空请求失败
[2022-05-05 20:34:16,399] - logger.py] - INFO: 接口请求成功
[2022-05-05 20:34:16,399] - logger.py] - INFO: 接口返回状态断言成功，状态码为200
[2022-05-05 20:34:16,399] - logger.py] - INFO: 响应体msg信息断言成功
[2022-05-05 20:34:16,399] - logger.py] - INFO: 响应体状态码断言成功，状态码为400
[2022-05-05 20:34:16,399] - logger.py] - INFO: 验证密码为空请求失败成功
[2022-05-05 20:34:16,399] - logger.py] - INFO: 登录接口用例执行结束
[2022-05-05 20:34:16,399] - logger.py] - INFO: -------------------------------------------
[2022-05-05 20:34:16,399] - logger.py] - INFO: 登录接口用例开始执行
[2022-05-05 20:34:16,399] - logger.py] - INFO: 用例标题：验证密码错误请求失败
[2022-05-05 20:34:16,419] - logger.py] - INFO: 接口请求成功
[2022-05-05 20:34:16,419] - logger.py] - INFO: 接口返回状态断言成功，状态码为200
[2022-05-05 20:34:16,419] - logger.py] - INFO: 响应体msg信息断言成功
[2022-05-05 20:34:16,419] - logger.py] - INFO: 响应体状态码断言成功，状态码为400
[2022-05-05 20:34:16,419] - logger.py] - INFO: 验证密码错误请求失败成功
[2022-05-05 20:34:16,419] - logger.py] - INFO: 登录接口用例执行结束
[2022-05-05 20:34:16,419] - logger.py] - INFO: -------------------------------------------
[2022-05-05 20:34:16,419] - logger.py] - INFO: 登录接口用例开始执行
[2022-05-05 20:34:16,419] - logger.py] - INFO: 用例标题：验证登录接口请求成功
[2022-05-05 20:34:16,439] - logger.py] - INFO: 接口请求成功
[2022-05-05 20:34:16,439] - logger.py] - INFO: 接口返回状态断言成功，状态码为200
[2022-05-05 20:34:16,439] - logger.py] - INFO: 响应体msg信息断言成功
[2022-05-05 20:34:16,439] - logger.py] - INFO: 响应体状态码断言成功，状态码为200
[2022-05-05 20:34:16,439] - logger.py] - INFO: 验证接口登录成功
[2022-05-05 20:34:16,439] - logger.py] - INFO: 登录接口用例执行结束
[2022-05-05 20:34:16,439] - logger.py] - INFO: -------------------------------------------
[2022-05-05 20:34:16,439] - logger.py] - INFO: 登录接口用例开始执行
[2022-05-05 20:34:16,439] - logger.py] - INFO: 用例标题：验证用户名为空请求失败
[2022-05-05 20:34:16,449] - logger.py] - INFO: 接口请求成功
[2022-05-05 20:34:16,449] - logger.py] - INFO: 接口返回状态断言成功，状态码为200
[2022-05-05 20:34:16,449] - logger.py] - INFO: 响应体msg信息断言成功
[2022-05-05 20:34:16,449] - logger.py] - INFO: 响应体状态码断言成功，状态码为400
[2022-05-05 20:34:16,449] - logger.py] - INFO: 验证用户名为空请求失败成功
[2022-05-05 20:34:16,449] - logger.py] - INFO: 登录接口用例执行结束
[2022-05-05 20:34:16,449] - logger.py] - INFO: -------------------------------------------
[2022-05-05 20:34:16,449] - logger.py] - INFO: 登录接口用例开始执行
[2022-05-05 20:34:16,449] - logger.py] - INFO: 用例标题：验证用户名错误请求失败
[2022-05-05 20:34:16,469] - logger.py] - INFO: 接口请求成功
[2022-05-05 20:34:16,469] - logger.py] - INFO: 接口返回状态断言成功，状态码为200
[2022-05-05 20:34:16,469] - logger.py] - INFO: 响应体msg信息断言成功
[2022-05-05 20:34:16,469] - logger.py] - INFO: 响应体状态码断言成功，状态码为400
[2022-05-05 20:34:16,469] - logger.py] - INFO: 验证用户名错误请求失败成功
[2022-05-05 20:34:16,469] - logger.py] - INFO: 登录接口用例执行结束
[2022-05-05 20:34:16,469] - logger.py] - INFO: -------------------------------------------
[2022-05-05 20:34:38,007] - logger.py] - INFO: 登录接口用例开始执行
[2022-05-05 20:34:38,007] - logger.py] - INFO: 用例标题：验证密码为空请求失败
[2022-05-05 20:34:38,041] - logger.py] - INFO: 接口请求成功
[2022-05-05 20:34:38,041] - logger.py] - INFO: 接口返回状态断言成功，状态码为200
[2022-05-05 20:34:38,041] - logger.py] - INFO: 响应体msg信息断言成功
[2022-05-05 20:34:38,041] - logger.py] - INFO: 响应体状态码断言成功，状态码为400
[2022-05-05 20:34:38,041] - logger.py] - INFO: 验证密码为空请求失败成功
[2022-05-05 20:34:38,050] - logger.py] - INFO: 登录接口用例执行结束
[2022-05-05 20:34:38,050] - logger.py] - INFO: -------------------------------------------
[2022-05-05 20:34:38,050] - logger.py] - INFO: 登录接口用例开始执行
[2022-05-05 20:34:38,050] - logger.py] - INFO: 用例标题：验证密码错误请求失败
[2022-05-05 20:34:38,075] - logger.py] - INFO: 接口请求成功
[2022-05-05 20:34:38,075] - logger.py] - INFO: 接口返回状态断言成功，状态码为200
[2022-05-05 20:34:38,075] - logger.py] - INFO: 响应体msg信息断言成功
[2022-05-05 20:34:38,075] - logger.py] - INFO: 响应体状态码断言成功，状态码为400
[2022-05-05 20:34:38,075] - logger.py] - INFO: 验证密码错误请求失败成功
[2022-05-05 20:34:38,075] - logger.py] - INFO: 登录接口用例执行结束
[2022-05-05 20:34:38,075] - logger.py] - INFO: -------------------------------------------
[2022-05-05 20:34:38,075] - logger.py] - INFO: 登录接口用例开始执行
[2022-05-05 20:34:38,075] - logger.py] - INFO: 用例标题：验证登录接口请求成功
[2022-05-05 20:34:38,092] - logger.py] - INFO: 接口请求成功
[2022-05-05 20:34:38,092] - logger.py] - INFO: 接口返回状态断言成功，状态码为200
[2022-05-05 20:34:38,092] - logger.py] - INFO: 响应体msg信息断言成功
[2022-05-05 20:34:38,092] - logger.py] - INFO: 响应体状态码断言成功，状态码为200
[2022-05-05 20:34:38,092] - logger.py] - INFO: 验证接口登录成功
[2022-05-05 20:34:38,101] - logger.py] - INFO: 登录接口用例执行结束
[2022-05-05 20:34:38,101] - logger.py] - INFO: -------------------------------------------
[2022-05-05 20:34:38,101] - logger.py] - INFO: 登录接口用例开始执行
[2022-05-05 20:34:38,101] - logger.py] - INFO: 用例标题：验证用户名为空请求失败
[2022-05-05 20:34:38,110] - logger.py] - INFO: 接口请求成功
[2022-05-05 20:34:38,110] - logger.py] - INFO: 接口返回状态断言成功，状态码为200
[2022-05-05 20:34:38,110] - logger.py] - INFO: 响应体msg信息断言成功
[2022-05-05 20:34:38,110] - logger.py] - INFO: 响应体状态码断言成功，状态码为400
[2022-05-05 20:34:38,110] - logger.py] - INFO: 验证用户名为空请求失败成功
[2022-05-05 20:34:38,110] - logger.py] - INFO: 登录接口用例执行结束
[2022-05-05 20:34:38,110] - logger.py] - INFO: -------------------------------------------
[2022-05-05 20:34:38,110] - logger.py] - INFO: 登录接口用例开始执行
[2022-05-05 20:34:38,110] - logger.py] - INFO: 用例标题：验证用户名错误请求失败
[2022-05-05 20:34:38,127] - logger.py] - INFO: 接口请求成功
[2022-05-05 20:34:38,127] - logger.py] - INFO: 接口返回状态断言成功，状态码为200
[2022-05-05 20:34:38,127] - logger.py] - INFO: 响应体msg信息断言成功
[2022-05-05 20:34:38,127] - logger.py] - INFO: 响应体状态码断言成功，状态码为400
[2022-05-05 20:34:38,127] - logger.py] - INFO: 验证用户名错误请求失败成功
[2022-05-05 20:34:38,127] - logger.py] - INFO: 登录接口用例执行结束
[2022-05-05 20:34:38,127] - logger.py] - INFO: -------------------------------------------
[2022-05-05 20:34:56,244] - logger.py] - INFO: 登录接口用例开始执行
[2022-05-05 20:34:56,244] - logger.py] - INFO: 用例标题：验证密码为空请求失败
[2022-05-05 20:34:56,279] - logger.py] - INFO: 接口请求成功
[2022-05-05 20:34:56,279] - logger.py] - INFO: 接口返回状态断言成功，状态码为200
[2022-05-05 20:34:56,279] - logger.py] - INFO: 响应体msg信息断言成功
[2022-05-05 20:34:56,279] - logger.py] - INFO: 响应体状态码断言成功，状态码为400
[2022-05-05 20:34:56,279] - logger.py] - INFO: 验证密码为空请求失败成功
[2022-05-05 20:34:56,288] - logger.py] - INFO: 登录接口用例执行结束
[2022-05-05 20:34:56,288] - logger.py] - INFO: -------------------------------------------
[2022-05-05 20:34:56,288] - logger.py] - INFO: 登录接口用例开始执行
[2022-05-05 20:34:56,288] - logger.py] - INFO: 用例标题：验证密码错误请求失败
[2022-05-05 20:34:56,306] - logger.py] - INFO: 接口请求成功
[2022-05-05 20:34:56,306] - logger.py] - INFO: 接口返回状态断言成功，状态码为200
[2022-05-05 20:34:56,306] - logger.py] - INFO: 响应体msg信息断言成功
[2022-05-05 20:34:56,306] - logger.py] - INFO: 响应体状态码断言成功，状态码为400
[2022-05-05 20:34:56,306] - logger.py] - INFO: 验证密码错误请求失败成功
[2022-05-05 20:34:56,306] - logger.py] - INFO: 登录接口用例执行结束
[2022-05-05 20:34:56,306] - logger.py] - INFO: -------------------------------------------
[2022-05-05 20:34:56,306] - logger.py] - INFO: 登录接口用例开始执行
[2022-05-05 20:34:56,306] - logger.py] - INFO: 用例标题：验证登录接口请求成功
[2022-05-05 20:34:56,332] - logger.py] - INFO: 接口请求成功
[2022-05-05 20:34:56,332] - logger.py] - INFO: 接口返回状态断言成功，状态码为200
[2022-05-05 20:34:56,332] - logger.py] - INFO: 响应体msg信息断言成功
[2022-05-05 20:34:56,332] - logger.py] - INFO: 响应体状态码断言成功，状态码为200
[2022-05-05 20:34:56,332] - logger.py] - INFO: 验证接口登录成功
[2022-05-05 20:34:56,332] - logger.py] - INFO: 登录接口用例执行结束
[2022-05-05 20:34:56,332] - logger.py] - INFO: -------------------------------------------
[2022-05-05 20:34:56,332] - logger.py] - INFO: 登录接口用例开始执行
[2022-05-05 20:34:56,332] - logger.py] - INFO: 用例标题：验证用户名为空请求失败
[2022-05-05 20:34:56,341] - logger.py] - INFO: 接口请求成功
[2022-05-05 20:34:56,341] - logger.py] - INFO: 接口返回状态断言成功，状态码为200
[2022-05-05 20:34:56,341] - logger.py] - INFO: 响应体msg信息断言成功
[2022-05-05 20:34:56,341] - logger.py] - INFO: 响应体状态码断言成功，状态码为400
[2022-05-05 20:34:56,341] - logger.py] - INFO: 验证用户名为空请求失败成功
[2022-05-05 20:34:56,341] - logger.py] - INFO: 登录接口用例执行结束
[2022-05-05 20:34:56,341] - logger.py] - INFO: -------------------------------------------
[2022-05-05 20:34:56,341] - logger.py] - INFO: 登录接口用例开始执行
[2022-05-05 20:34:56,350] - logger.py] - INFO: 用例标题：验证用户名错误请求失败
[2022-05-05 20:34:56,367] - logger.py] - INFO: 接口请求成功
[2022-05-05 20:34:56,367] - logger.py] - INFO: 接口返回状态断言成功，状态码为200
[2022-05-05 20:34:56,367] - logger.py] - INFO: 响应体msg信息断言成功
[2022-05-05 20:34:56,367] - logger.py] - INFO: 响应体状态码断言成功，状态码为400
[2022-05-05 20:34:56,367] - logger.py] - INFO: 验证用户名错误请求失败成功
[2022-05-05 20:34:56,367] - logger.py] - INFO: 登录接口用例执行结束
[2022-05-05 20:34:56,367] - logger.py] - INFO: -------------------------------------------
[2022-05-05 20:35:47,577] - logger.py] - INFO: 登录接口用例开始执行
[2022-05-05 20:35:47,577] - logger.py] - INFO: 用例标题：验证密码为空请求失败
[2022-05-05 20:35:47,617] - logger.py] - INFO: 接口请求成功
[2022-05-05 20:35:47,617] - logger.py] - INFO: 接口返回状态断言成功，状态码为200
[2022-05-05 20:35:47,617] - logger.py] - INFO: 响应体msg信息断言成功
[2022-05-05 20:35:47,617] - logger.py] - INFO: 响应体状态码断言成功，状态码为400
[2022-05-05 20:35:47,617] - logger.py] - INFO: 验证密码为空请求失败成功
[2022-05-05 20:35:47,617] - logger.py] - INFO: 登录接口用例执行结束
[2022-05-05 20:35:47,617] - logger.py] - INFO: -------------------------------------------
[2022-05-05 20:35:47,617] - logger.py] - INFO: 登录接口用例开始执行
[2022-05-05 20:35:47,617] - logger.py] - INFO: 用例标题：验证密码错误请求失败
[2022-05-05 20:35:47,637] - logger.py] - INFO: 接口请求成功
[2022-05-05 20:35:47,637] - logger.py] - INFO: 接口返回状态断言成功，状态码为200
[2022-05-05 20:35:47,637] - logger.py] - INFO: 响应体msg信息断言成功
[2022-05-05 20:35:47,637] - logger.py] - INFO: 响应体状态码断言成功，状态码为400
[2022-05-05 20:35:47,637] - logger.py] - INFO: 验证密码错误请求失败成功
[2022-05-05 20:35:47,637] - logger.py] - INFO: 登录接口用例执行结束
[2022-05-05 20:35:47,637] - logger.py] - INFO: -------------------------------------------
[2022-05-05 20:35:47,637] - logger.py] - INFO: 登录接口用例开始执行
[2022-05-05 20:35:47,637] - logger.py] - INFO: 用例标题：验证登录接口请求成功
[2022-05-05 20:35:47,647] - logger.py] - INFO: 接口请求成功
[2022-05-05 20:35:47,647] - logger.py] - INFO: 接口返回状态断言成功，状态码为200
[2022-05-05 20:35:47,657] - logger.py] - INFO: 响应体msg信息断言成功
[2022-05-05 20:35:47,657] - logger.py] - INFO: 响应体状态码断言成功，状态码为200
[2022-05-05 20:35:47,657] - logger.py] - INFO: 验证接口登录成功
[2022-05-05 20:35:47,657] - logger.py] - INFO: 登录接口用例执行结束
[2022-05-05 20:35:47,657] - logger.py] - INFO: -------------------------------------------
[2022-05-05 20:35:47,657] - logger.py] - INFO: 登录接口用例开始执行
[2022-05-05 20:35:47,657] - logger.py] - INFO: 用例标题：验证用户名为空请求失败
[2022-05-05 20:35:47,667] - logger.py] - INFO: 接口请求成功
[2022-05-05 20:35:47,667] - logger.py] - INFO: 接口返回状态断言成功，状态码为200
[2022-05-05 20:35:47,667] - logger.py] - INFO: 响应体msg信息断言成功
[2022-05-05 20:35:47,667] - logger.py] - INFO: 响应体状态码断言成功，状态码为400
[2022-05-05 20:35:47,667] - logger.py] - INFO: 验证用户名为空请求失败成功
[2022-05-05 20:35:47,667] - logger.py] - INFO: 登录接口用例执行结束
[2022-05-05 20:35:47,667] - logger.py] - INFO: -------------------------------------------
[2022-05-05 20:35:47,667] - logger.py] - INFO: 登录接口用例开始执行
[2022-05-05 20:35:47,667] - logger.py] - INFO: 用例标题：验证用户名错误请求失败
[2022-05-05 20:35:47,677] - logger.py] - INFO: 接口请求成功
[2022-05-05 20:35:47,677] - logger.py] - INFO: 接口返回状态断言成功，状态码为200
[2022-05-05 20:35:47,677] - logger.py] - INFO: 响应体msg信息断言成功
[2022-05-05 20:35:47,677] - logger.py] - INFO: 响应体状态码断言成功，状态码为400
[2022-05-05 20:35:47,677] - logger.py] - INFO: 验证用户名错误请求失败成功
[2022-05-05 20:35:47,677] - logger.py] - INFO: 登录接口用例执行结束
[2022-05-05 20:35:47,677] - logger.py] - INFO: -------------------------------------------
[2022-05-05 20:36:37,752] - logger.py] - INFO: 登录接口用例开始执行
[2022-05-05 20:36:37,752] - logger.py] - INFO: 用例标题：验证密码为空请求失败
[2022-05-05 20:36:37,782] - logger.py] - INFO: 接口请求成功
[2022-05-05 20:36:37,782] - logger.py] - INFO: 接口返回状态断言成功，状态码为200
[2022-05-05 20:36:37,782] - logger.py] - INFO: 响应体msg信息断言成功
[2022-05-05 20:36:37,782] - logger.py] - INFO: 响应体状态码断言成功，状态码为400
[2022-05-05 20:36:37,782] - logger.py] - INFO: 验证密码为空请求失败成功
[2022-05-05 20:36:37,782] - logger.py] - INFO: 登录接口用例执行结束
[2022-05-05 20:36:37,792] - logger.py] - INFO: -------------------------------------------
[2022-05-05 20:36:37,792] - logger.py] - INFO: 登录接口用例开始执行
[2022-05-05 20:36:37,792] - logger.py] - INFO: 用例标题：验证密码错误请求失败
[2022-05-05 20:36:37,812] - logger.py] - INFO: 接口请求成功
[2022-05-05 20:36:37,812] - logger.py] - INFO: 接口返回状态断言成功，状态码为200
[2022-05-05 20:36:37,812] - logger.py] - INFO: 响应体msg信息断言成功
[2022-05-05 20:36:37,812] - logger.py] - INFO: 响应体状态码断言成功，状态码为400
[2022-05-05 20:36:37,812] - logger.py] - INFO: 验证密码错误请求失败成功
[2022-05-05 20:36:37,812] - logger.py] - INFO: 登录接口用例执行结束
[2022-05-05 20:36:37,812] - logger.py] - INFO: -------------------------------------------
[2022-05-05 20:36:37,812] - logger.py] - INFO: 登录接口用例开始执行
[2022-05-05 20:36:37,812] - logger.py] - INFO: 用例标题：验证登录接口请求成功
[2022-05-05 20:36:37,822] - logger.py] - INFO: 接口请求成功
[2022-05-05 20:36:37,822] - logger.py] - INFO: 接口返回状态断言成功，状态码为200
[2022-05-05 20:36:37,822] - logger.py] - INFO: 响应体msg信息断言成功
[2022-05-05 20:36:37,822] - logger.py] - INFO: 响应体状态码断言成功，状态码为200
[2022-05-05 20:36:37,832] - logger.py] - INFO: 验证接口登录成功
[2022-05-05 20:36:37,832] - logger.py] - INFO: 登录接口用例执行结束
[2022-05-05 20:36:37,832] - logger.py] - INFO: -------------------------------------------
[2022-05-05 20:36:37,832] - logger.py] - INFO: 登录接口用例开始执行
[2022-05-05 20:36:37,832] - logger.py] - INFO: 用例标题：验证用户名为空请求失败
[2022-05-05 20:36:37,842] - logger.py] - INFO: 接口请求成功
[2022-05-05 20:36:37,842] - logger.py] - INFO: 接口返回状态断言成功，状态码为200
[2022-05-05 20:36:37,842] - logger.py] - INFO: 响应体msg信息断言成功
[2022-05-05 20:36:37,842] - logger.py] - INFO: 响应体状态码断言成功，状态码为400
[2022-05-05 20:36:37,842] - logger.py] - INFO: 验证用户名为空请求失败成功
[2022-05-05 20:36:37,842] - logger.py] - INFO: 登录接口用例执行结束
[2022-05-05 20:36:37,842] - logger.py] - INFO: -------------------------------------------
[2022-05-05 20:36:37,842] - logger.py] - INFO: 登录接口用例开始执行
[2022-05-05 20:36:37,842] - logger.py] - INFO: 用例标题：验证用户名错误请求失败
[2022-05-05 20:36:37,852] - logger.py] - INFO: 接口请求成功
[2022-05-05 20:36:37,862] - logger.py] - INFO: 接口返回状态断言成功，状态码为200
[2022-05-05 20:36:37,862] - logger.py] - INFO: 响应体msg信息断言成功
[2022-05-05 20:36:37,862] - logger.py] - INFO: 响应体状态码断言成功，状态码为400
[2022-05-05 20:36:37,862] - logger.py] - INFO: 验证用户名错误请求失败成功
[2022-05-05 20:36:37,862] - logger.py] - INFO: 登录接口用例执行结束
[2022-05-05 20:36:37,862] - logger.py] - INFO: -------------------------------------------
[2022-05-05 20:36:55,574] - logger.py] - INFO: 登录接口用例开始执行
[2022-05-05 20:36:55,574] - logger.py] - INFO: 用例标题：验证密码为空请求失败
[2022-05-05 20:36:55,614] - logger.py] - INFO: 接口请求成功
[2022-05-05 20:36:55,614] - logger.py] - INFO: 接口返回状态断言成功，状态码为200
[2022-05-05 20:36:55,614] - logger.py] - INFO: 响应体msg信息断言成功
[2022-05-05 20:36:55,614] - logger.py] - INFO: 响应体状态码断言成功，状态码为400
[2022-05-05 20:36:55,614] - logger.py] - INFO: 验证密码为空请求失败成功
[2022-05-05 20:36:55,614] - logger.py] - INFO: 登录接口用例执行结束
[2022-05-05 20:36:55,614] - logger.py] - INFO: -------------------------------------------
[2022-05-05 20:36:55,614] - logger.py] - INFO: 登录接口用例开始执行
[2022-05-05 20:36:55,614] - logger.py] - INFO: 用例标题：验证密码错误请求失败
[2022-05-05 20:36:55,634] - logger.py] - INFO: 接口请求成功
[2022-05-05 20:36:55,634] - logger.py] - INFO: 接口返回状态断言成功，状态码为200
[2022-05-05 20:36:55,634] - logger.py] - INFO: 响应体msg信息断言成功
[2022-05-05 20:36:55,634] - logger.py] - INFO: 响应体状态码断言成功，状态码为400
[2022-05-05 20:36:55,634] - logger.py] - INFO: 验证密码错误请求失败成功
[2022-05-05 20:36:55,634] - logger.py] - INFO: 登录接口用例执行结束
[2022-05-05 20:36:55,634] - logger.py] - INFO: -------------------------------------------
[2022-05-05 20:36:55,634] - logger.py] - INFO: 登录接口用例开始执行
[2022-05-05 20:36:55,634] - logger.py] - INFO: 用例标题：验证登录接口请求成功
[2022-05-05 20:36:55,654] - logger.py] - INFO: 接口请求成功
[2022-05-05 20:36:55,654] - logger.py] - INFO: 接口返回状态断言成功，状态码为200
[2022-05-05 20:36:55,654] - logger.py] - INFO: 响应体msg信息断言成功
[2022-05-05 20:36:55,654] - logger.py] - INFO: 响应体状态码断言成功，状态码为200
[2022-05-05 20:36:55,654] - logger.py] - INFO: 验证接口登录成功
[2022-05-05 20:36:55,654] - logger.py] - INFO: 登录接口用例执行结束
[2022-05-05 20:36:55,654] - logger.py] - INFO: -------------------------------------------
[2022-05-05 20:36:55,654] - logger.py] - INFO: 登录接口用例开始执行
[2022-05-05 20:36:55,654] - logger.py] - INFO: 用例标题：验证用户名为空请求失败
[2022-05-05 20:36:55,664] - logger.py] - INFO: 接口请求成功
[2022-05-05 20:36:55,664] - logger.py] - INFO: 接口返回状态断言成功，状态码为200
[2022-05-05 20:36:55,664] - logger.py] - INFO: 响应体msg信息断言成功
[2022-05-05 20:36:55,664] - logger.py] - INFO: 响应体状态码断言成功，状态码为400
[2022-05-05 20:36:55,664] - logger.py] - INFO: 验证用户名为空请求失败成功
[2022-05-05 20:36:55,664] - logger.py] - INFO: 登录接口用例执行结束
[2022-05-05 20:36:55,664] - logger.py] - INFO: -------------------------------------------
[2022-05-05 20:36:55,664] - logger.py] - INFO: 登录接口用例开始执行
[2022-05-05 20:36:55,664] - logger.py] - INFO: 用例标题：验证用户名错误请求失败
[2022-05-05 20:36:55,684] - logger.py] - INFO: 接口请求成功
[2022-05-05 20:36:55,684] - logger.py] - INFO: 接口返回状态断言成功，状态码为200
[2022-05-05 20:36:55,684] - logger.py] - INFO: 响应体msg信息断言成功
[2022-05-05 20:36:55,684] - logger.py] - INFO: 响应体状态码断言成功，状态码为400
[2022-05-05 20:36:55,684] - logger.py] - INFO: 验证用户名错误请求失败成功
[2022-05-05 20:36:55,684] - logger.py] - INFO: 登录接口用例执行结束
[2022-05-05 20:36:55,684] - logger.py] - INFO: -------------------------------------------
[2022-05-05 20:37:35,884] - logger.py] - INFO: 登录接口用例开始执行
[2022-05-05 20:37:35,884] - logger.py] - INFO: 用例标题：验证密码为空请求失败
[2022-05-05 20:37:35,924] - logger.py] - INFO: 接口请求成功
[2022-05-05 20:37:35,924] - logger.py] - INFO: 接口返回状态断言成功，状态码为200
[2022-05-05 20:37:35,924] - logger.py] - INFO: 响应体msg信息断言成功
[2022-05-05 20:37:35,924] - logger.py] - INFO: 响应体状态码断言成功，状态码为400
[2022-05-05 20:37:35,924] - logger.py] - INFO: 验证密码为空请求失败成功
[2022-05-05 20:37:35,924] - logger.py] - INFO: 登录接口用例执行结束
[2022-05-05 20:37:35,924] - logger.py] - INFO: -------------------------------------------
[2022-05-05 20:37:35,924] - logger.py] - INFO: 登录接口用例开始执行
[2022-05-05 20:37:35,924] - logger.py] - INFO: 用例标题：验证密码错误请求失败
[2022-05-05 20:37:35,944] - logger.py] - INFO: 接口请求成功
[2022-05-05 20:37:35,944] - logger.py] - INFO: 接口返回状态断言成功，状态码为200
[2022-05-05 20:37:35,944] - logger.py] - INFO: 响应体msg信息断言成功
[2022-05-05 20:37:35,944] - logger.py] - INFO: 响应体状态码断言成功，状态码为400
[2022-05-05 20:37:35,944] - logger.py] - INFO: 验证密码错误请求失败成功
[2022-05-05 20:37:35,954] - logger.py] - INFO: 登录接口用例执行结束
[2022-05-05 20:37:35,954] - logger.py] - INFO: -------------------------------------------
[2022-05-05 20:37:35,954] - logger.py] - INFO: 登录接口用例开始执行
[2022-05-05 20:37:35,954] - logger.py] - INFO: 用例标题：验证登录接口请求成功
[2022-05-05 20:37:35,964] - logger.py] - INFO: 接口请求成功
[2022-05-05 20:37:35,964] - logger.py] - INFO: 接口返回状态断言成功，状态码为200
[2022-05-05 20:37:35,964] - logger.py] - INFO: 响应体msg信息断言成功
[2022-05-05 20:37:35,964] - logger.py] - INFO: 响应体状态码断言成功，状态码为200
[2022-05-05 20:37:35,964] - logger.py] - INFO: 验证接口登录成功
[2022-05-05 20:37:35,964] - logger.py] - INFO: 登录接口用例执行结束
[2022-05-05 20:37:35,964] - logger.py] - INFO: -------------------------------------------
[2022-05-05 20:37:35,964] - logger.py] - INFO: 登录接口用例开始执行
[2022-05-05 20:37:35,964] - logger.py] - INFO: 用例标题：验证用户名为空请求失败
[2022-05-05 20:37:35,974] - logger.py] - INFO: 接口请求成功
[2022-05-05 20:37:35,974] - logger.py] - INFO: 接口返回状态断言成功，状态码为200
[2022-05-05 20:37:35,974] - logger.py] - INFO: 响应体msg信息断言成功
[2022-05-05 20:37:35,974] - logger.py] - INFO: 响应体状态码断言成功，状态码为400
[2022-05-05 20:37:35,974] - logger.py] - INFO: 验证用户名为空请求失败成功
[2022-05-05 20:37:35,984] - logger.py] - INFO: 登录接口用例执行结束
[2022-05-05 20:37:35,984] - logger.py] - INFO: -------------------------------------------
[2022-05-05 20:37:35,984] - logger.py] - INFO: 登录接口用例开始执行
[2022-05-05 20:37:35,984] - logger.py] - INFO: 用例标题：验证用户名错误请求失败
[2022-05-05 20:37:35,994] - logger.py] - INFO: 接口请求成功
[2022-05-05 20:37:35,994] - logger.py] - INFO: 接口返回状态断言成功，状态码为200
[2022-05-05 20:37:35,994] - logger.py] - INFO: 响应体msg信息断言成功
[2022-05-05 20:37:35,994] - logger.py] - INFO: 响应体状态码断言成功，状态码为400
[2022-05-05 20:37:35,994] - logger.py] - INFO: 验证用户名错误请求失败成功
[2022-05-05 20:37:35,994] - logger.py] - INFO: 登录接口用例执行结束
[2022-05-05 20:37:35,994] - logger.py] - INFO: -------------------------------------------
[2022-05-05 20:38:25,464] - logger.py] - INFO: 登录接口用例开始执行
[2022-05-05 20:38:25,464] - logger.py] - INFO: 用例标题：验证密码为空请求失败
[2022-05-05 20:38:25,504] - logger.py] - INFO: 接口请求成功
[2022-05-05 20:38:25,504] - logger.py] - INFO: 接口返回状态断言成功，状态码为200
[2022-05-05 20:38:25,504] - logger.py] - INFO: 响应体msg信息断言成功
[2022-05-05 20:38:25,504] - logger.py] - INFO: 响应体状态码断言成功，状态码为400
[2022-05-05 20:38:25,504] - logger.py] - INFO: 验证密码为空请求失败成功
[2022-05-05 20:38:25,504] - logger.py] - INFO: 登录接口用例执行结束
[2022-05-05 20:38:25,504] - logger.py] - INFO: -------------------------------------------
[2022-05-05 20:38:25,504] - logger.py] - INFO: 登录接口用例开始执行
[2022-05-05 20:38:25,504] - logger.py] - INFO: 用例标题：验证密码错误请求失败
[2022-05-05 20:38:25,524] - logger.py] - INFO: 接口请求成功
[2022-05-05 20:38:25,524] - logger.py] - INFO: 接口返回状态断言成功，状态码为200
[2022-05-05 20:38:25,524] - logger.py] - INFO: 响应体msg信息断言成功
[2022-05-05 20:38:25,534] - logger.py] - INFO: 响应体状态码断言成功，状态码为400
[2022-05-05 20:38:25,534] - logger.py] - INFO: 验证密码错误请求失败成功
[2022-05-05 20:38:25,534] - logger.py] - INFO: 登录接口用例执行结束
[2022-05-05 20:38:25,534] - logger.py] - INFO: -------------------------------------------
[2022-05-05 20:38:25,534] - logger.py] - INFO: 登录接口用例开始执行
[2022-05-05 20:38:25,534] - logger.py] - INFO: 用例标题：验证登录接口请求成功
[2022-05-05 20:38:25,554] - logger.py] - INFO: 接口请求成功
[2022-05-05 20:38:25,554] - logger.py] - INFO: 接口返回状态断言成功，状态码为200
[2022-05-05 20:38:25,554] - logger.py] - INFO: 响应体msg信息断言成功
[2022-05-05 20:38:25,554] - logger.py] - INFO: 响应体状态码断言成功，状态码为200
[2022-05-05 20:38:25,554] - logger.py] - INFO: 验证接口登录成功
[2022-05-05 20:38:25,554] - logger.py] - INFO: 登录接口用例执行结束
[2022-05-05 20:38:25,554] - logger.py] - INFO: -------------------------------------------
[2022-05-05 20:38:25,554] - logger.py] - INFO: 登录接口用例开始执行
[2022-05-05 20:38:25,554] - logger.py] - INFO: 用例标题：验证用户名为空请求失败
[2022-05-05 20:38:25,564] - logger.py] - INFO: 接口请求成功
[2022-05-05 20:38:25,564] - logger.py] - INFO: 接口返回状态断言成功，状态码为200
[2022-05-05 20:38:25,564] - logger.py] - INFO: 响应体msg信息断言成功
[2022-05-05 20:38:25,564] - logger.py] - INFO: 响应体状态码断言成功，状态码为400
[2022-05-05 20:38:25,564] - logger.py] - INFO: 验证用户名为空请求失败成功
[2022-05-05 20:38:25,564] - logger.py] - INFO: 登录接口用例执行结束
[2022-05-05 20:38:25,564] - logger.py] - INFO: -------------------------------------------
[2022-05-05 20:38:25,564] - logger.py] - INFO: 登录接口用例开始执行
[2022-05-05 20:38:25,564] - logger.py] - INFO: 用例标题：验证用户名错误请求失败
[2022-05-05 20:38:25,574] - logger.py] - INFO: 接口请求成功
[2022-05-05 20:38:25,574] - logger.py] - INFO: 接口返回状态断言成功，状态码为200
[2022-05-05 20:38:25,584] - logger.py] - INFO: 响应体msg信息断言成功
[2022-05-05 20:38:25,584] - logger.py] - INFO: 响应体状态码断言成功，状态码为400
[2022-05-05 20:38:25,584] - logger.py] - INFO: 验证用户名错误请求失败成功
[2022-05-05 20:38:25,584] - logger.py] - INFO: 登录接口用例执行结束
[2022-05-05 20:38:25,584] - logger.py] - INFO: -------------------------------------------
[2022-05-05 21:40:40,120] - logger.py] - INFO: 登录接口用例开始执行
[2022-05-05 21:40:40,120] - logger.py] - INFO: 用例标题：验证密码为空请求失败
[2022-05-05 21:40:40,160] - logger.py] - INFO: 接口请求成功
[2022-05-05 21:40:40,160] - logger.py] - INFO: 接口返回状态断言成功，状态码为200
[2022-05-05 21:40:40,160] - logger.py] - INFO: 响应体msg信息断言成功
[2022-05-05 21:40:40,160] - logger.py] - INFO: 响应体状态码断言成功，状态码为400
[2022-05-05 21:40:40,170] - logger.py] - INFO: 验证密码为空请求失败成功
[2022-05-05 21:40:40,170] - logger.py] - INFO: 登录接口用例执行结束
[2022-05-05 21:40:40,170] - logger.py] - INFO: -------------------------------------------
[2022-05-05 21:40:40,170] - logger.py] - INFO: 登录接口用例开始执行
[2022-05-05 21:40:40,170] - logger.py] - INFO: 用例标题：验证密码错误请求失败
[2022-05-05 21:40:40,190] - logger.py] - INFO: 接口请求成功
[2022-05-05 21:40:40,190] - logger.py] - INFO: 接口返回状态断言成功，状态码为200
[2022-05-05 21:40:40,190] - logger.py] - INFO: 响应体msg信息断言成功
[2022-05-05 21:40:40,190] - logger.py] - INFO: 响应体状态码断言成功，状态码为400
[2022-05-05 21:40:40,200] - logger.py] - INFO: 验证密码错误请求失败成功
[2022-05-05 21:40:40,200] - logger.py] - INFO: 登录接口用例执行结束
[2022-05-05 21:40:40,200] - logger.py] - INFO: -------------------------------------------
[2022-05-05 21:40:40,200] - logger.py] - INFO: 登录接口用例开始执行
[2022-05-05 21:40:40,200] - logger.py] - INFO: 用例标题：验证登录接口请求成功
[2022-05-05 21:40:40,220] - logger.py] - INFO: 接口请求成功
[2022-05-05 21:40:40,220] - logger.py] - INFO: 接口返回状态断言成功，状态码为200
[2022-05-05 21:40:40,220] - logger.py] - INFO: 响应体msg信息断言成功
[2022-05-05 21:40:40,220] - logger.py] - INFO: 响应体状态码断言成功，状态码为200
[2022-05-05 21:40:40,220] - logger.py] - INFO: 验证接口登录成功
[2022-05-05 21:40:40,220] - logger.py] - INFO: 登录接口用例执行结束
[2022-05-05 21:40:40,220] - logger.py] - INFO: -------------------------------------------
[2022-05-05 21:40:40,220] - logger.py] - INFO: 登录接口用例开始执行
[2022-05-05 21:40:40,220] - logger.py] - INFO: 用例标题：验证用户名为空请求失败
[2022-05-05 21:40:40,230] - logger.py] - INFO: 接口请求成功
[2022-05-05 21:40:40,230] - logger.py] - INFO: 接口返回状态断言成功，状态码为200
[2022-05-05 21:40:40,230] - logger.py] - INFO: 响应体msg信息断言成功
[2022-05-05 21:40:40,230] - logger.py] - INFO: 响应体状态码断言成功，状态码为400
[2022-05-05 21:40:40,230] - logger.py] - INFO: 验证用户名为空请求失败成功
[2022-05-05 21:40:40,230] - logger.py] - INFO: 登录接口用例执行结束
[2022-05-05 21:40:40,230] - logger.py] - INFO: -------------------------------------------
[2022-05-05 21:40:40,240] - logger.py] - INFO: 登录接口用例开始执行
[2022-05-05 21:40:40,241] - logger.py] - INFO: 用例标题：验证用户名错误请求失败
[2022-05-05 21:40:40,255] - logger.py] - INFO: 接口请求成功
[2022-05-05 21:40:40,255] - logger.py] - INFO: 接口返回状态断言成功，状态码为200
[2022-05-05 21:40:40,255] - logger.py] - INFO: 响应体msg信息断言成功
[2022-05-05 21:40:40,255] - logger.py] - INFO: 响应体状态码断言成功，状态码为400
[2022-05-05 21:40:40,255] - logger.py] - INFO: 验证用户名错误请求失败成功
[2022-05-05 21:40:40,255] - logger.py] - INFO: 登录接口用例执行结束
[2022-05-05 21:40:40,255] - logger.py] - INFO: -------------------------------------------
